{
  "defectsList" : [ {
    "title" : "Product defects",
    "status" : "FAILED",
    "defects" : [ {
      "uid" : "d6f8c90afc52e824",
      "failure" : {
        "message" : "Failed: No element found using locator: By(css selector, p.heading)",
        "stackTrace" : "NoSuchElementError: No element found using locator: By(css selector, p.heading)\n    at elementArrayFinder.getWebElements.then (/usr/local/lib/node_modules/protractor/lib/element.ts:851:17)\n    at ManagedPromise.invokeCallback_ (/usr/local/lib/node_modules/protractor/node_modules/selenium-webdriver/lib/promise.js:1366:14)\n    at TaskQueue.execute_ (/usr/local/lib/node_modules/protractor/node_modules/selenium-webdriver/lib/promise.js:2970:14)\n    at TaskQueue.executeNext_ (/usr/local/lib/node_modules/protractor/node_modules/selenium-webdriver/lib/promise.js:2953:27)\n    at asyncRun (/usr/local/lib/node_modules/protractor/node_modules/selenium-webdriver/lib/promise.js:2813:27)\n    at /usr/local/lib/node_modules/protractor/node_modules/selenium-webdriver/lib/promise.js:676:7\n    at process._tickCallback (internal/process/next_tick.js:109:7)Error\n    at ElementArrayFinder.applyAction_ (/usr/local/lib/node_modules/protractor/lib/element.ts:482:23)\n    at ElementArrayFinder.(anonymous function).args [as getText] (/usr/local/lib/node_modules/protractor/lib/element.ts:96:21)\n    at ElementFinder.(anonymous function).args [as getText] (/usr/local/lib/node_modules/protractor/lib/element.ts:873:14)\n    at CheckHeading.verifyHeadingText (/Users/zac01/Documents/protractor/myswaastherp/AddStaff/addStaff.js:10:27)\n    at Object.it (/Users/zac01/Documents/protractor/myswaastherp/Specs/signup-success.spec.js:484:22)\n    at /usr/local/lib/node_modules/protractor/node_modules/jasminewd2/index.js:112:25\n    at new ManagedPromise (/usr/local/lib/node_modules/protractor/node_modules/selenium-webdriver/lib/promise.js:1067:7)\n    at ControlFlow.promise (/usr/local/lib/node_modules/protractor/node_modules/selenium-webdriver/lib/promise.js:2396:12)\n    at schedulerExecute (/usr/local/lib/node_modules/protractor/node_modules/jasminewd2/index.js:95:18)\n    at TaskQueue.execute_ (/usr/local/lib/node_modules/protractor/node_modules/selenium-webdriver/lib/promise.js:2970:14)\nFrom: Task: Run it(\"should verify the Add Staff heading text\") in control flow\n    at Object.<anonymous> (/usr/local/lib/node_modules/protractor/node_modules/jasminewd2/index.js:94:19)\n    at attemptAsync (/usr/local/lib/node_modules/protractor/node_modules/jasmine-core/lib/jasmine-core/jasmine.js:3945:24)\n    at QueueRunner.run (/usr/local/lib/node_modules/protractor/node_modules/jasmine-core/lib/jasmine-core/jasmine.js:3884:9)\n    at QueueRunner.execute (/usr/local/lib/node_modules/protractor/node_modules/jasmine-core/lib/jasmine-core/jasmine.js:3872:10)\n    at Spec.queueRunnerFactory (/usr/local/lib/node_modules/protractor/node_modules/jasmine-core/lib/jasmine-core/jasmine.js:816:35)\n    at Spec.execute (/usr/local/lib/node_modules/protractor/node_modules/jasmine-core/lib/jasmine-core/jasmine.js:473:10)\n    at Object.fn (/usr/local/lib/node_modules/protractor/node_modules/jasmine-core/lib/jasmine-core/jasmine.js:4975:37)\n    at attemptAsync (/usr/local/lib/node_modules/protractor/node_modules/jasmine-core/lib/jasmine-core/jasmine.js:3945:24)\n    at QueueRunner.run (/usr/local/lib/node_modules/protractor/node_modules/jasmine-core/lib/jasmine-core/jasmine.js:3884:9)\n    at QueueRunner.execute (/usr/local/lib/node_modules/protractor/node_modules/jasmine-core/lib/jasmine-core/jasmine.js:3872:10)\nFrom asynchronous test: \nError\n    at Suite.describe (/Users/zac01/Documents/protractor/myswaastherp/Specs/signup-success.spec.js:483:5)\n    at addSpecsToSuite (/usr/local/lib/node_modules/protractor/node_modules/jasmine-core/lib/jasmine-core/jasmine.js:994:25)\n    at Env.describe (/usr/local/lib/node_modules/protractor/node_modules/jasmine-core/lib/jasmine-core/jasmine.js:961:7)\n    at describe (/usr/local/lib/node_modules/protractor/node_modules/jasmine-core/lib/jasmine-core/jasmine.js:4031:18)\n    at Object.<anonymous> (/Users/zac01/Documents/protractor/myswaastherp/Specs/signup-success.spec.js:481:1)\n    at Module._compile (module.js:571:32)\n    at Object.Module._extensions..js (module.js:580:10)\n    at Module.load (module.js:488:32)\n    at tryModuleLoad (module.js:447:12)"
      },
      "testCases" : [ {
        "uid" : "58a03c9ffc62db3b",
        "name" : "should verify the Add Staff heading text",
        "title" : "should verify the Add Staff heading text",
        "time" : {
          "start" : 1499014436213,
          "stop" : 1499014436520,
          "duration" : 307
        },
        "severity" : "NORMAL",
        "status" : "FAILED"
      }, {
        "uid" : "19313357d39b597f",
        "name" : "should check the heading text on Time Page",
        "title" : "should check the heading text on Time Page",
        "time" : {
          "start" : 1499014435585,
          "stop" : 1499014435906,
          "duration" : 321
        },
        "severity" : "NORMAL",
        "status" : "FAILED"
      } ]
    }, {
      "uid" : "cf88e2e5377d61ed",
      "failure" : {
        "message" : "Failed: No element found using locator: By(css selector, div.ui-chkbox-box.ui-widget.ui-corner-all.ui-state-default)",
        "stackTrace" : "NoSuchElementError: No element found using locator: By(css selector, div.ui-chkbox-box.ui-widget.ui-corner-all.ui-state-default)\n    at elementArrayFinder.getWebElements.then (/usr/local/lib/node_modules/protractor/lib/element.ts:851:17)\n    at ManagedPromise.invokeCallback_ (/usr/local/lib/node_modules/protractor/node_modules/selenium-webdriver/lib/promise.js:1366:14)\n    at TaskQueue.execute_ (/usr/local/lib/node_modules/protractor/node_modules/selenium-webdriver/lib/promise.js:2970:14)\n    at TaskQueue.executeNext_ (/usr/local/lib/node_modules/protractor/node_modules/selenium-webdriver/lib/promise.js:2953:27)\n    at asyncRun (/usr/local/lib/node_modules/protractor/node_modules/selenium-webdriver/lib/promise.js:2813:27)\n    at /usr/local/lib/node_modules/protractor/node_modules/selenium-webdriver/lib/promise.js:676:7\n    at process._tickCallback (internal/process/next_tick.js:109:7)Error\n    at ElementArrayFinder.applyAction_ (/usr/local/lib/node_modules/protractor/lib/element.ts:482:23)\n    at ElementArrayFinder.(anonymous function).args [as click] (/usr/local/lib/node_modules/protractor/lib/element.ts:96:21)\n    at ElementFinder.(anonymous function).args [as click] (/usr/local/lib/node_modules/protractor/lib/element.ts:873:14)\n    at RegistrationSetUp.setUpDoctors (/Users/zac01/Documents/protractor/myswaastherp/AddStaff/addStaff.js:29:37)\n    at Object.it (/Users/zac01/Documents/protractor/myswaastherp/Specs/signup-success.spec.js:493:23)\n    at /usr/local/lib/node_modules/protractor/node_modules/jasminewd2/index.js:112:25\n    at new ManagedPromise (/usr/local/lib/node_modules/protractor/node_modules/selenium-webdriver/lib/promise.js:1067:7)\n    at ControlFlow.promise (/usr/local/lib/node_modules/protractor/node_modules/selenium-webdriver/lib/promise.js:2396:12)\n    at schedulerExecute (/usr/local/lib/node_modules/protractor/node_modules/jasminewd2/index.js:95:18)\n    at TaskQueue.execute_ (/usr/local/lib/node_modules/protractor/node_modules/selenium-webdriver/lib/promise.js:2970:14)\nFrom: Task: Run it(\"should select whether owner is a doctor or not and then add doctors based on that\") in control flow\n    at Object.<anonymous> (/usr/local/lib/node_modules/protractor/node_modules/jasminewd2/index.js:94:19)\n    at attemptAsync (/usr/local/lib/node_modules/protractor/node_modules/jasmine-core/lib/jasmine-core/jasmine.js:3945:24)\n    at QueueRunner.run (/usr/local/lib/node_modules/protractor/node_modules/jasmine-core/lib/jasmine-core/jasmine.js:3884:9)\n    at QueueRunner.execute (/usr/local/lib/node_modules/protractor/node_modules/jasmine-core/lib/jasmine-core/jasmine.js:3872:10)\n    at Spec.queueRunnerFactory (/usr/local/lib/node_modules/protractor/node_modules/jasmine-core/lib/jasmine-core/jasmine.js:816:35)\n    at Spec.execute (/usr/local/lib/node_modules/protractor/node_modules/jasmine-core/lib/jasmine-core/jasmine.js:473:10)\n    at Object.fn (/usr/local/lib/node_modules/protractor/node_modules/jasmine-core/lib/jasmine-core/jasmine.js:4975:37)\n    at attemptAsync (/usr/local/lib/node_modules/protractor/node_modules/jasmine-core/lib/jasmine-core/jasmine.js:3945:24)\n    at QueueRunner.run (/usr/local/lib/node_modules/protractor/node_modules/jasmine-core/lib/jasmine-core/jasmine.js:3884:9)\n    at QueueRunner.execute (/usr/local/lib/node_modules/protractor/node_modules/jasmine-core/lib/jasmine-core/jasmine.js:3872:10)\nFrom asynchronous test: \nError\n    at Suite.describe (/Users/zac01/Documents/protractor/myswaastherp/Specs/signup-success.spec.js:492:5)\n    at addSpecsToSuite (/usr/local/lib/node_modules/protractor/node_modules/jasmine-core/lib/jasmine-core/jasmine.js:994:25)\n    at Env.describe (/usr/local/lib/node_modules/protractor/node_modules/jasmine-core/lib/jasmine-core/jasmine.js:961:7)\n    at describe (/usr/local/lib/node_modules/protractor/node_modules/jasmine-core/lib/jasmine-core/jasmine.js:4031:18)\n    at Object.<anonymous> (/Users/zac01/Documents/protractor/myswaastherp/Specs/signup-success.spec.js:490:1)\n    at Module._compile (module.js:571:32)\n    at Object.Module._extensions..js (module.js:580:10)\n    at Module.load (module.js:488:32)\n    at tryModuleLoad (module.js:447:12)"
      },
      "testCases" : [ {
        "uid" : "ef453bd7a23685fc",
        "name" : "should select whether owner is a doctor or not and then add doctors based on that",
        "title" : "should select whether owner is a doctor or not and then add doctors based on that",
        "time" : {
          "start" : 1499014436523,
          "stop" : 1499014436866,
          "duration" : 343
        },
        "severity" : "NORMAL",
        "status" : "FAILED"
      } ]
    }, {
      "uid" : "50203b73324216bf",
      "failure" : {
        "message" : "Failed: No element found using locator: By(css selector, [ng-reflect-name=\"mobile\"])",
        "stackTrace" : "NoSuchElementError: No element found using locator: By(css selector, [ng-reflect-name=\"mobile\"])\n    at elementArrayFinder.getWebElements.then (/usr/local/lib/node_modules/protractor/lib/element.ts:851:17)\n    at ManagedPromise.invokeCallback_ (/usr/local/lib/node_modules/protractor/node_modules/selenium-webdriver/lib/promise.js:1366:14)\n    at TaskQueue.execute_ (/usr/local/lib/node_modules/protractor/node_modules/selenium-webdriver/lib/promise.js:2970:14)\n    at TaskQueue.executeNext_ (/usr/local/lib/node_modules/protractor/node_modules/selenium-webdriver/lib/promise.js:2953:27)\n    at asyncRun (/usr/local/lib/node_modules/protractor/node_modules/selenium-webdriver/lib/promise.js:2813:27)\n    at /usr/local/lib/node_modules/protractor/node_modules/selenium-webdriver/lib/promise.js:676:7\n    at process._tickCallback (internal/process/next_tick.js:109:7)Error\n    at ElementArrayFinder.applyAction_ (/usr/local/lib/node_modules/protractor/lib/element.ts:482:23)\n    at ElementArrayFinder.(anonymous function).args [as sendKeys] (/usr/local/lib/node_modules/protractor/lib/element.ts:96:21)\n    at ElementFinder.(anonymous function).args [as sendKeys] (/usr/local/lib/node_modules/protractor/lib/element.ts:873:14)\n    at ClinicDetails.setClinicPhone (/Users/zac01/Documents/protractor/myswaastherp/Clinic_details/clinicdetails.js:52:26)\n    at Object.it (/Users/zac01/Documents/protractor/myswaastherp/Specs/signup-success.spec.js:322:28)\n    at /usr/local/lib/node_modules/protractor/node_modules/jasminewd2/index.js:112:25\n    at new ManagedPromise (/usr/local/lib/node_modules/protractor/node_modules/selenium-webdriver/lib/promise.js:1067:7)\n    at ControlFlow.promise (/usr/local/lib/node_modules/protractor/node_modules/selenium-webdriver/lib/promise.js:2396:12)\n    at schedulerExecute (/usr/local/lib/node_modules/protractor/node_modules/jasminewd2/index.js:95:18)\n    at TaskQueue.execute_ (/usr/local/lib/node_modules/protractor/node_modules/selenium-webdriver/lib/promise.js:2970:14)\nFrom: Task: Run it(\"set clinic phone number\") in control flow\n    at Object.<anonymous> (/usr/local/lib/node_modules/protractor/node_modules/jasminewd2/index.js:94:19)\n    at attemptAsync (/usr/local/lib/node_modules/protractor/node_modules/jasmine-core/lib/jasmine-core/jasmine.js:3945:24)\n    at QueueRunner.run (/usr/local/lib/node_modules/protractor/node_modules/jasmine-core/lib/jasmine-core/jasmine.js:3884:9)\n    at QueueRunner.execute (/usr/local/lib/node_modules/protractor/node_modules/jasmine-core/lib/jasmine-core/jasmine.js:3872:10)\n    at Spec.queueRunnerFactory (/usr/local/lib/node_modules/protractor/node_modules/jasmine-core/lib/jasmine-core/jasmine.js:816:35)\n    at Spec.execute (/usr/local/lib/node_modules/protractor/node_modules/jasmine-core/lib/jasmine-core/jasmine.js:473:10)\n    at Object.fn (/usr/local/lib/node_modules/protractor/node_modules/jasmine-core/lib/jasmine-core/jasmine.js:4975:37)\n    at attemptAsync (/usr/local/lib/node_modules/protractor/node_modules/jasmine-core/lib/jasmine-core/jasmine.js:3945:24)\n    at QueueRunner.run (/usr/local/lib/node_modules/protractor/node_modules/jasmine-core/lib/jasmine-core/jasmine.js:3884:9)\n    at QueueRunner.execute (/usr/local/lib/node_modules/protractor/node_modules/jasmine-core/lib/jasmine-core/jasmine.js:3872:10)\nFrom asynchronous test: \nError\n    at Suite.describe (/Users/zac01/Documents/protractor/myswaastherp/Specs/signup-success.spec.js:321:5)\n    at addSpecsToSuite (/usr/local/lib/node_modules/protractor/node_modules/jasmine-core/lib/jasmine-core/jasmine.js:994:25)\n    at Env.describe (/usr/local/lib/node_modules/protractor/node_modules/jasmine-core/lib/jasmine-core/jasmine.js:961:7)\n    at describe (/usr/local/lib/node_modules/protractor/node_modules/jasmine-core/lib/jasmine-core/jasmine.js:4031:18)\n    at Object.<anonymous> (/Users/zac01/Documents/protractor/myswaastherp/Specs/signup-success.spec.js:320:1)\n    at Module._compile (module.js:571:32)\n    at Object.Module._extensions..js (module.js:580:10)\n    at Module.load (module.js:488:32)\n    at tryModuleLoad (module.js:447:12)"
      },
      "testCases" : [ {
        "uid" : "10ad1ad0a308e597",
        "name" : "set clinic phone number",
        "title" : "set clinic phone number",
        "time" : {
          "start" : 1499014412633,
          "stop" : 1499014413182,
          "duration" : 549
        },
        "severity" : "NORMAL",
        "status" : "FAILED"
      } ]
    }, {
      "uid" : "30c414989752e9c5",
      "failure" : {
        "message" : "Failed: Index out of bound. Trying to access element at index: 0, but there are only 0 elements that match locator By(css selector, div#image1_container.card_img_container)",
        "stackTrace" : "NoSuchElementError: Index out of bound. Trying to access element at index: 0, but there are only 0 elements that match locator By(css selector, div#image1_container.card_img_container)\n    at selenium_webdriver_1.promise.all.then (/usr/local/lib/node_modules/protractor/lib/element.ts:287:17)\n    at ManagedPromise.invokeCallback_ (/usr/local/lib/node_modules/protractor/node_modules/selenium-webdriver/lib/promise.js:1366:14)\n    at TaskQueue.execute_ (/usr/local/lib/node_modules/protractor/node_modules/selenium-webdriver/lib/promise.js:2970:14)\n    at TaskQueue.executeNext_ (/usr/local/lib/node_modules/protractor/node_modules/selenium-webdriver/lib/promise.js:2953:27)\n    at asyncRun (/usr/local/lib/node_modules/protractor/node_modules/selenium-webdriver/lib/promise.js:2813:27)\n    at /usr/local/lib/node_modules/protractor/node_modules/selenium-webdriver/lib/promise.js:676:7\n    at process._tickCallback (internal/process/next_tick.js:109:7)Error\n    at ElementArrayFinder.applyAction_ (/usr/local/lib/node_modules/protractor/lib/element.ts:482:23)\n    at ElementArrayFinder.(anonymous function).args [as sendKeys] (/usr/local/lib/node_modules/protractor/lib/element.ts:96:21)\n    at ElementFinder.(anonymous function).args [as sendKeys] (/usr/local/lib/node_modules/protractor/lib/element.ts:873:14)\n    at uploadFileFirst.fileUploadFirst (/Users/zac01/Documents/protractor/myswaastherp/FileUpload/fileupload.js:17:28)\n    at Object.it (/Users/zac01/Documents/protractor/myswaastherp/Specs/signup-success.spec.js:337:17)\n    at /usr/local/lib/node_modules/protractor/node_modules/jasminewd2/index.js:112:25\n    at new ManagedPromise (/usr/local/lib/node_modules/protractor/node_modules/selenium-webdriver/lib/promise.js:1067:7)\n    at ControlFlow.promise (/usr/local/lib/node_modules/protractor/node_modules/selenium-webdriver/lib/promise.js:2396:12)\n    at schedulerExecute (/usr/local/lib/node_modules/protractor/node_modules/jasminewd2/index.js:95:18)\n    at TaskQueue.execute_ (/usr/local/lib/node_modules/protractor/node_modules/selenium-webdriver/lib/promise.js:2970:14)\nFrom: Task: Run it(\"first file upload\") in control flow\n    at Object.<anonymous> (/usr/local/lib/node_modules/protractor/node_modules/jasminewd2/index.js:94:19)\n    at attemptAsync (/usr/local/lib/node_modules/protractor/node_modules/jasmine-core/lib/jasmine-core/jasmine.js:3945:24)\n    at QueueRunner.run (/usr/local/lib/node_modules/protractor/node_modules/jasmine-core/lib/jasmine-core/jasmine.js:3884:9)\n    at QueueRunner.execute (/usr/local/lib/node_modules/protractor/node_modules/jasmine-core/lib/jasmine-core/jasmine.js:3872:10)\n    at Spec.queueRunnerFactory (/usr/local/lib/node_modules/protractor/node_modules/jasmine-core/lib/jasmine-core/jasmine.js:816:35)\n    at Spec.execute (/usr/local/lib/node_modules/protractor/node_modules/jasmine-core/lib/jasmine-core/jasmine.js:473:10)\n    at Object.fn (/usr/local/lib/node_modules/protractor/node_modules/jasmine-core/lib/jasmine-core/jasmine.js:4975:37)\n    at attemptAsync (/usr/local/lib/node_modules/protractor/node_modules/jasmine-core/lib/jasmine-core/jasmine.js:3945:24)\n    at QueueRunner.run (/usr/local/lib/node_modules/protractor/node_modules/jasmine-core/lib/jasmine-core/jasmine.js:3884:9)\n    at QueueRunner.execute (/usr/local/lib/node_modules/protractor/node_modules/jasmine-core/lib/jasmine-core/jasmine.js:3872:10)\nFrom asynchronous test: \nError\n    at Suite.describe (/Users/zac01/Documents/protractor/myswaastherp/Specs/signup-success.spec.js:336:5)\n    at addSpecsToSuite (/usr/local/lib/node_modules/protractor/node_modules/jasmine-core/lib/jasmine-core/jasmine.js:994:25)\n    at Env.describe (/usr/local/lib/node_modules/protractor/node_modules/jasmine-core/lib/jasmine-core/jasmine.js:961:7)\n    at describe (/usr/local/lib/node_modules/protractor/node_modules/jasmine-core/lib/jasmine-core/jasmine.js:4031:18)\n    at Object.<anonymous> (/Users/zac01/Documents/protractor/myswaastherp/Specs/signup-success.spec.js:335:1)\n    at Module._compile (module.js:571:32)\n    at Object.Module._extensions..js (module.js:580:10)\n    at Module.load (module.js:488:32)\n    at tryModuleLoad (module.js:447:12)"
      },
      "testCases" : [ {
        "uid" : "a214459c85812220",
        "name" : "first file upload",
        "title" : "first file upload",
        "time" : {
          "start" : 1499014417778,
          "stop" : 1499014418289,
          "duration" : 511
        },
        "severity" : "NORMAL",
        "status" : "FAILED"
      } ]
    }, {
      "uid" : "df13a5627e2d0d6e",
      "failure" : {
        "message" : "Failed: No element found using locator: By(css selector, [placeholder=\"Your Address\"])",
        "stackTrace" : "NoSuchElementError: No element found using locator: By(css selector, [placeholder=\"Your Address\"])\n    at elementArrayFinder.getWebElements.then (/usr/local/lib/node_modules/protractor/lib/element.ts:851:17)\n    at ManagedPromise.invokeCallback_ (/usr/local/lib/node_modules/protractor/node_modules/selenium-webdriver/lib/promise.js:1366:14)\n    at TaskQueue.execute_ (/usr/local/lib/node_modules/protractor/node_modules/selenium-webdriver/lib/promise.js:2970:14)\n    at TaskQueue.executeNext_ (/usr/local/lib/node_modules/protractor/node_modules/selenium-webdriver/lib/promise.js:2953:27)\n    at asyncRun (/usr/local/lib/node_modules/protractor/node_modules/selenium-webdriver/lib/promise.js:2813:27)\n    at /usr/local/lib/node_modules/protractor/node_modules/selenium-webdriver/lib/promise.js:676:7\n    at process._tickCallback (internal/process/next_tick.js:109:7)Error\n    at ElementArrayFinder.applyAction_ (/usr/local/lib/node_modules/protractor/lib/element.ts:482:23)\n    at ElementArrayFinder.(anonymous function).args [as sendKeys] (/usr/local/lib/node_modules/protractor/lib/element.ts:96:21)\n    at ElementFinder.(anonymous function).args [as sendKeys] (/usr/local/lib/node_modules/protractor/lib/element.ts:873:14)\n    at ClinicDetails.enterAddress (/Users/zac01/Documents/protractor/myswaastherp/Clinic_details/clinicdetails.js:39:33)\n    at Object.it (/Users/zac01/Documents/protractor/myswaastherp/Specs/signup-success.spec.js:315:28)\n    at /usr/local/lib/node_modules/protractor/node_modules/jasminewd2/index.js:112:25\n    at new ManagedPromise (/usr/local/lib/node_modules/protractor/node_modules/selenium-webdriver/lib/promise.js:1067:7)\n    at ControlFlow.promise (/usr/local/lib/node_modules/protractor/node_modules/selenium-webdriver/lib/promise.js:2396:12)\n    at schedulerExecute (/usr/local/lib/node_modules/protractor/node_modules/jasminewd2/index.js:95:18)\n    at TaskQueue.execute_ (/usr/local/lib/node_modules/protractor/node_modules/selenium-webdriver/lib/promise.js:2970:14)Error\n    at ElementArrayFinder.applyAction_ (/usr/local/lib/node_modules/protractor/lib/element.ts:482:23)\n    at ElementArrayFinder.(anonymous function).args [as getId] (/usr/local/lib/node_modules/protractor/lib/element.ts:96:21)\n    at ElementFinder.(anonymous function).args [as getId] (/usr/local/lib/node_modules/protractor/lib/element.ts:873:14)\n    at ActionSequence.mouseMove (/usr/local/lib/node_modules/protractor/node_modules/selenium-webdriver/lib/actions.js:151:44)\n    at ClinicDetails.enterAddress (/Users/zac01/Documents/protractor/myswaastherp/Clinic_details/clinicdetails.js:39:10)\n    at Object.it (/Users/zac01/Documents/protractor/myswaastherp/Specs/signup-success.spec.js:315:28)\n    at /usr/local/lib/node_modules/protractor/node_modules/jasminewd2/index.js:112:25\n    at new ManagedPromise (/usr/local/lib/node_modules/protractor/node_modules/selenium-webdriver/lib/promise.js:1067:7)\n    at ControlFlow.promise (/usr/local/lib/node_modules/protractor/node_modules/selenium-webdriver/lib/promise.js:2396:12)\n    at schedulerExecute (/usr/local/lib/node_modules/protractor/node_modules/jasminewd2/index.js:95:18)\nFrom: Task: Run it(\"enters an address\") in control flow\n    at Object.<anonymous> (/usr/local/lib/node_modules/protractor/node_modules/jasminewd2/index.js:94:19)\n    at attemptAsync (/usr/local/lib/node_modules/protractor/node_modules/jasmine-core/lib/jasmine-core/jasmine.js:3945:24)\n    at QueueRunner.run (/usr/local/lib/node_modules/protractor/node_modules/jasmine-core/lib/jasmine-core/jasmine.js:3884:9)\n    at QueueRunner.execute (/usr/local/lib/node_modules/protractor/node_modules/jasmine-core/lib/jasmine-core/jasmine.js:3872:10)\n    at Spec.queueRunnerFactory (/usr/local/lib/node_modules/protractor/node_modules/jasmine-core/lib/jasmine-core/jasmine.js:816:35)\n    at Spec.execute (/usr/local/lib/node_modules/protractor/node_modules/jasmine-core/lib/jasmine-core/jasmine.js:473:10)\n    at Object.fn (/usr/local/lib/node_modules/protractor/node_modules/jasmine-core/lib/jasmine-core/jasmine.js:4975:37)\n    at attemptAsync (/usr/local/lib/node_modules/protractor/node_modules/jasmine-core/lib/jasmine-core/jasmine.js:3945:24)\n    at QueueRunner.run (/usr/local/lib/node_modules/protractor/node_modules/jasmine-core/lib/jasmine-core/jasmine.js:3884:9)\n    at QueueRunner.execute (/usr/local/lib/node_modules/protractor/node_modules/jasmine-core/lib/jasmine-core/jasmine.js:3872:10)\nFrom asynchronous test: \nError\n    at Suite.describe (/Users/zac01/Documents/protractor/myswaastherp/Specs/signup-success.spec.js:314:5)\n    at addSpecsToSuite (/usr/local/lib/node_modules/protractor/node_modules/jasmine-core/lib/jasmine-core/jasmine.js:994:25)\n    at Env.describe (/usr/local/lib/node_modules/protractor/node_modules/jasmine-core/lib/jasmine-core/jasmine.js:961:7)\n    at describe (/usr/local/lib/node_modules/protractor/node_modules/jasmine-core/lib/jasmine-core/jasmine.js:4031:18)\n    at Object.<anonymous> (/Users/zac01/Documents/protractor/myswaastherp/Specs/signup-success.spec.js:313:1)\n    at Module._compile (module.js:571:32)\n    at Object.Module._extensions..js (module.js:580:10)\n    at Module.load (module.js:488:32)\n    at tryModuleLoad (module.js:447:12)"
      },
      "testCases" : [ {
        "uid" : "67f437dca372d175",
        "name" : "enters an address",
        "title" : "enters an address",
        "time" : {
          "start" : 1499014412258,
          "stop" : 1499014412631,
          "duration" : 373
        },
        "severity" : "NORMAL",
        "status" : "FAILED"
      } ]
    }, {
      "uid" : "d33a391721aff0f1",
      "failure" : {
        "message" : "Failed: No element found using locator: by.cssContainingText(\"a\", \"ZbzoSdwU\")",
        "stackTrace" : "NoSuchElementError: No element found using locator: by.cssContainingText(\"a\", \"ZbzoSdwU\")\n    at elementArrayFinder.getWebElements.then (/usr/local/lib/node_modules/protractor/lib/element.ts:851:17)\n    at ManagedPromise.invokeCallback_ (/usr/local/lib/node_modules/protractor/node_modules/selenium-webdriver/lib/promise.js:1366:14)\n    at TaskQueue.execute_ (/usr/local/lib/node_modules/protractor/node_modules/selenium-webdriver/lib/promise.js:2970:14)\n    at TaskQueue.executeNext_ (/usr/local/lib/node_modules/protractor/node_modules/selenium-webdriver/lib/promise.js:2953:27)\n    at asyncRun (/usr/local/lib/node_modules/protractor/node_modules/selenium-webdriver/lib/promise.js:2813:27)\n    at /usr/local/lib/node_modules/protractor/node_modules/selenium-webdriver/lib/promise.js:676:7\n    at process._tickCallback (internal/process/next_tick.js:109:7)Error\n    at ElementArrayFinder.applyAction_ (/usr/local/lib/node_modules/protractor/lib/element.ts:482:23)\n    at ElementArrayFinder.(anonymous function).args [as click] (/usr/local/lib/node_modules/protractor/lib/element.ts:96:21)\n    at ElementFinder.(anonymous function).args [as click] (/usr/local/lib/node_modules/protractor/lib/element.ts:873:14)\n    at /Users/zac01/Documents/protractor/myswaastherp/Specs/signup-success.spec.js:417:27\n    at ManagedPromise.invokeCallback_ (/usr/local/lib/node_modules/protractor/node_modules/selenium-webdriver/lib/promise.js:1366:14)\n    at TaskQueue.execute_ (/usr/local/lib/node_modules/protractor/node_modules/selenium-webdriver/lib/promise.js:2970:14)\n    at TaskQueue.executeNext_ (/usr/local/lib/node_modules/protractor/node_modules/selenium-webdriver/lib/promise.js:2953:27)\n    at asyncRun (/usr/local/lib/node_modules/protractor/node_modules/selenium-webdriver/lib/promise.js:2813:27)\n    at /usr/local/lib/node_modules/protractor/node_modules/selenium-webdriver/lib/promise.js:676:7\n    at process._tickCallback (internal/process/next_tick.js:109:7)\nFrom: Task: Run it(\"should go to mahaflox again, and click on Document Verified for the clinic created\") in control flow\n    at Object.<anonymous> (/usr/local/lib/node_modules/protractor/node_modules/jasminewd2/index.js:94:19)\n    at attemptAsync (/usr/local/lib/node_modules/protractor/node_modules/jasmine-core/lib/jasmine-core/jasmine.js:3945:24)\n    at QueueRunner.run (/usr/local/lib/node_modules/protractor/node_modules/jasmine-core/lib/jasmine-core/jasmine.js:3884:9)\n    at QueueRunner.execute (/usr/local/lib/node_modules/protractor/node_modules/jasmine-core/lib/jasmine-core/jasmine.js:3872:10)\n    at Spec.queueRunnerFactory (/usr/local/lib/node_modules/protractor/node_modules/jasmine-core/lib/jasmine-core/jasmine.js:816:35)\n    at Spec.execute (/usr/local/lib/node_modules/protractor/node_modules/jasmine-core/lib/jasmine-core/jasmine.js:473:10)\n    at Object.fn (/usr/local/lib/node_modules/protractor/node_modules/jasmine-core/lib/jasmine-core/jasmine.js:4975:37)\n    at attemptAsync (/usr/local/lib/node_modules/protractor/node_modules/jasmine-core/lib/jasmine-core/jasmine.js:3945:24)\n    at QueueRunner.run (/usr/local/lib/node_modules/protractor/node_modules/jasmine-core/lib/jasmine-core/jasmine.js:3884:9)\n    at QueueRunner.execute (/usr/local/lib/node_modules/protractor/node_modules/jasmine-core/lib/jasmine-core/jasmine.js:3872:10)\nFrom asynchronous test: \nError\n    at Suite.describe (/Users/zac01/Documents/protractor/myswaastherp/Specs/signup-success.spec.js:405:5)\n    at addSpecsToSuite (/usr/local/lib/node_modules/protractor/node_modules/jasmine-core/lib/jasmine-core/jasmine.js:994:25)\n    at Env.describe (/usr/local/lib/node_modules/protractor/node_modules/jasmine-core/lib/jasmine-core/jasmine.js:961:7)\n    at describe (/usr/local/lib/node_modules/protractor/node_modules/jasmine-core/lib/jasmine-core/jasmine.js:4031:18)\n    at Object.<anonymous> (/Users/zac01/Documents/protractor/myswaastherp/Specs/signup-success.spec.js:404:1)\n    at Module._compile (module.js:571:32)\n    at Object.Module._extensions..js (module.js:580:10)\n    at Module.load (module.js:488:32)\n    at tryModuleLoad (module.js:447:12)"
      },
      "testCases" : [ {
        "uid" : "80a5bd085b94f1bf",
        "name" : "should go to mahaflox again, and click on Document Verified for the clinic created",
        "title" : "should go to mahaflox again, and click on Document Verified for the clinic created",
        "time" : {
          "start" : 1499014432393,
          "stop" : 1499014434356,
          "duration" : 1963
        },
        "severity" : "NORMAL",
        "status" : "FAILED"
      } ]
    }, {
      "uid" : "f9348cc9ce7ef92c",
      "failure" : {
        "message" : "Failed: No element found using locator: By(css selector, [ng-reflect-ng-class=\"ui-inputtext ui-widget ui-stat\"])",
        "stackTrace" : "NoSuchElementError: No element found using locator: By(css selector, [ng-reflect-ng-class=\"ui-inputtext ui-widget ui-stat\"])\n    at elementArrayFinder.getWebElements.then (/usr/local/lib/node_modules/protractor/lib/element.ts:851:17)\n    at ManagedPromise.invokeCallback_ (/usr/local/lib/node_modules/protractor/node_modules/selenium-webdriver/lib/promise.js:1366:14)\n    at TaskQueue.execute_ (/usr/local/lib/node_modules/protractor/node_modules/selenium-webdriver/lib/promise.js:2970:14)\n    at TaskQueue.executeNext_ (/usr/local/lib/node_modules/protractor/node_modules/selenium-webdriver/lib/promise.js:2953:27)\n    at asyncRun (/usr/local/lib/node_modules/protractor/node_modules/selenium-webdriver/lib/promise.js:2813:27)\n    at /usr/local/lib/node_modules/protractor/node_modules/selenium-webdriver/lib/promise.js:676:7\n    at process._tickCallback (internal/process/next_tick.js:109:7)Error\n    at ElementArrayFinder.applyAction_ (/usr/local/lib/node_modules/protractor/lib/element.ts:482:23)\n    at ElementArrayFinder.(anonymous function).args [as sendKeys] (/usr/local/lib/node_modules/protractor/lib/element.ts:96:21)\n    at ElementFinder.(anonymous function).args [as sendKeys] (/usr/local/lib/node_modules/protractor/lib/element.ts:873:14)\n    at ClinicDetails.enterSpecialisation (/Users/zac01/Documents/protractor/myswaastherp/Clinic_details/clinicdetails.js:27:40)\n    at Object.<anonymous> (/Users/zac01/Documents/protractor/myswaastherp/Specs/signup-success.spec.js:309:28)\n    at /usr/local/lib/node_modules/protractor/node_modules/jasminewd2/index.js:112:25\n    at new ManagedPromise (/usr/local/lib/node_modules/protractor/node_modules/selenium-webdriver/lib/promise.js:1067:7)\n    at ControlFlow.promise (/usr/local/lib/node_modules/protractor/node_modules/selenium-webdriver/lib/promise.js:2396:12)\n    at schedulerExecute (/usr/local/lib/node_modules/protractor/node_modules/jasminewd2/index.js:95:18)\n    at TaskQueue.execute_ (/usr/local/lib/node_modules/protractor/node_modules/selenium-webdriver/lib/promise.js:2970:14)Error\n    at ElementArrayFinder.applyAction_ (/usr/local/lib/node_modules/protractor/lib/element.ts:482:23)\n    at ElementArrayFinder.(anonymous function).args [as getId] (/usr/local/lib/node_modules/protractor/lib/element.ts:96:21)\n    at ElementFinder.(anonymous function).args [as getId] (/usr/local/lib/node_modules/protractor/lib/element.ts:873:14)\n    at ActionSequence.mouseMove (/usr/local/lib/node_modules/protractor/node_modules/selenium-webdriver/lib/actions.js:151:44)\n    at ClinicDetails.enterSpecialisation (/Users/zac01/Documents/protractor/myswaastherp/Clinic_details/clinicdetails.js:27:10)\n    at Object.<anonymous> (/Users/zac01/Documents/protractor/myswaastherp/Specs/signup-success.spec.js:309:28)\n    at /usr/local/lib/node_modules/protractor/node_modules/jasminewd2/index.js:112:25\n    at new ManagedPromise (/usr/local/lib/node_modules/protractor/node_modules/selenium-webdriver/lib/promise.js:1067:7)\n    at ControlFlow.promise (/usr/local/lib/node_modules/protractor/node_modules/selenium-webdriver/lib/promise.js:2396:12)\n    at schedulerExecute (/usr/local/lib/node_modules/protractor/node_modules/jasminewd2/index.js:95:18)\nFrom: Task: Run it(\"enter the specialisation\") in control flow\n    at Object.<anonymous> (/usr/local/lib/node_modules/protractor/node_modules/jasminewd2/index.js:94:19)\n    at attemptAsync (/usr/local/lib/node_modules/protractor/node_modules/jasmine-core/lib/jasmine-core/jasmine.js:3945:24)\n    at QueueRunner.run (/usr/local/lib/node_modules/protractor/node_modules/jasmine-core/lib/jasmine-core/jasmine.js:3884:9)\n    at QueueRunner.execute (/usr/local/lib/node_modules/protractor/node_modules/jasmine-core/lib/jasmine-core/jasmine.js:3872:10)\n    at Spec.queueRunnerFactory (/usr/local/lib/node_modules/protractor/node_modules/jasmine-core/lib/jasmine-core/jasmine.js:816:35)\n    at Spec.execute (/usr/local/lib/node_modules/protractor/node_modules/jasmine-core/lib/jasmine-core/jasmine.js:473:10)\n    at Object.fn (/usr/local/lib/node_modules/protractor/node_modules/jasmine-core/lib/jasmine-core/jasmine.js:4975:37)\n    at attemptAsync (/usr/local/lib/node_modules/protractor/node_modules/jasmine-core/lib/jasmine-core/jasmine.js:3945:24)\n    at QueueRunner.run (/usr/local/lib/node_modules/protractor/node_modules/jasmine-core/lib/jasmine-core/jasmine.js:3884:9)\n    at QueueRunner.execute (/usr/local/lib/node_modules/protractor/node_modules/jasmine-core/lib/jasmine-core/jasmine.js:3872:10)\nFrom asynchronous test: \nError\n    at Suite.describe (/Users/zac01/Documents/protractor/myswaastherp/Specs/signup-success.spec.js:308:5)\n    at addSpecsToSuite (/usr/local/lib/node_modules/protractor/node_modules/jasmine-core/lib/jasmine-core/jasmine.js:994:25)\n    at Env.describe (/usr/local/lib/node_modules/protractor/node_modules/jasmine-core/lib/jasmine-core/jasmine.js:961:7)\n    at describe (/usr/local/lib/node_modules/protractor/node_modules/jasmine-core/lib/jasmine-core/jasmine.js:4031:18)\n    at Object.<anonymous> (/Users/zac01/Documents/protractor/myswaastherp/Specs/signup-success.spec.js:307:1)\n    at Module._compile (module.js:571:32)\n    at Object.Module._extensions..js (module.js:580:10)\n    at Module.load (module.js:488:32)\n    at tryModuleLoad (module.js:447:12)"
      },
      "testCases" : [ {
        "uid" : "cde144ccc7786f45",
        "name" : "enter the specialisation",
        "title" : "enter the specialisation",
        "time" : {
          "start" : 1499014411921,
          "stop" : 1499014412257,
          "duration" : 336
        },
        "severity" : "NORMAL",
        "status" : "FAILED"
      } ]
    }, {
      "uid" : "bdcd6abcdfde4d20",
      "failure" : {
        "message" : "Failed: No element found using locator: By(css selector, div.navbar)",
        "stackTrace" : "NoSuchElementError: No element found using locator: By(css selector, div.navbar)\n    at elementArrayFinder.getWebElements.then (/usr/local/lib/node_modules/protractor/lib/element.ts:851:17)\n    at ManagedPromise.invokeCallback_ (/usr/local/lib/node_modules/protractor/node_modules/selenium-webdriver/lib/promise.js:1366:14)\n    at TaskQueue.execute_ (/usr/local/lib/node_modules/protractor/node_modules/selenium-webdriver/lib/promise.js:2970:14)\n    at TaskQueue.executeNext_ (/usr/local/lib/node_modules/protractor/node_modules/selenium-webdriver/lib/promise.js:2953:27)\n    at asyncRun (/usr/local/lib/node_modules/protractor/node_modules/selenium-webdriver/lib/promise.js:2813:27)\n    at /usr/local/lib/node_modules/protractor/node_modules/selenium-webdriver/lib/promise.js:676:7\n    at process._tickCallback (internal/process/next_tick.js:109:7)Error\n    at ElementArrayFinder.applyAction_ (/usr/local/lib/node_modules/protractor/lib/element.ts:482:23)\n    at ElementArrayFinder.(anonymous function).args [as isDisplayed] (/usr/local/lib/node_modules/protractor/lib/element.ts:96:21)\n    at ElementFinder.(anonymous function).args [as isDisplayed] (/usr/local/lib/node_modules/protractor/lib/element.ts:873:14)\n    at CheckDivsInPage.checkNavbarDisplayed (/Users/zac01/Documents/protractor/myswaastherp/Profile/verifyProfileDetails.js:31:29)\n    at Object.it (/Users/zac01/Documents/protractor/myswaastherp/Specs/signup-success.spec.js:550:18)\n    at /usr/local/lib/node_modules/protractor/node_modules/jasminewd2/index.js:112:25\n    at new ManagedPromise (/usr/local/lib/node_modules/protractor/node_modules/selenium-webdriver/lib/promise.js:1067:7)\n    at ControlFlow.promise (/usr/local/lib/node_modules/protractor/node_modules/selenium-webdriver/lib/promise.js:2396:12)\n    at schedulerExecute (/usr/local/lib/node_modules/protractor/node_modules/jasminewd2/index.js:95:18)\n    at TaskQueue.execute_ (/usr/local/lib/node_modules/protractor/node_modules/selenium-webdriver/lib/promise.js:2970:14)\nFrom: Task: Run it(\"checks navbar displayed\") in control flow\n    at Object.<anonymous> (/usr/local/lib/node_modules/protractor/node_modules/jasminewd2/index.js:94:19)\n    at attemptAsync (/usr/local/lib/node_modules/protractor/node_modules/jasmine-core/lib/jasmine-core/jasmine.js:3945:24)\n    at QueueRunner.run (/usr/local/lib/node_modules/protractor/node_modules/jasmine-core/lib/jasmine-core/jasmine.js:3884:9)\n    at QueueRunner.execute (/usr/local/lib/node_modules/protractor/node_modules/jasmine-core/lib/jasmine-core/jasmine.js:3872:10)\n    at Spec.queueRunnerFactory (/usr/local/lib/node_modules/protractor/node_modules/jasmine-core/lib/jasmine-core/jasmine.js:816:35)\n    at Spec.execute (/usr/local/lib/node_modules/protractor/node_modules/jasmine-core/lib/jasmine-core/jasmine.js:473:10)\n    at Object.fn (/usr/local/lib/node_modules/protractor/node_modules/jasmine-core/lib/jasmine-core/jasmine.js:4975:37)\n    at attemptAsync (/usr/local/lib/node_modules/protractor/node_modules/jasmine-core/lib/jasmine-core/jasmine.js:3945:24)\n    at QueueRunner.run (/usr/local/lib/node_modules/protractor/node_modules/jasmine-core/lib/jasmine-core/jasmine.js:3884:9)\n    at QueueRunner.execute (/usr/local/lib/node_modules/protractor/node_modules/jasmine-core/lib/jasmine-core/jasmine.js:3872:10)\nFrom asynchronous test: \nError\n    at Suite.describe (/Users/zac01/Documents/protractor/myswaastherp/Specs/signup-success.spec.js:549:5)\n    at addSpecsToSuite (/usr/local/lib/node_modules/protractor/node_modules/jasmine-core/lib/jasmine-core/jasmine.js:994:25)\n    at Env.describe (/usr/local/lib/node_modules/protractor/node_modules/jasmine-core/lib/jasmine-core/jasmine.js:961:7)\n    at describe (/usr/local/lib/node_modules/protractor/node_modules/jasmine-core/lib/jasmine-core/jasmine.js:4031:18)\n    at Object.<anonymous> (/Users/zac01/Documents/protractor/myswaastherp/Specs/signup-success.spec.js:547:1)\n    at Module._compile (module.js:571:32)\n    at Object.Module._extensions..js (module.js:580:10)\n    at Module.load (module.js:488:32)\n    at tryModuleLoad (module.js:447:12)"
      },
      "testCases" : [ {
        "uid" : "104103ef78b398a7",
        "name" : "checks navbar displayed",
        "title" : "checks navbar displayed",
        "time" : {
          "start" : 1499014439106,
          "stop" : 1499014439432,
          "duration" : 326
        },
        "severity" : "NORMAL",
        "status" : "FAILED"
      } ]
    }, {
      "uid" : "38b8d9f7ae4151b4",
      "failure" : {
        "message" : "Failed: No element found using locator: By(css selector, nav.cd-side-nav.is-fixed)",
        "stackTrace" : "NoSuchElementError: No element found using locator: By(css selector, nav.cd-side-nav.is-fixed)\n    at elementArrayFinder.getWebElements.then (/usr/local/lib/node_modules/protractor/lib/element.ts:851:17)\n    at ManagedPromise.invokeCallback_ (/usr/local/lib/node_modules/protractor/node_modules/selenium-webdriver/lib/promise.js:1366:14)\n    at TaskQueue.execute_ (/usr/local/lib/node_modules/protractor/node_modules/selenium-webdriver/lib/promise.js:2970:14)\n    at TaskQueue.executeNext_ (/usr/local/lib/node_modules/protractor/node_modules/selenium-webdriver/lib/promise.js:2953:27)\n    at asyncRun (/usr/local/lib/node_modules/protractor/node_modules/selenium-webdriver/lib/promise.js:2813:27)\n    at /usr/local/lib/node_modules/protractor/node_modules/selenium-webdriver/lib/promise.js:676:7\n    at process._tickCallback (internal/process/next_tick.js:109:7)Error\n    at ElementArrayFinder.applyAction_ (/usr/local/lib/node_modules/protractor/lib/element.ts:482:23)\n    at ElementArrayFinder.(anonymous function).args [as isDisplayed] (/usr/local/lib/node_modules/protractor/lib/element.ts:96:21)\n    at ElementFinder.(anonymous function).args [as isDisplayed] (/usr/local/lib/node_modules/protractor/lib/element.ts:873:14)\n    at CheckDivsInPage.checkSidebarDisplayed (/Users/zac01/Documents/protractor/myswaastherp/Profile/verifyProfileDetails.js:36:29)\n    at Object.it (/Users/zac01/Documents/protractor/myswaastherp/Specs/signup-success.spec.js:554:18)\n    at /usr/local/lib/node_modules/protractor/node_modules/jasminewd2/index.js:112:25\n    at new ManagedPromise (/usr/local/lib/node_modules/protractor/node_modules/selenium-webdriver/lib/promise.js:1067:7)\n    at ControlFlow.promise (/usr/local/lib/node_modules/protractor/node_modules/selenium-webdriver/lib/promise.js:2396:12)\n    at schedulerExecute (/usr/local/lib/node_modules/protractor/node_modules/jasminewd2/index.js:95:18)\n    at TaskQueue.execute_ (/usr/local/lib/node_modules/protractor/node_modules/selenium-webdriver/lib/promise.js:2970:14)\nFrom: Task: Run it(\"checks sidebar displayed\") in control flow\n    at Object.<anonymous> (/usr/local/lib/node_modules/protractor/node_modules/jasminewd2/index.js:94:19)\n    at attemptAsync (/usr/local/lib/node_modules/protractor/node_modules/jasmine-core/lib/jasmine-core/jasmine.js:3945:24)\n    at QueueRunner.run (/usr/local/lib/node_modules/protractor/node_modules/jasmine-core/lib/jasmine-core/jasmine.js:3884:9)\n    at QueueRunner.execute (/usr/local/lib/node_modules/protractor/node_modules/jasmine-core/lib/jasmine-core/jasmine.js:3872:10)\n    at Spec.queueRunnerFactory (/usr/local/lib/node_modules/protractor/node_modules/jasmine-core/lib/jasmine-core/jasmine.js:816:35)\n    at Spec.execute (/usr/local/lib/node_modules/protractor/node_modules/jasmine-core/lib/jasmine-core/jasmine.js:473:10)\n    at Object.fn (/usr/local/lib/node_modules/protractor/node_modules/jasmine-core/lib/jasmine-core/jasmine.js:4975:37)\n    at attemptAsync (/usr/local/lib/node_modules/protractor/node_modules/jasmine-core/lib/jasmine-core/jasmine.js:3945:24)\n    at QueueRunner.run (/usr/local/lib/node_modules/protractor/node_modules/jasmine-core/lib/jasmine-core/jasmine.js:3884:9)\n    at /usr/local/lib/node_modules/protractor/node_modules/jasmine-core/lib/jasmine-core/jasmine.js:3924:18\nFrom asynchronous test: \nError\n    at Suite.describe (/Users/zac01/Documents/protractor/myswaastherp/Specs/signup-success.spec.js:553:5)\n    at addSpecsToSuite (/usr/local/lib/node_modules/protractor/node_modules/jasmine-core/lib/jasmine-core/jasmine.js:994:25)\n    at Env.describe (/usr/local/lib/node_modules/protractor/node_modules/jasmine-core/lib/jasmine-core/jasmine.js:961:7)\n    at describe (/usr/local/lib/node_modules/protractor/node_modules/jasmine-core/lib/jasmine-core/jasmine.js:4031:18)\n    at Object.<anonymous> (/Users/zac01/Documents/protractor/myswaastherp/Specs/signup-success.spec.js:547:1)\n    at Module._compile (module.js:571:32)\n    at Object.Module._extensions..js (module.js:580:10)\n    at Module.load (module.js:488:32)\n    at tryModuleLoad (module.js:447:12)"
      },
      "testCases" : [ {
        "uid" : "83c33d04ab3cfb74",
        "name" : "checks sidebar displayed",
        "title" : "checks sidebar displayed",
        "time" : {
          "start" : 1499014439433,
          "stop" : 1499014439765,
          "duration" : 332
        },
        "severity" : "NORMAL",
        "status" : "FAILED"
      } ]
    }, {
      "uid" : "cb720622ec8406a8",
      "failure" : {
        "message" : "Failed: No element found using locator: By(css selector, div.ui-g-12.ui-md-12.ui-lg-12.heading)",
        "stackTrace" : "NoSuchElementError: No element found using locator: By(css selector, div.ui-g-12.ui-md-12.ui-lg-12.heading)\n    at elementArrayFinder.getWebElements.then (/usr/local/lib/node_modules/protractor/lib/element.ts:851:17)\n    at ManagedPromise.invokeCallback_ (/usr/local/lib/node_modules/protractor/node_modules/selenium-webdriver/lib/promise.js:1366:14)\n    at TaskQueue.execute_ (/usr/local/lib/node_modules/protractor/node_modules/selenium-webdriver/lib/promise.js:2970:14)\n    at TaskQueue.executeNext_ (/usr/local/lib/node_modules/protractor/node_modules/selenium-webdriver/lib/promise.js:2953:27)\n    at asyncRun (/usr/local/lib/node_modules/protractor/node_modules/selenium-webdriver/lib/promise.js:2813:27)\n    at /usr/local/lib/node_modules/protractor/node_modules/selenium-webdriver/lib/promise.js:676:7\n    at process._tickCallback (internal/process/next_tick.js:109:7)Error\n    at ElementArrayFinder.applyAction_ (/usr/local/lib/node_modules/protractor/lib/element.ts:482:23)\n    at ElementArrayFinder.(anonymous function).args [as isDisplayed] (/usr/local/lib/node_modules/protractor/lib/element.ts:96:21)\n    at ElementFinder.(anonymous function).args [as isDisplayed] (/usr/local/lib/node_modules/protractor/lib/element.ts:873:14)\n    at CheckDivsInPage.profileSectionDisplayed (/Users/zac01/Documents/protractor/myswaastherp/Profile/verifyProfileDetails.js:41:36)\n    at Object.it (/Users/zac01/Documents/protractor/myswaastherp/Specs/signup-success.spec.js:558:18)\n    at /usr/local/lib/node_modules/protractor/node_modules/jasminewd2/index.js:112:25\n    at new ManagedPromise (/usr/local/lib/node_modules/protractor/node_modules/selenium-webdriver/lib/promise.js:1067:7)\n    at ControlFlow.promise (/usr/local/lib/node_modules/protractor/node_modules/selenium-webdriver/lib/promise.js:2396:12)\n    at schedulerExecute (/usr/local/lib/node_modules/protractor/node_modules/jasminewd2/index.js:95:18)\n    at TaskQueue.execute_ (/usr/local/lib/node_modules/protractor/node_modules/selenium-webdriver/lib/promise.js:2970:14)\nFrom: Task: Run it(\"checks Profile Section\") in control flow\n    at Object.<anonymous> (/usr/local/lib/node_modules/protractor/node_modules/jasminewd2/index.js:94:19)\n    at attemptAsync (/usr/local/lib/node_modules/protractor/node_modules/jasmine-core/lib/jasmine-core/jasmine.js:3945:24)\n    at QueueRunner.run (/usr/local/lib/node_modules/protractor/node_modules/jasmine-core/lib/jasmine-core/jasmine.js:3884:9)\n    at QueueRunner.execute (/usr/local/lib/node_modules/protractor/node_modules/jasmine-core/lib/jasmine-core/jasmine.js:3872:10)\n    at Spec.queueRunnerFactory (/usr/local/lib/node_modules/protractor/node_modules/jasmine-core/lib/jasmine-core/jasmine.js:816:35)\n    at Spec.execute (/usr/local/lib/node_modules/protractor/node_modules/jasmine-core/lib/jasmine-core/jasmine.js:473:10)\n    at Object.fn (/usr/local/lib/node_modules/protractor/node_modules/jasmine-core/lib/jasmine-core/jasmine.js:4975:37)\n    at attemptAsync (/usr/local/lib/node_modules/protractor/node_modules/jasmine-core/lib/jasmine-core/jasmine.js:3945:24)\n    at QueueRunner.run (/usr/local/lib/node_modules/protractor/node_modules/jasmine-core/lib/jasmine-core/jasmine.js:3884:9)\n    at /usr/local/lib/node_modules/protractor/node_modules/jasmine-core/lib/jasmine-core/jasmine.js:3924:18\nFrom asynchronous test: \nError\n    at Suite.describe (/Users/zac01/Documents/protractor/myswaastherp/Specs/signup-success.spec.js:557:5)\n    at addSpecsToSuite (/usr/local/lib/node_modules/protractor/node_modules/jasmine-core/lib/jasmine-core/jasmine.js:994:25)\n    at Env.describe (/usr/local/lib/node_modules/protractor/node_modules/jasmine-core/lib/jasmine-core/jasmine.js:961:7)\n    at describe (/usr/local/lib/node_modules/protractor/node_modules/jasmine-core/lib/jasmine-core/jasmine.js:4031:18)\n    at Object.<anonymous> (/Users/zac01/Documents/protractor/myswaastherp/Specs/signup-success.spec.js:547:1)\n    at Module._compile (module.js:571:32)\n    at Object.Module._extensions..js (module.js:580:10)\n    at Module.load (module.js:488:32)\n    at tryModuleLoad (module.js:447:12)"
      },
      "testCases" : [ {
        "uid" : "8668a2241c85516",
        "name" : "checks Profile Section",
        "title" : "checks Profile Section",
        "time" : {
          "start" : 1499014439765,
          "stop" : 1499014440098,
          "duration" : 333
        },
        "severity" : "NORMAL",
        "status" : "FAILED"
      } ]
    }, {
      "uid" : "aa6ec15f54b46561",
      "failure" : {
        "message" : "Failed: No element found using locator: By(css selector, div.ui-g-12.body_container)",
        "stackTrace" : "NoSuchElementError: No element found using locator: By(css selector, div.ui-g-12.body_container)\n    at elementArrayFinder.getWebElements.then (/usr/local/lib/node_modules/protractor/lib/element.ts:851:17)\n    at ManagedPromise.invokeCallback_ (/usr/local/lib/node_modules/protractor/node_modules/selenium-webdriver/lib/promise.js:1366:14)\n    at TaskQueue.execute_ (/usr/local/lib/node_modules/protractor/node_modules/selenium-webdriver/lib/promise.js:2970:14)\n    at TaskQueue.executeNext_ (/usr/local/lib/node_modules/protractor/node_modules/selenium-webdriver/lib/promise.js:2953:27)\n    at asyncRun (/usr/local/lib/node_modules/protractor/node_modules/selenium-webdriver/lib/promise.js:2813:27)\n    at /usr/local/lib/node_modules/protractor/node_modules/selenium-webdriver/lib/promise.js:676:7\n    at process._tickCallback (internal/process/next_tick.js:109:7)Error\n    at ElementArrayFinder.applyAction_ (/usr/local/lib/node_modules/protractor/lib/element.ts:482:23)\n    at ElementArrayFinder.(anonymous function).args [as isDisplayed] (/usr/local/lib/node_modules/protractor/lib/element.ts:96:21)\n    at ElementFinder.(anonymous function).args [as isDisplayed] (/usr/local/lib/node_modules/protractor/lib/element.ts:873:14)\n    at CheckDivsInPage.bodySectionDisplayed (/Users/zac01/Documents/protractor/myswaastherp/Profile/verifyProfileDetails.js:46:35)\n    at Object.it (/Users/zac01/Documents/protractor/myswaastherp/Specs/signup-success.spec.js:562:18)\n    at /usr/local/lib/node_modules/protractor/node_modules/jasminewd2/index.js:112:25\n    at new ManagedPromise (/usr/local/lib/node_modules/protractor/node_modules/selenium-webdriver/lib/promise.js:1067:7)\n    at ControlFlow.promise (/usr/local/lib/node_modules/protractor/node_modules/selenium-webdriver/lib/promise.js:2396:12)\n    at schedulerExecute (/usr/local/lib/node_modules/protractor/node_modules/jasminewd2/index.js:95:18)\n    at TaskQueue.execute_ (/usr/local/lib/node_modules/protractor/node_modules/selenium-webdriver/lib/promise.js:2970:14)\nFrom: Task: Run it(\"checks body container\") in control flow\n    at Object.<anonymous> (/usr/local/lib/node_modules/protractor/node_modules/jasminewd2/index.js:94:19)\n    at attemptAsync (/usr/local/lib/node_modules/protractor/node_modules/jasmine-core/lib/jasmine-core/jasmine.js:3945:24)\n    at QueueRunner.run (/usr/local/lib/node_modules/protractor/node_modules/jasmine-core/lib/jasmine-core/jasmine.js:3884:9)\n    at QueueRunner.execute (/usr/local/lib/node_modules/protractor/node_modules/jasmine-core/lib/jasmine-core/jasmine.js:3872:10)\n    at Spec.queueRunnerFactory (/usr/local/lib/node_modules/protractor/node_modules/jasmine-core/lib/jasmine-core/jasmine.js:816:35)\n    at Spec.execute (/usr/local/lib/node_modules/protractor/node_modules/jasmine-core/lib/jasmine-core/jasmine.js:473:10)\n    at Object.fn (/usr/local/lib/node_modules/protractor/node_modules/jasmine-core/lib/jasmine-core/jasmine.js:4975:37)\n    at attemptAsync (/usr/local/lib/node_modules/protractor/node_modules/jasmine-core/lib/jasmine-core/jasmine.js:3945:24)\n    at QueueRunner.run (/usr/local/lib/node_modules/protractor/node_modules/jasmine-core/lib/jasmine-core/jasmine.js:3884:9)\n    at /usr/local/lib/node_modules/protractor/node_modules/jasmine-core/lib/jasmine-core/jasmine.js:3924:18\nFrom asynchronous test: \nError\n    at Suite.describe (/Users/zac01/Documents/protractor/myswaastherp/Specs/signup-success.spec.js:561:5)\n    at addSpecsToSuite (/usr/local/lib/node_modules/protractor/node_modules/jasmine-core/lib/jasmine-core/jasmine.js:994:25)\n    at Env.describe (/usr/local/lib/node_modules/protractor/node_modules/jasmine-core/lib/jasmine-core/jasmine.js:961:7)\n    at describe (/usr/local/lib/node_modules/protractor/node_modules/jasmine-core/lib/jasmine-core/jasmine.js:4031:18)\n    at Object.<anonymous> (/Users/zac01/Documents/protractor/myswaastherp/Specs/signup-success.spec.js:547:1)\n    at Module._compile (module.js:571:32)\n    at Object.Module._extensions..js (module.js:580:10)\n    at Module.load (module.js:488:32)\n    at tryModuleLoad (module.js:447:12)"
      },
      "testCases" : [ {
        "uid" : "8ed33d208d70d48e",
        "name" : "checks body container",
        "title" : "checks body container",
        "time" : {
          "start" : 1499014440098,
          "stop" : 1499014440426,
          "duration" : 328
        },
        "severity" : "NORMAL",
        "status" : "FAILED"
      } ]
    }, {
      "uid" : "8e9275fda4b1bca8",
      "failure" : {
        "message" : "Expected '<!DOCTYPE html><html xmlns=\"http://www.w3.org/1999/xhtml\" lang=\"en-us\"><head>\n<title>Select main_facilities to change | MySwaasth Administration (Development Server)</title>\n<link rel=\"stylesheet\" type=\"text/css\" href=\"/static/admin/css/base.css\" />\n<link rel=\"stylesheet\" type=\"text/css\" href=\"/static/admin/css/changelists.css\" />\n<script type=\"text/javascript\" src=\"/mahaflox/jsi18n/\"></script>\n<script type=\"text/javascript\" src=\"/static/admin/js/core.js\"></script>\n<script type=\"text/javascript\" src=\"/static/admin/js/vendor/jquery/jquery.js\"></script>\n<script type=\"text/javascript\" src=\"/static/admin/js/jquery.init.js\"></script>\n<script type=\"text/javascript\" src=\"/static/admin/js/admin/RelatedObjectLookups.js\"></script>\n<script type=\"text/javascript\" src=\"/static/admin/js/actions.js\"></script>\n<script type=\"text/javascript\" src=\"/static/admin/js/urlify.js\"></script>\n<script type=\"text/javascript\" src=\"/static/admin/js/prepopulate.js\"></script>\n<script type=\"text/javascript\" src=\"/static/admin/js/vendor/xregexp/xregexp.js\"></script>\n<meta name=\"robots\" content=\"NONE,NOARCHIVE\" />\n</head>\n<body class=\" app-facilities model-main_facilities change-list\" data-admin-utc-offset=\"19800\">\n \n<div id=\"container\">\n \n<div id=\"header\">\n<div id=\"branding\">\n<h1 id=\"site-name\"><a href=\"/mahaflox/\">MySwaasth Administration (Development Server)</a></h1>\n</div>\n<div id=\"user-tools\">\nWelcome,\n<strong>admin@innotical.com</strong>.\n<a href=\"/\">View site</a> /\n<a href=\"/mahaflox/password_change/\">Change password</a> /\n<a href=\"/mahaflox/logout/\">Log out</a>\n</div>\n</div>\n \n<div class=\"breadcrumbs\">\n<a href=\"/mahaflox/\">Home</a>\n <a href=\"/mahaflox/facilities/\">Facilities</a>\n Main_facilitiess\n</div>\n \n<div id=\"content\" class=\"flex\">\n<h1>Select main_facilities to change</h1>\n<div id=\"content-main\">\n<ul class=\"object-tools\">\n<li>\n<a href=\"/mahaflox/facilities/main_facilities/add/\" class=\"addlink\">\nAdd main_facilities\n</a>\n</li>\n</ul>\n<div class=\"module\" id=\"changelist\">\n<form id=\"changelist-form\" method=\"post\" novalidate=\"\"><input type=\"hidden\" name=\"csrfmiddlewaretoken\" value=\"SSJHj6CxYuhcVBjibqDswhqpiaIO8BuFEYPWYAPlhT9RFN4UTTdsmu63QQSP1tyQ\" />\n<div class=\"actions\">\n<label>Action: <select name=\"action\" required=\"\">\n<option value=\"\" selected=\"selected\">---------</option>\n<option value=\"delete_selected\">Delete selected main_facilitiess</option>\n</select></label><input class=\"select-across\" name=\"select_across\" type=\"hidden\" value=\"0\" />\n<button type=\"submit\" class=\"button\" title=\"Run the selected action\" name=\"index\" value=\"0\">Go</button>\n<span class=\"action-counter\" data-actions-icnt=\"100\" style=\"display: inline;\">0 of 100 selected</span>\n<span class=\"all\">All 268 selected</span>\n<span class=\"question\">\n<a href=\"#\" title=\"Click here to select the objects across all pages\">Select all 268 main_facilitiess</a>\n</span>\n<span class=\"clear\"><a href=\"#\">Clear selection</a></span>\n</div>\n<div class=\"results\">\n<table id=\"result_list\">\n<thead>\n<tr>\n<th scope=\"col\" class=\"action-checkbox-column\">\n<div class=\"text\"><span><input type=\"checkbox\" id=\"action-toggle\" /></span></div>\n<div class=\"clear\"></div>\n</th>\n<th scope=\"col\" class=\"sortable column-name\">\n<div class=\"text\"><a href=\"?o=1\">Name</a></div>\n<div class=\"clear\"></div>\n</th>\n<th scope=\"col\" class=\"sortable column-slug\">\n<div class=\"text\"><a href=\"?o=2\">Slug</a></div>\n<div class=\"clear\"></div>\n</th>\n</tr>\n</thead>\n<tbody>\n<tr class=\"row1\"><td class=\"action-checkbox\"><input class=\"action-select\" name=\"_selected_action\" type=\"checkbox\" value=\"421\" /></td><th class=\"field-name\"><a href=\"/mahaflox/facilities/main_facilities/421/change/\">RituClinic</a></th><td class=\"field-slug\">rituclinic</td></tr>\n<tr class=\"row2\"><td class=\"action-checkbox\"><input class=\"action-select\" name=\"_selected_action\" type=\"checkbox\" value=\"420\" /></td><th class=\"field-name\"><a href=\"/mahaflox/facilities/main_facilities/420/change/\">Nishi</a></th><td class=\"field-slug\">nishi</td></tr>\n<tr class=\"row1\"><td class=\"action-checkbox\"><input class=\"action-select\" name=\"_selected_action\" type=\"checkbox\" value=\"419\" /></td><th class=\"field-name\"><a href=\"/mahaflox/facilities/main_facilities/419/change/\">night shift2</a></th><td class=\"field-slug\">night-shift2</td></tr>\n<tr class=\"row2\"><td class=\"action-checkbox\"><input class=\"action-select\" name=\"_selected_action\" type=\"checkbox\" value=\"418\" /></td><th class=\"field-name\"><a href=\"/mahaflox/facilities/main_facilities/418/change/\">night shift</a></th><td class=\"field-slug\">night-shift</td></tr>\n<tr class=\"row1\"><td class=\"action-checkbox\"><input class=\"action-select\" name=\"_selected_action\" type=\"checkbox\" value=\"417\" /></td><th class=\"field-name\"><a href=\"/mahaflox/facilities/main_facilities/417/change/\">RadheClinic</a></th><td class=\"field-slug\">radheclinic</td></tr>\n<tr class=\"row2\"><td class=\"action-checkbox\"><input class=\"action-select\" name=\"_selected_action\" type=\"checkbox\" value=\"416\" /></td><th class=\"field-name\"><a href=\"/mahaflox/facilities/main_facilities/416/change/\">SonuClinic</a></th><td class=\"field-slug\">sonuclinic</td></tr>\n<tr class=\"row1\"><td class=\"action-checkbox\"><input class=\"action-select\" name=\"_selected_action\" type=\"checkbox\" value=\"415\" /></td><th class=\"field-name\"><a href=\"/mahaflox/facilities/main_facilities/415/change/\">Facility</a></th><td class=\"field-slug\">facility</td></tr>\n<tr class=\"row2\"><td class=\"action-checkbox\"><input class=\"action-select\" name=\"_selected_action\" type=\"checkbox\" value=\"412\" /></td><th class=\"field-name\"><a href=\"/mahaflox/facilities/main_facilities/412/change/\">kMFYeXCe</a></th><td class=\"field-slug\">kmfyexce</td></tr>\n<tr class=\"row1\"><td class=\"action-checkbox\"><input class=\"action-select\" name=\"_selected_action\" type=\"checkbox\" value=\"411\" /></td><th class=\"field-name\"><a href=\"/mahaflox/facilities/main_facilities/411/change/\">hWKhEmbS</a></th><td class=\"field-slug\">hwkhembs</td></tr>\n<tr class=\"row2\"><td class=\"action-checkbox\"><input class=\"action-select\" name=\"_selected_action\" type=\"checkbox\" value=\"410\" /></td><th class=\"field-name\"><a href=\"/mahaflox/facilities/main_facilities/410/change/\">myAoneClinic</a></th><td class=\"field-slug\">myaoneclinic</td></tr>\n<tr class=\"row1\"><td class=\"action-checkbox\"><input class=\"action-select\" name=\"_selected_action\" type=\"checkbox\" value=\"409\" /></td><th class=\"field-name\"><a href=\"/mahaflox/facilities/main_facilities/409/change/\">satish</a></th><td class=\"field-slug\">satish</td></tr>\n<tr class=\"row2\"><td class=\"action-checkbox\"><input class=\"action-select\" name=\"_selected_action\" type=\"checkbox\" value=\"408\" /></td><th class=\"field-name\"><a href=\"/mahaflox/facilities/main_facilities/408/change/\">Demo</a></th><td class=\"field-slug\">demo</td></tr>\n<tr class=\"row1\"><td class=\"action-checkbox\"><input class=\"action-select\" name=\"_selected_action\" type=\"checkbox\" value=\"407\" /></td><th class=\"field-name\"><a href=\"/mahaflox/facilities/main_facilities/407/change/\">gcygc</a></th><td class=\"field-slug\">gcygc</td></tr>\n<tr class=\"row2\"><td class=\"action-checkbox\"><input class=\"action-select\" name=\"_selected_action\" type=\"checkbox\" value=\"406\" /></td><th class=\"field-name\"><a href=\"/mahaflox/facilities/main_facilities/406/change/\">KRgEiRbx</a></th><td class=\"field-slug\">krgeirbx</td></tr>\n<tr class=\"row1\"><td class=\"action-checkbox\"><input class=\"action-select\" name=\"_selected_action\" type=\"checkbox\" value=\"405\" /></td><th class=\"field-name\"><a href=\"/mahaflox/facilities/main_facilities/405/change/\">Tester's clinic</a></th><td class=\"field-slug\">testers-clinic</td></tr>\n<tr class=\"row2\"><td class=\"action-checkbox\"><input class=\"action-select\" name=\"_selected_action\" type=\"checkbox\" value=\"404\" /></td><th class=\"field-name\"><a href=\"/mahaflox/facilities/main_facilities/404/change/\">rKRAakEU</a></th><td class=\"field-slug\">rkraakeu</td></tr>\n<tr class=\"row1\"><td class=\"action-checkbox\"><input class=\"action-select\" name=\"_selected_action\" type=\"checkbox\" value=\"403\" /></td><th class=\"field-name\"><a href=\"/mahaflox/facilities/main_facilities/403/change/\">SMHHOwna</a></th><td class=\"field-slug\">smhhowna</td></tr>\n<tr class=\"row2\"><td class=\"action-checkbox\"><input class=\"action-select\" name=\"_selected_action\" type=\"checkbox\" value=\"402\" /></td><th class=\"field-name\"><a href=\"/mahaflox/facilities/main_facilities/402/change/\">dcPbFSUq</a></th><td class=\"field-slug\">dcpbfsuq</td></tr>\n<tr class=\"row1\"><td class=\"action-checkbox\"><input class=\"action-select\" name=\"_selected_action\" type=\"checkbox\" value=\"401\" /></td><th class=\"field-name\"><a href=\"/mahaflox/facilities/main_facilities/401/change/\">drygdfg</a></th><td class=\"field-slug\">drygdfg</td></tr>\n<tr class=\"row2\"><td class=\"action-checkbox\"><input class=\"action-select\" name=\"_selected_action\" type=\"checkbox\" value=\"400\" /></td><th class=\"field-name\"><a href=\"/mahaflox/facilities/main_facilities/400/change/\">IwnvkHwE</a></th><td class=\"field-slug\">iwnvkhwe</td></tr>\n<tr class=\"row1\"><td class=\"action-checkbox\"><input class=\"action-select\" name=\"_selected_action\" type=\"checkbox\" value=\"399\" /></td><th class=\"field-name\"><a href=\"/mahaflox/facilities/main_facilities/399/change/\">BdtiwhBj</a></th><td class=\"field-slug\">bdtiwhbj</td></tr>\n<tr class=\"row2\"><td class=\"action-checkbox\"><input class=\"action-select\" name=\"_selected_action\" type=\"checkbox\" value=\"398\" /></td><th class=\"field-name\"><a href=\"/mahaflox/facilities/main_facilities/398/change/\">sSVnfsBx</a></th><td class=\"field-slug\">ssvnfsbx</td></tr>\n<tr class=\"row1\"><td class=\"action-checkbox\"><input class=\"action-select\" name=\"_selected_action\" type=\"checkbox\" value=\"397\" /></td><th class=\"field-name\"><a href=\"/mahaflox/facilities/main_facilities/397/change/\">ogOdwgpY</a></th><td class=\"field-slug\">ogodwgpy</td></tr>\n<tr class=\"row2\"><td class=\"action-checkbox\"><input class=\"action-select\" name=\"_selected_action\" type=\"checkbox\" value=\"396\" /></td><th class=\"field-name\"><a href=\"/mahaflox/facilities/main_facilities/396/change/\">timClinic</a></th><td class=\"field-slug\">timclinic</td></tr>\n<tr class=\"row1\"><td class=\"action-checkbox\"><input class=\"action-select\" name=\"_selected_action\" type=\"checkbox\" value=\"395\" /></td><th class=\"field-name\"><a href=\"/mahaflox/facilities/main_facilities/395/change/\">TESTING</a></th><td class=\"field-slug\">testing</td></tr>\n<tr class=\"row2\"><td class=\"action-checkbox\"><input class=\"action-select\" name=\"_selected_action\" type=\"checkbox\" value=\"394\" /></td><th class=\"field-name\"><a href=\"/mahaflox/facilities/main_facilities/394/change/\">ramsinghClinic</a></th><td class=\"field-slug\">ramsinghclinic</td></tr>\n<tr class=\"row1\"><td class=\"action-checkbox\"><input class=\"action-select\" name=\"_selected_action\" type=\"checkbox\" value=\"393\" /></td><th class=\"field-name\"><a href=\"/mahaflox/facilities/main_facilities/393/change/\">Testing clinic</a></th><td class=\"field-slug\">testing-clinic</td></tr>\n<tr class=\"row2\"><td class=\"action-checkbox\"><input class=\"action-select\" name=\"_selected_action\" type=\"checkbox\" value=\"392\" /></td><th class=\"field-name\"><a href=\"/mahaflox/facilities/main_facilities/392/change/\">TestCaseClinic</a></th><td class=\"field-slug\">testcaseclinic</td></tr>\n<tr class=\"row1\"><td class=\"action-checkbox\"><input class=\"action-select\" name=\"_selected_action\" type=\"checkbox\" value=\"391\" /></td><th class=\"field-name\"><a href=\"/mahaflox/facilities/main_facilities/391/change/\">StephenClinic</a></th><td class=\"field-slug\">stephenclinic</td></tr>\n<tr class=\"row2\"><td class=\"action-checkbox\"><input class=\"action-select\" name=\"_selected_action\" type=\"checkbox\" value=\"390\" /></td><th class=\"field-name\"><a href=\"/mahaflox/facilities/main_facilities/390/change/\">gjgjgu</a></th><td class=\"field-slug\">gjgjgu</td></tr>\n<tr class=\"row1\"><td class=\"action-checkbox\"><input class=\"action-select\" name=\"_selected_action\" type=\"checkbox\" value=\"389\" /></td><th class=\"field-name\"><a href=\"/mahaflox/facilities/main_facilities/389/change/\">ILEtrqdo</a></th><td class=\"field-slug\">iletrqdo</td></tr>\n<tr class=\"row2\"><td class=\"action-checkbox\"><input class=\"action-select\" name=\"_selected_action\" type=\"checkbox\" value=\"388\" /></td><th class=\"field-name\"><a href=\"/mahaflox/facilities/main_facilities/388/change/\">SheronsClinic</a></th><td class=\"field-slug\">sheronsclinic</td></tr>\n<tr class=\"row1\"><td class=\"action-checkbox\"><input class=\"action-select\" name=\"_selected_action\" type=\"checkbox\" value=\"387\" /></td><th class=\"field-name\"><a href=\"/mahaflox/facilities/main_facilities/387/change/\">wiQqefJS</a></th><td class=\"field-slug\">wiqqefjs</td></tr>\n<tr class=\"row2\"><td class=\"action-checkbox\"><input class=\"action-select\" name=\"_selected_action\" type=\"checkbox\" value=\"386\" /></td><th class=\"field-name\"><a href=\"/mahaflox/facilities/main_facilities/386/change/\">HnobsJlN</a></th><td class=\"field-slug\">hnobsjln</td></tr>\n<tr class=\"row1\"><td class=\"action-checkbox\"><input class=\"action-select\" name=\"_selected_action\" type=\"checkbox\" value=\"385\" /></td><th class=\"field-name\"><a href=\"/mahaflox/facilities/main_facilities/385/change/\">jOJdqoEB</a></th><td class=\"field-slug\">jojdqoeb</td></tr>\n<tr class=\"row2\"><td class=\"action-checkbox\"><input class=\"action-select\" name=\"_selected_action\" type=\"checkbox\" value=\"384\" /></td><th class=\"field-name\"><a href=\"/mahaflox/facilities/main_facilities/384/change/\">kuqkNhUj</a></th><td class=\"field-slug\">kuqknhuj</td></tr>\n<tr class=\"row1\"><td class=\"action-checkbox\"><input class=\"action-select\" name=\"_selected_action\" type=\"checkbox\" value=\"383\" /></td><th class=\"field-name\"><a href=\"/mahaflox/facilities/main_facilities/383/change/\">sdf@gfh</a></th><td class=\"field-slug\">sdfgfh</td></tr>\n<tr class=\"row2\"><td class=\"action-checkbox\"><input class=\"action-select\" name=\"_selected_action\" type=\"checkbox\" value=\"382\" /></td><th class=\"field-name\"><a href=\"/mahaflox/facilities/main_facilities/382/change/\">Yash Clic</a></th><td class=\"field-slug\">yash-clic</td></tr>\n<tr class=\"row1\"><td class=\"action-checkbox\"><input class=\"action-select\" name=\"_selected_action\" type=\"checkbox\" value=\"381\" /></td><th class=\"field-name\"><a href=\"/mahaflox/facilities/main_facilities/381/change/\">ss</a></th><td class=\"field-slug\">ss</td></tr>\n<tr class=\"row2\"><td class=\"action-checkbox\"><input class=\"action-select\" name=\"_selected_action\" type=\"checkbox\" value=\"380\" /></td><th class=\"field-name\"><a href=\"/mahaflox/facilities/main_facilities/380/change/\">WUZcTRHH</a></th><td class=\"field-slug\">wuzctrhh</td></tr>\n<tr class=\"row1\"><td class=\"action-checkbox\"><input class=\"action-select\" name=\"_selected_action\" type=\"checkbox\" value=\"379\" /></td><th class=\"field-name\"><a href=\"/mahaflox/facilities/main_facilities/379/change/\">XsVkcmCW</a></th><td class=\"field-slug\">xsvkcmcw</td></tr>\n<tr class=\"row2\"><td class=\"action-checkbox\"><input class=\"action-select\" name=\"_selected_action\" type=\"checkbox\" value=\"378\" /></td><th class=\"field-name\"><a href=\"/mahaflox/facilities/main_facilities/378/change/\">OlSJNAKU</a></th><td class=\"field-slug\">olsjnaku</td></tr>\n<tr class=\"row1\"><td class=\"action-checkbox\"><input class=\"action-select\" name=\"_selected_action\" type=\"checkbox\" value=\"377\" /></td><th class=\"field-name\"><a href=\"/mahaflox/facilities/main_facilities/377/change/\">tkKgMXZp</a></th><td class=\"field-slug\">tkkgmxzp</td></tr>\n<tr class=\"row2\"><td class=\"action-checkbox\"><input class=\"action-select\" name=\"_selected_action\" type=\"checkbox\" value=\"376\" /></td><th class=\"field-name\"><a href=\"/mahaflox/facilities/main_facilities/376/change/\">xyztNxwF</a></th><td class=\"field-slug\">xyztnxwf</td></tr>\n<tr class=\"row1\"><td class=\"action-checkbox\"><input class=\"action-select\" name=\"_selected_action\" type=\"checkbox\" value=\"375\" /></td><th class=\"field-name\"><a href=\"/mahaflox/facilities/main_facilities/375/change/\">demo123</a></th><td class=\"field-slug\">demo123</td></tr>\n<tr class=\"row2\"><td class=\"action-checkbox\"><input class=\"action-select\" name=\"_selected_action\" type=\"checkbox\" value=\"374\" /></td><th class=\"field-name\"><a href=\"/mahaflox/facilities/main_facilities/374/change/\">Demo</a></th><td class=\"field-slug\">demo</td></tr>\n<tr class=\"row1\"><td class=\"action-checkbox\"><input class=\"action-select\" name=\"_selected_action\" type=\"checkbox\" value=\"373\" /></td><th class=\"field-name\"><a href=\"/mahaflox/facilities/main_facilities/373/change/\">ssss</a></th><td class=\"field-slug\">ssss</td></tr>\n<tr class=\"row2\"><td class=\"action-checkbox\"><input class=\"action-select\" name=\"_selected_action\" type=\"checkbox\" value=\"372\" /></td><th class=\"field-name\"><a href=\"/mahaflox/facilities/main_facilities/372/change/\">sss</a></th><td class=\"field-slug\">sss</td></tr>\n<tr class=\"row1\"><td class=\"action-checkbox\"><input class=\"action-select\" name=\"_selected_action\" type=\"checkbox\" value=\"371\" /></td><th class=\"field-name\"><a href=\"/mahaflox/facilities/main_facilities/371/change/\">newClinic</a></th><td class=\"field-slug\">newclinic</td></tr>\n<tr class=\"row2\"><td class=\"action-checkbox\"><input class=\"action-select\" name=\"_selected_action\" type=\"checkbox\" value=\"370\" /></td><th class=\"field-name\"><a href=\"/mahaflox/facilities/main_facilities/370/change/\">LiveClinic</a></th><td class=\"field-slug\">liveclinic</td></tr>\n<tr class=\"row1\"><td class=\"action-checkbox\"><input class=\"action-select\" name=\"_selected_action\" type=\"checkbox\" value=\"369\" /></td><th class=\"field-name\"><a href=\"/mahaflox/facilities/main_facilities/369/change/\">rohtakClinic</a></th><td class=\"field-slug\">rohtakclinic</td></tr>\n<tr class=\"row2\"><td class=\"action-checkbox\"><input class=\"action-select\" name=\"_selected_action\" type=\"checkbox\" value=\"368\" /></td><th class=\"field-name\"><a href=\"/mahaflox/facilities/main_facilities/368/change/\">City Dental Clinic</a></th><td class=\"field-slug\">city-dental-clinic</td></tr>\n<tr class=\"row1\"><td class=\"action-checkbox\"><input class=\"action-select\" name=\"_selected_action\" type=\"checkbox\" value=\"367\" /></td><th class=\"field-name\"><a href=\"/mahaflox/facilities/main_facilities/367/change/\">ghgfhgf</a></th><td class=\"field-slug\">ghgfhgf</td></tr>\n<tr class=\"row2\"><td class=\"action-checkbox\"><input class=\"action-select\" name=\"_selected_action\" type=\"checkbox\" value=\"366\" /></td><th class=\"field-name\"><a href=\"/mahaflox/facilities/main_facilities/366/change/\">dhyansingh</a></th><td class=\"field-slug\">dhyansingh</td></tr>\n<tr class=\"row1\"><td class=\"action-checkbox\"><input class=\"action-select\" name=\"_selected_action\" type=\"checkbox\" value=\"365\" /></td><th class=\"field-name\"><a href=\"/mahaflox/facilities/main_facilities/365/change/\">my clinic</a></th><td class=\"field-slug\">my-clinic</td></tr>\n<tr class=\"row2\"><td class=\"action-checkbox\"><input class=\"action-select\" name=\"_selected_action\" type=\"checkbox\" value=\"364\" /></td><th class=\"field-name\"><a href=\"/mahaflox/facilities/main_facilities/364/change/\">Boading clinic</a></th><td class=\"field-slug\">boading-clinic</td></tr>\n<tr class=\"row1\"><td class=\"action-checkbox\"><input class=\"action-select\" name=\"_selected_action\" type=\"checkbox\" value=\"363\" /></td><th class=\"field-name\"><a href=\"/mahaflox/facilities/main_facilities/363/change/\">ramnam</a></th><td class=\"field-slug\">ramnam</td></tr>\n<tr class=\"row2\"><td class=\"action-checkbox\"><input class=\"action-select\" name=\"_selected_action\" type=\"checkbox\" value=\"362\" /></td><th class=\"field-name\"><a href=\"/mahaflox/facilities/main_facilities/362/change/\">ghgf@@@@fggfh</a></th><td class=\"field-slug\">ghgffggfh</td></tr>\n<tr class=\"row1\"><td class=\"action-checkbox\"><input class=\"action-select\" name=\"_selected_action\" type=\"checkbox\" value=\"361\" /></td><th class=\"field-name\"><a href=\"/mahaflox/facilities/main_facilities/361/change/\">Yoga Centre</a></th><td class=\"field-slug\">yoga-centre</td></tr>\n<tr class=\"row2\"><td class=\"action-checkbox\"><input class=\"action-select\" name=\"_selected_action\" type=\"checkbox\" value=\"358\" /></td><th class=\"field-name\"><a href=\"/mahaflox/facilities/main_facilities/358/change/\">xyz</a></th><td class=\"field-slug\">xyz</td></tr>\n<tr class=\"row1\"><td class=\"action-checkbox\"><input class=\"action-select\" name=\"_selected_action\" type=\"checkbox\" value=\"357\" /></td><th class=\"field-name\"><a href=\"/mahaflox/facilities/main_facilities/357/change/\">City Dental Clinic</a></th><td class=\"field-slug\">city-dental-clinic</td></tr>\n<tr class=\"row2\"><td class=\"action-checkbox\"><input class=\"action-select\" name=\"_selected_action\" type=\"checkbox\" value=\"356\" /></td><th class=\"field-name\"><a href=\"/mahaflox/facilities/main_facilities/356/change/\">indianClinic</a></th><td class=\"field-slug\">indianclinic</td></tr>\n<tr class=\"row1\"><td class=\"action-checkbox\"><input class=\"action-select\" name=\"_selected_action\" type=\"checkbox\" value=\"355\" /></td><th class=\"field-name\"><a href=\"/mahaflox/facilities/main_facilities/355/change/\">ShhhhClinic</a></th><td class=\"field-slug\">shhhhclinic</td></tr>\n<tr class=\"row2\"><td class=\"action-checkbox\"><input class=\"action-select\" name=\"_selected_action\" type=\"checkbox\" value=\"354\" /></td><th class=\"field-name\"><a href=\"/mahaflox/facilities/main_facilities/354/change/\">Ram Cllll</a></th><td class=\"field-slug\">ram-cllll</td></tr>\n<tr class=\"row1\"><td class=\"action-checkbox\"><input class=\"action-select\" name=\"_selected_action\" type=\"checkbox\" value=\"352\" /></td><th class=\"field-name\"><a href=\"/mahaflox/facilities/main_facilities/352/change/\">my clinic</a></th><td class=\"field-slug\">my-clinic</td></tr>\n<tr class=\"row2\"><td class=\"action-checkbox\"><input class=\"action-select\" name=\"_selected_action\" type=\"checkbox\" value=\"351\" /></td><th class=\"field-name\"><a href=\"/mahaflox/facilities/main_facilities/351/change/\">amits clinic</a></th><td class=\"field-slug\">amits-clinic</td></tr>\n<tr class=\"row1\"><td class=\"action-checkbox\"><input class=\"action-select\" name=\"_selected_action\" type=\"checkbox\" value=\"350\" /></td><th class=\"field-name\"><a href=\"/mahaflox/facilities/main_facilities/350/change/\">gh</a></th><td class=\"field-slug\">gh</td></tr>\n<tr class=\"row2\"><td class=\"action-checkbox\"><input class=\"action-select\" name=\"_selected_action\" type=\"checkbox\" value=\"349\" /></td><th class=\"field-name\"><a href=\"/mahaflox/facilities/main_facilities/349/change/\">City Dental Clinic</a></th><td class=\"field-slug\">city-dental-clinic</td></tr>\n<tr class=\"row1\"><td class=\"action-checkbox\"><input class=\"action-select\" name=\"_selected_action\" type=\"checkbox\" value=\"348\" /></td><th class=\"field-name\"><a href=\"/mahaflox/facilities/main_facilities/348/change/\">City Dental Clinic</a></th><td class=\"field-slug\">city-dental-clinic</td></tr>\n<tr class=\"row2\"><td class=\"action-checkbox\"><input class=\"action-select\" name=\"_selected_action\" type=\"checkbox\" value=\"347\" /></td><th class=\"field-name\"><a href=\"/mahaflox/facilities/main_facilities/347/change/\">DockerClinic</a></th><td class=\"field-slug\">dockerclinic</td></tr>\n<tr class=\"row1\"><td class=\"action-checkbox\"><input class=\"action-select\" name=\"_selected_action\" type=\"checkbox\" value=\"346\" /></td><th class=\"field-name\"><a href=\"/mahaflox/facilities/main_facilities/346/change/\">LFODsRqt</a></th><td class=\"field-slug\">lfodsrqt</td></tr>\n<tr class=\"row2\"><td class=\"action-checkbox\"><input class=\"action-select\" name=\"_selected_action\" type=\"checkbox\" value=\"345\" /></td><th class=\"field-name\"><a href=\"/mahaflox/facilities/main_facilities/345/change/\">UkKpjMhg</a></th><td class=\"field-slug\">ukkpjmhg</td></tr>\n<tr class=\"row1\"><td class=\"action-checkbox\"><input class=\"action-select\" name=\"_selected_action\" type=\"checkbox\" value=\"344\" /></td><th class=\"field-name\"><a href=\"/mahaflox/facilities/main_facilities/344/change/\">kEDrBVYA</a></th><td class=\"field-slug\">kedrbvya</td></tr>\n<tr class=\"row2\"><td class=\"action-checkbox\"><input class=\"action-select\" name=\"_selected_action\" type=\"checkbox\" value=\"343\" /></td><th class=\"field-name\"><a href=\"/mahaflox/facilities/main_facilities/343/change/\">islrhLpo</a></th><td class=\"field-slug\">islrhlpo</td></tr>\n<tr class=\"row1\"><td class=\"action-checkbox\"><input class=\"action-select\" name=\"_selected_action\" type=\"checkbox\" value=\"342\" /></td><th class=\"field-name\"><a href=\"/mahaflox/facilities/main_facilities/342/change/\">LpdcBSDJ</a></th><td class=\"field-slug\">lpdcbsdj</td></tr>\n<tr class=\"row2\"><td class=\"action-checkbox\"><input class=\"action-select\" name=\"_selected_action\" type=\"checkbox\" value=\"341\" /></td><th class=\"field-name\"><a href=\"/mahaflox/facilities/main_facilities/341/change/\">tcJNuaqt</a></th><td class=\"field-slug\">tcjnuaqt</td></tr>\n<tr class=\"row1\"><td class=\"action-checkbox\"><input class=\"action-select\" name=\"_selected_action\" type=\"checkbox\" value=\"340\" /></td><th class=\"field-name\"><a href=\"/mahaflox/facilities/main_facilities/340/change/\">satish kumar mental clinic</a></th><td class=\"field-slug\">satish-kumar-mental-clinic</td></tr>\n<tr class=\"row2\"><td class=\"action-checkbox\"><input class=\"action-select\" name=\"_selected_action\" type=\"checkbox\" value=\"339\" /></td><th class=\"field-name\"><a href=\"/mahaflox/facilities/main_facilities/339/change/\">Automation</a></th><td class=\"field-slug\">automation</td></tr>\n<tr class=\"row1\"><td class=\"action-checkbox\"><input class=\"action-select\" name=\"_selected_action\" type=\"checkbox\" value=\"338\" /></td><th class=\"field-name\"><a href=\"/mahaflox/facilities/main_facilities/338/change/\">LslVhUba</a></th><td class=\"field-slug\">lslvhuba</td></tr>\n<tr class=\"row2\"><td class=\"action-checkbox\"><input class=\"action-select\" name=\"_selected_action\" type=\"checkbox\" value=\"337\" /></td><th class=\"field-name\"><a href=\"/mahaflox/facilities/main_facilities/337/change/\">prBkSBxh</a></th><td class=\"field-slug\">prbksbxh</td></tr>\n<tr class=\"row1\"><td class=\"action-checkbox\"><input class=\"action-select\" name=\"_selected_action\" type=\"checkbox\" value=\"336\" /></td><th class=\"field-name\"><a href=\"/mahaflox/facilities/main_facilities/336/change/\">KghgMZRO</a></th><td class=\"field-slug\">kghgmzro</td></tr>\n<tr class=\"row2\"><td class=\"action-checkbox\"><input class=\"action-select\" name=\"_selected_action\" type=\"checkbox\" value=\"335\" /></td><th class=\"field-name\"><a href=\"/mahaflox/facilities/main_facilities/335/change/\">nNkzROZQ</a></th><td class=\"field-slug\">nnkzrozq</td></tr>\n<tr class=\"row1\"><td class=\"action-checkbox\"><input class=\"action-select\" name=\"_selected_action\" type=\"checkbox\" value=\"334\" /></td><th class=\"field-name\"><a href=\"/mahaflox/facilities/main_facilities/334/change/\">HSHDMezk</a></th><td class=\"field-slug\">hshdmezk</td></tr>\n<tr class=\"row2\"><td class=\"action-checkbox\"><input class=\"action-select\" name=\"_selected_action\" type=\"checkbox\" value=\"333\" /></td><th class=\"field-name\"><a href=\"/mahaflox/facilities/main_facilities/333/change/\">GvTdsnIy</a></th><td class=\"field-slug\">gvtdsniy</td></tr>\n<tr class=\"row1\"><td class=\"action-checkbox\"><input class=\"action-select\" name=\"_selected_action\" type=\"checkbox\" value=\"332\" /></td><th class=\"field-name\"><a href=\"/mahaflox/facilities/main_facilities/332/change/\">BKCFWwgo</a></th><td class=\"field-slug\">bkcfwwgo</td></tr>\n<tr class=\"row2\"><td class=\"action-checkbox\"><input class=\"action-select\" name=\"_selected_action\" type=\"checkbox\" value=\"331\" /></td><th class=\"field-name\"><a href=\"/mahaflox/facilities/main_facilities/331/change/\">yQYjenQy</a></th><td class=\"field-slug\">yqyjenqy</td></tr>\n<tr class=\"row1\"><td class=\"action-checkbox\"><input class=\"action-select\" name=\"_selected_action\" type=\"checkbox\" value=\"330\" /></td><th class=\"field-name\"><a href=\"/mahaflox/facilities/main_facilities/330/change/\">Testing</a></th><td class=\"field-slug\">testing</td></tr>\n<tr class=\"row2\"><td class=\"action-checkbox\"><input class=\"action-select\" name=\"_selected_action\" type=\"checkbox\" value=\"329\" /></td><th class=\"field-name\"><a href=\"/mahaflox/facilities/main_facilities/329/change/\">ss</a></th><td class=\"field-slug\">ss</td></tr>\n<tr class=\"row1\"><td class=\"action-checkbox\"><input class=\"action-select\" name=\"_selected_action\" type=\"checkbox\" value=\"328\" /></td><th class=\"field-name\"><a href=\"/mahaflox/facilities/main_facilities/328/change/\">tbFfvfas</a></th><td class=\"field-slug\">tbffvfas</td></tr>\n<tr class=\"row2\"><td class=\"action-checkbox\"><input class=\"action-select\" name=\"_selected_action\" type=\"checkbox\" value=\"327\" /></td><th class=\"field-name\"><a href=\"/mahaflox/facilities/main_facilities/327/change/\">dqBCNXXE</a></th><td class=\"field-slug\">dqbcnxxe</td></tr>\n<tr class=\"row1\"><td class=\"action-checkbox\"><input class=\"action-select\" name=\"_selected_action\" type=\"checkbox\" value=\"326\" /></td><th class=\"field-name\"><a href=\"/mahaflox/facilities/main_facilities/326/change/\">qGSrfqbz</a></th><td class=\"field-slug\">qgsrfqbz</td></tr>\n<tr class=\"row2\"><td class=\"action-checkbox\"><input class=\"action-select\" name=\"_selected_action\" type=\"checkbox\" value=\"325\" /></td><th class=\"field-name\"><a href=\"/mahaflox/facilities/main_facilities/325/change/\">f</a></th><td class=\"field-slug\">f</td></tr>\n<tr class=\"row1\"><td class=\"action-checkbox\"><input class=\"action-select\" name=\"_selected_action\" type=\"checkbox\" value=\"324\" /></td><th class=\"field-name\"><a href=\"/mahaflox/facilities/main_facilities/324/change/\">LootClinic</a></th><td class=\"field-slug\">lootclinic</td></tr>\n<tr class=\"row2\"><td class=\"action-checkbox\"><input class=\"action-select\" name=\"_selected_action\" type=\"checkbox\" value=\"323\" /></td><th class=\"field-name\"><a href=\"/mahaflox/facilities/main_facilities/323/change/\">aWdDEwPX</a></th><td class=\"field-slug\">awddewpx</td></tr>\n<tr class=\"row1\"><td class=\"action-checkbox\"><input class=\"action-select\" name=\"_selected_action\" type=\"checkbox\" value=\"322\" /></td><th class=\"field-name\"><a href=\"/mahaflox/facilities/main_facilities/322/change/\">Arogyam</a></th><td class=\"field-slug\">arogyam</td></tr>\n<tr class=\"row2\"><td class=\"action-checkbox\"><input class=\"action-select\" name=\"_selected_action\" type=\"checkbox\" value=\"321\" /></td><th class=\"field-name\"><a href=\"/mahaflox/facilities/main_facilities/321/change/\">SS</a></th><td class=\"field-slug\">ss</td></tr>\n<tr class=\"row1\"><td class=\"action-checkbox\"><input class=\"action-select\" name=\"_selected_action\" type=\"checkbox\" value=\"320\" /></td><th class=\"field-name\"><a href=\"/mahaflox/facilities/main_facilities/320/change/\">Kac</a></th><td class=\"field-slug\">kac</td></tr>\n<tr class=\"row2\"><td class=\"action-checkbox\"><input class=\"action-select\" name=\"_selected_action\" type=\"checkbox\" value=\"319\" /></td><th class=\"field-name\"><a href=\"/mahaflox/facilities/main_facilities/319/change/\">lbBDKsTF</a></th><td class=\"field-slug\">lbbdkstf</td></tr>\n<tr class=\"row1\"><td class=\"action-checkbox\"><input class=\"action-select\" name=\"_selected_action\" type=\"checkbox\" value=\"318\" /></td><th class=\"field-name\"><a href=\"/mahaflox/facilities/main_facilities/318/change/\">KzlzbqwF</a></th><td class=\"field-slug\">kzlzbqwf</td></tr>\n<tr class=\"row2\"><td class=\"action-checkbox\"><input class=\"action-select\" name=\"_selected_action\" type=\"checkbox\" value=\"317\" /></td><th class=\"field-name\"><a href=\"/mahaflox/facilities/main_facilities/317/change/\">pyxIgepB</a></th><td class=\"field-slug\">pyxigepb</td></tr>\n</tbody>\n</table>\n</div>\n<p class=\"paginator\">\n<span class=\"this-page\">1</span>\n<a href=\"?p=1\">2</a>\n<a href=\"?p=2\" class=\"end\">3</a>\n268 main_facilitiess\n</p>\n</form>\n</div>\n</div>\n<br class=\"clear\" />\n</div>\n \n<div id=\"footer\"></div>\n</div>\n \n\n\n</body></html>' to contain 'Rahul Yadav'.",
        "stackTrace" : "Error: Failed expectation\n    at /Users/zac01/Documents/protractor/myswaastherp/Profile/verifyProfileDetails.js:55:28\n    at ManagedPromise.invokeCallback_ (/usr/local/lib/node_modules/protractor/node_modules/selenium-webdriver/lib/promise.js:1366:14)\n    at TaskQueue.execute_ (/usr/local/lib/node_modules/protractor/node_modules/selenium-webdriver/lib/promise.js:2970:14)\n    at TaskQueue.executeNext_ (/usr/local/lib/node_modules/protractor/node_modules/selenium-webdriver/lib/promise.js:2953:27)\n    at asyncRun (/usr/local/lib/node_modules/protractor/node_modules/selenium-webdriver/lib/promise.js:2813:27)\n    at /usr/local/lib/node_modules/protractor/node_modules/selenium-webdriver/lib/promise.js:676:7\n    at process._tickCallback (internal/process/next_tick.js:109:7)"
      },
      "testCases" : [ {
        "uid" : "5bd4a8939b51cb57",
        "name" : "checks that doctor name is in page source",
        "title" : "checks that doctor name is in page source",
        "time" : {
          "start" : 1499014440426,
          "stop" : 1499014440754,
          "duration" : 328
        },
        "severity" : "NORMAL",
        "status" : "FAILED"
      } ]
    }, {
      "uid" : "a38a2aad7e314d4",
      "failure" : {
        "message" : "Expected '<!DOCTYPE html><html xmlns=\"http://www.w3.org/1999/xhtml\" lang=\"en-us\"><head>\n<title>Select main_facilities to change | MySwaasth Administration (Development Server)</title>\n<link rel=\"stylesheet\" type=\"text/css\" href=\"/static/admin/css/base.css\" />\n<link rel=\"stylesheet\" type=\"text/css\" href=\"/static/admin/css/changelists.css\" />\n<script type=\"text/javascript\" src=\"/mahaflox/jsi18n/\"></script>\n<script type=\"text/javascript\" src=\"/static/admin/js/core.js\"></script>\n<script type=\"text/javascript\" src=\"/static/admin/js/vendor/jquery/jquery.js\"></script>\n<script type=\"text/javascript\" src=\"/static/admin/js/jquery.init.js\"></script>\n<script type=\"text/javascript\" src=\"/static/admin/js/admin/RelatedObjectLookups.js\"></script>\n<script type=\"text/javascript\" src=\"/static/admin/js/actions.js\"></script>\n<script type=\"text/javascript\" src=\"/static/admin/js/urlify.js\"></script>\n<script type=\"text/javascript\" src=\"/static/admin/js/prepopulate.js\"></script>\n<script type=\"text/javascript\" src=\"/static/admin/js/vendor/xregexp/xregexp.js\"></script>\n<meta name=\"robots\" content=\"NONE,NOARCHIVE\" />\n</head>\n<body class=\" app-facilities model-main_facilities change-list\" data-admin-utc-offset=\"19800\">\n \n<div id=\"container\">\n \n<div id=\"header\">\n<div id=\"branding\">\n<h1 id=\"site-name\"><a href=\"/mahaflox/\">MySwaasth Administration (Development Server)</a></h1>\n</div>\n<div id=\"user-tools\">\nWelcome,\n<strong>admin@innotical.com</strong>.\n<a href=\"/\">View site</a> /\n<a href=\"/mahaflox/password_change/\">Change password</a> /\n<a href=\"/mahaflox/logout/\">Log out</a>\n</div>\n</div>\n \n<div class=\"breadcrumbs\">\n<a href=\"/mahaflox/\">Home</a>\n <a href=\"/mahaflox/facilities/\">Facilities</a>\n Main_facilitiess\n</div>\n \n<div id=\"content\" class=\"flex\">\n<h1>Select main_facilities to change</h1>\n<div id=\"content-main\">\n<ul class=\"object-tools\">\n<li>\n<a href=\"/mahaflox/facilities/main_facilities/add/\" class=\"addlink\">\nAdd main_facilities\n</a>\n</li>\n</ul>\n<div class=\"module\" id=\"changelist\">\n<form id=\"changelist-form\" method=\"post\" novalidate=\"\"><input type=\"hidden\" name=\"csrfmiddlewaretoken\" value=\"SSJHj6CxYuhcVBjibqDswhqpiaIO8BuFEYPWYAPlhT9RFN4UTTdsmu63QQSP1tyQ\" />\n<div class=\"actions\">\n<label>Action: <select name=\"action\" required=\"\">\n<option value=\"\" selected=\"selected\">---------</option>\n<option value=\"delete_selected\">Delete selected main_facilitiess</option>\n</select></label><input class=\"select-across\" name=\"select_across\" type=\"hidden\" value=\"0\" />\n<button type=\"submit\" class=\"button\" title=\"Run the selected action\" name=\"index\" value=\"0\">Go</button>\n<span class=\"action-counter\" data-actions-icnt=\"100\" style=\"display: inline;\">0 of 100 selected</span>\n<span class=\"all\">All 268 selected</span>\n<span class=\"question\">\n<a href=\"#\" title=\"Click here to select the objects across all pages\">Select all 268 main_facilitiess</a>\n</span>\n<span class=\"clear\"><a href=\"#\">Clear selection</a></span>\n</div>\n<div class=\"results\">\n<table id=\"result_list\">\n<thead>\n<tr>\n<th scope=\"col\" class=\"action-checkbox-column\">\n<div class=\"text\"><span><input type=\"checkbox\" id=\"action-toggle\" /></span></div>\n<div class=\"clear\"></div>\n</th>\n<th scope=\"col\" class=\"sortable column-name\">\n<div class=\"text\"><a href=\"?o=1\">Name</a></div>\n<div class=\"clear\"></div>\n</th>\n<th scope=\"col\" class=\"sortable column-slug\">\n<div class=\"text\"><a href=\"?o=2\">Slug</a></div>\n<div class=\"clear\"></div>\n</th>\n</tr>\n</thead>\n<tbody>\n<tr class=\"row1\"><td class=\"action-checkbox\"><input class=\"action-select\" name=\"_selected_action\" type=\"checkbox\" value=\"421\" /></td><th class=\"field-name\"><a href=\"/mahaflox/facilities/main_facilities/421/change/\">RituClinic</a></th><td class=\"field-slug\">rituclinic</td></tr>\n<tr class=\"row2\"><td class=\"action-checkbox\"><input class=\"action-select\" name=\"_selected_action\" type=\"checkbox\" value=\"420\" /></td><th class=\"field-name\"><a href=\"/mahaflox/facilities/main_facilities/420/change/\">Nishi</a></th><td class=\"field-slug\">nishi</td></tr>\n<tr class=\"row1\"><td class=\"action-checkbox\"><input class=\"action-select\" name=\"_selected_action\" type=\"checkbox\" value=\"419\" /></td><th class=\"field-name\"><a href=\"/mahaflox/facilities/main_facilities/419/change/\">night shift2</a></th><td class=\"field-slug\">night-shift2</td></tr>\n<tr class=\"row2\"><td class=\"action-checkbox\"><input class=\"action-select\" name=\"_selected_action\" type=\"checkbox\" value=\"418\" /></td><th class=\"field-name\"><a href=\"/mahaflox/facilities/main_facilities/418/change/\">night shift</a></th><td class=\"field-slug\">night-shift</td></tr>\n<tr class=\"row1\"><td class=\"action-checkbox\"><input class=\"action-select\" name=\"_selected_action\" type=\"checkbox\" value=\"417\" /></td><th class=\"field-name\"><a href=\"/mahaflox/facilities/main_facilities/417/change/\">RadheClinic</a></th><td class=\"field-slug\">radheclinic</td></tr>\n<tr class=\"row2\"><td class=\"action-checkbox\"><input class=\"action-select\" name=\"_selected_action\" type=\"checkbox\" value=\"416\" /></td><th class=\"field-name\"><a href=\"/mahaflox/facilities/main_facilities/416/change/\">SonuClinic</a></th><td class=\"field-slug\">sonuclinic</td></tr>\n<tr class=\"row1\"><td class=\"action-checkbox\"><input class=\"action-select\" name=\"_selected_action\" type=\"checkbox\" value=\"415\" /></td><th class=\"field-name\"><a href=\"/mahaflox/facilities/main_facilities/415/change/\">Facility</a></th><td class=\"field-slug\">facility</td></tr>\n<tr class=\"row2\"><td class=\"action-checkbox\"><input class=\"action-select\" name=\"_selected_action\" type=\"checkbox\" value=\"412\" /></td><th class=\"field-name\"><a href=\"/mahaflox/facilities/main_facilities/412/change/\">kMFYeXCe</a></th><td class=\"field-slug\">kmfyexce</td></tr>\n<tr class=\"row1\"><td class=\"action-checkbox\"><input class=\"action-select\" name=\"_selected_action\" type=\"checkbox\" value=\"411\" /></td><th class=\"field-name\"><a href=\"/mahaflox/facilities/main_facilities/411/change/\">hWKhEmbS</a></th><td class=\"field-slug\">hwkhembs</td></tr>\n<tr class=\"row2\"><td class=\"action-checkbox\"><input class=\"action-select\" name=\"_selected_action\" type=\"checkbox\" value=\"410\" /></td><th class=\"field-name\"><a href=\"/mahaflox/facilities/main_facilities/410/change/\">myAoneClinic</a></th><td class=\"field-slug\">myaoneclinic</td></tr>\n<tr class=\"row1\"><td class=\"action-checkbox\"><input class=\"action-select\" name=\"_selected_action\" type=\"checkbox\" value=\"409\" /></td><th class=\"field-name\"><a href=\"/mahaflox/facilities/main_facilities/409/change/\">satish</a></th><td class=\"field-slug\">satish</td></tr>\n<tr class=\"row2\"><td class=\"action-checkbox\"><input class=\"action-select\" name=\"_selected_action\" type=\"checkbox\" value=\"408\" /></td><th class=\"field-name\"><a href=\"/mahaflox/facilities/main_facilities/408/change/\">Demo</a></th><td class=\"field-slug\">demo</td></tr>\n<tr class=\"row1\"><td class=\"action-checkbox\"><input class=\"action-select\" name=\"_selected_action\" type=\"checkbox\" value=\"407\" /></td><th class=\"field-name\"><a href=\"/mahaflox/facilities/main_facilities/407/change/\">gcygc</a></th><td class=\"field-slug\">gcygc</td></tr>\n<tr class=\"row2\"><td class=\"action-checkbox\"><input class=\"action-select\" name=\"_selected_action\" type=\"checkbox\" value=\"406\" /></td><th class=\"field-name\"><a href=\"/mahaflox/facilities/main_facilities/406/change/\">KRgEiRbx</a></th><td class=\"field-slug\">krgeirbx</td></tr>\n<tr class=\"row1\"><td class=\"action-checkbox\"><input class=\"action-select\" name=\"_selected_action\" type=\"checkbox\" value=\"405\" /></td><th class=\"field-name\"><a href=\"/mahaflox/facilities/main_facilities/405/change/\">Tester's clinic</a></th><td class=\"field-slug\">testers-clinic</td></tr>\n<tr class=\"row2\"><td class=\"action-checkbox\"><input class=\"action-select\" name=\"_selected_action\" type=\"checkbox\" value=\"404\" /></td><th class=\"field-name\"><a href=\"/mahaflox/facilities/main_facilities/404/change/\">rKRAakEU</a></th><td class=\"field-slug\">rkraakeu</td></tr>\n<tr class=\"row1\"><td class=\"action-checkbox\"><input class=\"action-select\" name=\"_selected_action\" type=\"checkbox\" value=\"403\" /></td><th class=\"field-name\"><a href=\"/mahaflox/facilities/main_facilities/403/change/\">SMHHOwna</a></th><td class=\"field-slug\">smhhowna</td></tr>\n<tr class=\"row2\"><td class=\"action-checkbox\"><input class=\"action-select\" name=\"_selected_action\" type=\"checkbox\" value=\"402\" /></td><th class=\"field-name\"><a href=\"/mahaflox/facilities/main_facilities/402/change/\">dcPbFSUq</a></th><td class=\"field-slug\">dcpbfsuq</td></tr>\n<tr class=\"row1\"><td class=\"action-checkbox\"><input class=\"action-select\" name=\"_selected_action\" type=\"checkbox\" value=\"401\" /></td><th class=\"field-name\"><a href=\"/mahaflox/facilities/main_facilities/401/change/\">drygdfg</a></th><td class=\"field-slug\">drygdfg</td></tr>\n<tr class=\"row2\"><td class=\"action-checkbox\"><input class=\"action-select\" name=\"_selected_action\" type=\"checkbox\" value=\"400\" /></td><th class=\"field-name\"><a href=\"/mahaflox/facilities/main_facilities/400/change/\">IwnvkHwE</a></th><td class=\"field-slug\">iwnvkhwe</td></tr>\n<tr class=\"row1\"><td class=\"action-checkbox\"><input class=\"action-select\" name=\"_selected_action\" type=\"checkbox\" value=\"399\" /></td><th class=\"field-name\"><a href=\"/mahaflox/facilities/main_facilities/399/change/\">BdtiwhBj</a></th><td class=\"field-slug\">bdtiwhbj</td></tr>\n<tr class=\"row2\"><td class=\"action-checkbox\"><input class=\"action-select\" name=\"_selected_action\" type=\"checkbox\" value=\"398\" /></td><th class=\"field-name\"><a href=\"/mahaflox/facilities/main_facilities/398/change/\">sSVnfsBx</a></th><td class=\"field-slug\">ssvnfsbx</td></tr>\n<tr class=\"row1\"><td class=\"action-checkbox\"><input class=\"action-select\" name=\"_selected_action\" type=\"checkbox\" value=\"397\" /></td><th class=\"field-name\"><a href=\"/mahaflox/facilities/main_facilities/397/change/\">ogOdwgpY</a></th><td class=\"field-slug\">ogodwgpy</td></tr>\n<tr class=\"row2\"><td class=\"action-checkbox\"><input class=\"action-select\" name=\"_selected_action\" type=\"checkbox\" value=\"396\" /></td><th class=\"field-name\"><a href=\"/mahaflox/facilities/main_facilities/396/change/\">timClinic</a></th><td class=\"field-slug\">timclinic</td></tr>\n<tr class=\"row1\"><td class=\"action-checkbox\"><input class=\"action-select\" name=\"_selected_action\" type=\"checkbox\" value=\"395\" /></td><th class=\"field-name\"><a href=\"/mahaflox/facilities/main_facilities/395/change/\">TESTING</a></th><td class=\"field-slug\">testing</td></tr>\n<tr class=\"row2\"><td class=\"action-checkbox\"><input class=\"action-select\" name=\"_selected_action\" type=\"checkbox\" value=\"394\" /></td><th class=\"field-name\"><a href=\"/mahaflox/facilities/main_facilities/394/change/\">ramsinghClinic</a></th><td class=\"field-slug\">ramsinghclinic</td></tr>\n<tr class=\"row1\"><td class=\"action-checkbox\"><input class=\"action-select\" name=\"_selected_action\" type=\"checkbox\" value=\"393\" /></td><th class=\"field-name\"><a href=\"/mahaflox/facilities/main_facilities/393/change/\">Testing clinic</a></th><td class=\"field-slug\">testing-clinic</td></tr>\n<tr class=\"row2\"><td class=\"action-checkbox\"><input class=\"action-select\" name=\"_selected_action\" type=\"checkbox\" value=\"392\" /></td><th class=\"field-name\"><a href=\"/mahaflox/facilities/main_facilities/392/change/\">TestCaseClinic</a></th><td class=\"field-slug\">testcaseclinic</td></tr>\n<tr class=\"row1\"><td class=\"action-checkbox\"><input class=\"action-select\" name=\"_selected_action\" type=\"checkbox\" value=\"391\" /></td><th class=\"field-name\"><a href=\"/mahaflox/facilities/main_facilities/391/change/\">StephenClinic</a></th><td class=\"field-slug\">stephenclinic</td></tr>\n<tr class=\"row2\"><td class=\"action-checkbox\"><input class=\"action-select\" name=\"_selected_action\" type=\"checkbox\" value=\"390\" /></td><th class=\"field-name\"><a href=\"/mahaflox/facilities/main_facilities/390/change/\">gjgjgu</a></th><td class=\"field-slug\">gjgjgu</td></tr>\n<tr class=\"row1\"><td class=\"action-checkbox\"><input class=\"action-select\" name=\"_selected_action\" type=\"checkbox\" value=\"389\" /></td><th class=\"field-name\"><a href=\"/mahaflox/facilities/main_facilities/389/change/\">ILEtrqdo</a></th><td class=\"field-slug\">iletrqdo</td></tr>\n<tr class=\"row2\"><td class=\"action-checkbox\"><input class=\"action-select\" name=\"_selected_action\" type=\"checkbox\" value=\"388\" /></td><th class=\"field-name\"><a href=\"/mahaflox/facilities/main_facilities/388/change/\">SheronsClinic</a></th><td class=\"field-slug\">sheronsclinic</td></tr>\n<tr class=\"row1\"><td class=\"action-checkbox\"><input class=\"action-select\" name=\"_selected_action\" type=\"checkbox\" value=\"387\" /></td><th class=\"field-name\"><a href=\"/mahaflox/facilities/main_facilities/387/change/\">wiQqefJS</a></th><td class=\"field-slug\">wiqqefjs</td></tr>\n<tr class=\"row2\"><td class=\"action-checkbox\"><input class=\"action-select\" name=\"_selected_action\" type=\"checkbox\" value=\"386\" /></td><th class=\"field-name\"><a href=\"/mahaflox/facilities/main_facilities/386/change/\">HnobsJlN</a></th><td class=\"field-slug\">hnobsjln</td></tr>\n<tr class=\"row1\"><td class=\"action-checkbox\"><input class=\"action-select\" name=\"_selected_action\" type=\"checkbox\" value=\"385\" /></td><th class=\"field-name\"><a href=\"/mahaflox/facilities/main_facilities/385/change/\">jOJdqoEB</a></th><td class=\"field-slug\">jojdqoeb</td></tr>\n<tr class=\"row2\"><td class=\"action-checkbox\"><input class=\"action-select\" name=\"_selected_action\" type=\"checkbox\" value=\"384\" /></td><th class=\"field-name\"><a href=\"/mahaflox/facilities/main_facilities/384/change/\">kuqkNhUj</a></th><td class=\"field-slug\">kuqknhuj</td></tr>\n<tr class=\"row1\"><td class=\"action-checkbox\"><input class=\"action-select\" name=\"_selected_action\" type=\"checkbox\" value=\"383\" /></td><th class=\"field-name\"><a href=\"/mahaflox/facilities/main_facilities/383/change/\">sdf@gfh</a></th><td class=\"field-slug\">sdfgfh</td></tr>\n<tr class=\"row2\"><td class=\"action-checkbox\"><input class=\"action-select\" name=\"_selected_action\" type=\"checkbox\" value=\"382\" /></td><th class=\"field-name\"><a href=\"/mahaflox/facilities/main_facilities/382/change/\">Yash Clic</a></th><td class=\"field-slug\">yash-clic</td></tr>\n<tr class=\"row1\"><td class=\"action-checkbox\"><input class=\"action-select\" name=\"_selected_action\" type=\"checkbox\" value=\"381\" /></td><th class=\"field-name\"><a href=\"/mahaflox/facilities/main_facilities/381/change/\">ss</a></th><td class=\"field-slug\">ss</td></tr>\n<tr class=\"row2\"><td class=\"action-checkbox\"><input class=\"action-select\" name=\"_selected_action\" type=\"checkbox\" value=\"380\" /></td><th class=\"field-name\"><a href=\"/mahaflox/facilities/main_facilities/380/change/\">WUZcTRHH</a></th><td class=\"field-slug\">wuzctrhh</td></tr>\n<tr class=\"row1\"><td class=\"action-checkbox\"><input class=\"action-select\" name=\"_selected_action\" type=\"checkbox\" value=\"379\" /></td><th class=\"field-name\"><a href=\"/mahaflox/facilities/main_facilities/379/change/\">XsVkcmCW</a></th><td class=\"field-slug\">xsvkcmcw</td></tr>\n<tr class=\"row2\"><td class=\"action-checkbox\"><input class=\"action-select\" name=\"_selected_action\" type=\"checkbox\" value=\"378\" /></td><th class=\"field-name\"><a href=\"/mahaflox/facilities/main_facilities/378/change/\">OlSJNAKU</a></th><td class=\"field-slug\">olsjnaku</td></tr>\n<tr class=\"row1\"><td class=\"action-checkbox\"><input class=\"action-select\" name=\"_selected_action\" type=\"checkbox\" value=\"377\" /></td><th class=\"field-name\"><a href=\"/mahaflox/facilities/main_facilities/377/change/\">tkKgMXZp</a></th><td class=\"field-slug\">tkkgmxzp</td></tr>\n<tr class=\"row2\"><td class=\"action-checkbox\"><input class=\"action-select\" name=\"_selected_action\" type=\"checkbox\" value=\"376\" /></td><th class=\"field-name\"><a href=\"/mahaflox/facilities/main_facilities/376/change/\">xyztNxwF</a></th><td class=\"field-slug\">xyztnxwf</td></tr>\n<tr class=\"row1\"><td class=\"action-checkbox\"><input class=\"action-select\" name=\"_selected_action\" type=\"checkbox\" value=\"375\" /></td><th class=\"field-name\"><a href=\"/mahaflox/facilities/main_facilities/375/change/\">demo123</a></th><td class=\"field-slug\">demo123</td></tr>\n<tr class=\"row2\"><td class=\"action-checkbox\"><input class=\"action-select\" name=\"_selected_action\" type=\"checkbox\" value=\"374\" /></td><th class=\"field-name\"><a href=\"/mahaflox/facilities/main_facilities/374/change/\">Demo</a></th><td class=\"field-slug\">demo</td></tr>\n<tr class=\"row1\"><td class=\"action-checkbox\"><input class=\"action-select\" name=\"_selected_action\" type=\"checkbox\" value=\"373\" /></td><th class=\"field-name\"><a href=\"/mahaflox/facilities/main_facilities/373/change/\">ssss</a></th><td class=\"field-slug\">ssss</td></tr>\n<tr class=\"row2\"><td class=\"action-checkbox\"><input class=\"action-select\" name=\"_selected_action\" type=\"checkbox\" value=\"372\" /></td><th class=\"field-name\"><a href=\"/mahaflox/facilities/main_facilities/372/change/\">sss</a></th><td class=\"field-slug\">sss</td></tr>\n<tr class=\"row1\"><td class=\"action-checkbox\"><input class=\"action-select\" name=\"_selected_action\" type=\"checkbox\" value=\"371\" /></td><th class=\"field-name\"><a href=\"/mahaflox/facilities/main_facilities/371/change/\">newClinic</a></th><td class=\"field-slug\">newclinic</td></tr>\n<tr class=\"row2\"><td class=\"action-checkbox\"><input class=\"action-select\" name=\"_selected_action\" type=\"checkbox\" value=\"370\" /></td><th class=\"field-name\"><a href=\"/mahaflox/facilities/main_facilities/370/change/\">LiveClinic</a></th><td class=\"field-slug\">liveclinic</td></tr>\n<tr class=\"row1\"><td class=\"action-checkbox\"><input class=\"action-select\" name=\"_selected_action\" type=\"checkbox\" value=\"369\" /></td><th class=\"field-name\"><a href=\"/mahaflox/facilities/main_facilities/369/change/\">rohtakClinic</a></th><td class=\"field-slug\">rohtakclinic</td></tr>\n<tr class=\"row2\"><td class=\"action-checkbox\"><input class=\"action-select\" name=\"_selected_action\" type=\"checkbox\" value=\"368\" /></td><th class=\"field-name\"><a href=\"/mahaflox/facilities/main_facilities/368/change/\">City Dental Clinic</a></th><td class=\"field-slug\">city-dental-clinic</td></tr>\n<tr class=\"row1\"><td class=\"action-checkbox\"><input class=\"action-select\" name=\"_selected_action\" type=\"checkbox\" value=\"367\" /></td><th class=\"field-name\"><a href=\"/mahaflox/facilities/main_facilities/367/change/\">ghgfhgf</a></th><td class=\"field-slug\">ghgfhgf</td></tr>\n<tr class=\"row2\"><td class=\"action-checkbox\"><input class=\"action-select\" name=\"_selected_action\" type=\"checkbox\" value=\"366\" /></td><th class=\"field-name\"><a href=\"/mahaflox/facilities/main_facilities/366/change/\">dhyansingh</a></th><td class=\"field-slug\">dhyansingh</td></tr>\n<tr class=\"row1\"><td class=\"action-checkbox\"><input class=\"action-select\" name=\"_selected_action\" type=\"checkbox\" value=\"365\" /></td><th class=\"field-name\"><a href=\"/mahaflox/facilities/main_facilities/365/change/\">my clinic</a></th><td class=\"field-slug\">my-clinic</td></tr>\n<tr class=\"row2\"><td class=\"action-checkbox\"><input class=\"action-select\" name=\"_selected_action\" type=\"checkbox\" value=\"364\" /></td><th class=\"field-name\"><a href=\"/mahaflox/facilities/main_facilities/364/change/\">Boading clinic</a></th><td class=\"field-slug\">boading-clinic</td></tr>\n<tr class=\"row1\"><td class=\"action-checkbox\"><input class=\"action-select\" name=\"_selected_action\" type=\"checkbox\" value=\"363\" /></td><th class=\"field-name\"><a href=\"/mahaflox/facilities/main_facilities/363/change/\">ramnam</a></th><td class=\"field-slug\">ramnam</td></tr>\n<tr class=\"row2\"><td class=\"action-checkbox\"><input class=\"action-select\" name=\"_selected_action\" type=\"checkbox\" value=\"362\" /></td><th class=\"field-name\"><a href=\"/mahaflox/facilities/main_facilities/362/change/\">ghgf@@@@fggfh</a></th><td class=\"field-slug\">ghgffggfh</td></tr>\n<tr class=\"row1\"><td class=\"action-checkbox\"><input class=\"action-select\" name=\"_selected_action\" type=\"checkbox\" value=\"361\" /></td><th class=\"field-name\"><a href=\"/mahaflox/facilities/main_facilities/361/change/\">Yoga Centre</a></th><td class=\"field-slug\">yoga-centre</td></tr>\n<tr class=\"row2\"><td class=\"action-checkbox\"><input class=\"action-select\" name=\"_selected_action\" type=\"checkbox\" value=\"358\" /></td><th class=\"field-name\"><a href=\"/mahaflox/facilities/main_facilities/358/change/\">xyz</a></th><td class=\"field-slug\">xyz</td></tr>\n<tr class=\"row1\"><td class=\"action-checkbox\"><input class=\"action-select\" name=\"_selected_action\" type=\"checkbox\" value=\"357\" /></td><th class=\"field-name\"><a href=\"/mahaflox/facilities/main_facilities/357/change/\">City Dental Clinic</a></th><td class=\"field-slug\">city-dental-clinic</td></tr>\n<tr class=\"row2\"><td class=\"action-checkbox\"><input class=\"action-select\" name=\"_selected_action\" type=\"checkbox\" value=\"356\" /></td><th class=\"field-name\"><a href=\"/mahaflox/facilities/main_facilities/356/change/\">indianClinic</a></th><td class=\"field-slug\">indianclinic</td></tr>\n<tr class=\"row1\"><td class=\"action-checkbox\"><input class=\"action-select\" name=\"_selected_action\" type=\"checkbox\" value=\"355\" /></td><th class=\"field-name\"><a href=\"/mahaflox/facilities/main_facilities/355/change/\">ShhhhClinic</a></th><td class=\"field-slug\">shhhhclinic</td></tr>\n<tr class=\"row2\"><td class=\"action-checkbox\"><input class=\"action-select\" name=\"_selected_action\" type=\"checkbox\" value=\"354\" /></td><th class=\"field-name\"><a href=\"/mahaflox/facilities/main_facilities/354/change/\">Ram Cllll</a></th><td class=\"field-slug\">ram-cllll</td></tr>\n<tr class=\"row1\"><td class=\"action-checkbox\"><input class=\"action-select\" name=\"_selected_action\" type=\"checkbox\" value=\"352\" /></td><th class=\"field-name\"><a href=\"/mahaflox/facilities/main_facilities/352/change/\">my clinic</a></th><td class=\"field-slug\">my-clinic</td></tr>\n<tr class=\"row2\"><td class=\"action-checkbox\"><input class=\"action-select\" name=\"_selected_action\" type=\"checkbox\" value=\"351\" /></td><th class=\"field-name\"><a href=\"/mahaflox/facilities/main_facilities/351/change/\">amits clinic</a></th><td class=\"field-slug\">amits-clinic</td></tr>\n<tr class=\"row1\"><td class=\"action-checkbox\"><input class=\"action-select\" name=\"_selected_action\" type=\"checkbox\" value=\"350\" /></td><th class=\"field-name\"><a href=\"/mahaflox/facilities/main_facilities/350/change/\">gh</a></th><td class=\"field-slug\">gh</td></tr>\n<tr class=\"row2\"><td class=\"action-checkbox\"><input class=\"action-select\" name=\"_selected_action\" type=\"checkbox\" value=\"349\" /></td><th class=\"field-name\"><a href=\"/mahaflox/facilities/main_facilities/349/change/\">City Dental Clinic</a></th><td class=\"field-slug\">city-dental-clinic</td></tr>\n<tr class=\"row1\"><td class=\"action-checkbox\"><input class=\"action-select\" name=\"_selected_action\" type=\"checkbox\" value=\"348\" /></td><th class=\"field-name\"><a href=\"/mahaflox/facilities/main_facilities/348/change/\">City Dental Clinic</a></th><td class=\"field-slug\">city-dental-clinic</td></tr>\n<tr class=\"row2\"><td class=\"action-checkbox\"><input class=\"action-select\" name=\"_selected_action\" type=\"checkbox\" value=\"347\" /></td><th class=\"field-name\"><a href=\"/mahaflox/facilities/main_facilities/347/change/\">DockerClinic</a></th><td class=\"field-slug\">dockerclinic</td></tr>\n<tr class=\"row1\"><td class=\"action-checkbox\"><input class=\"action-select\" name=\"_selected_action\" type=\"checkbox\" value=\"346\" /></td><th class=\"field-name\"><a href=\"/mahaflox/facilities/main_facilities/346/change/\">LFODsRqt</a></th><td class=\"field-slug\">lfodsrqt</td></tr>\n<tr class=\"row2\"><td class=\"action-checkbox\"><input class=\"action-select\" name=\"_selected_action\" type=\"checkbox\" value=\"345\" /></td><th class=\"field-name\"><a href=\"/mahaflox/facilities/main_facilities/345/change/\">UkKpjMhg</a></th><td class=\"field-slug\">ukkpjmhg</td></tr>\n<tr class=\"row1\"><td class=\"action-checkbox\"><input class=\"action-select\" name=\"_selected_action\" type=\"checkbox\" value=\"344\" /></td><th class=\"field-name\"><a href=\"/mahaflox/facilities/main_facilities/344/change/\">kEDrBVYA</a></th><td class=\"field-slug\">kedrbvya</td></tr>\n<tr class=\"row2\"><td class=\"action-checkbox\"><input class=\"action-select\" name=\"_selected_action\" type=\"checkbox\" value=\"343\" /></td><th class=\"field-name\"><a href=\"/mahaflox/facilities/main_facilities/343/change/\">islrhLpo</a></th><td class=\"field-slug\">islrhlpo</td></tr>\n<tr class=\"row1\"><td class=\"action-checkbox\"><input class=\"action-select\" name=\"_selected_action\" type=\"checkbox\" value=\"342\" /></td><th class=\"field-name\"><a href=\"/mahaflox/facilities/main_facilities/342/change/\">LpdcBSDJ</a></th><td class=\"field-slug\">lpdcbsdj</td></tr>\n<tr class=\"row2\"><td class=\"action-checkbox\"><input class=\"action-select\" name=\"_selected_action\" type=\"checkbox\" value=\"341\" /></td><th class=\"field-name\"><a href=\"/mahaflox/facilities/main_facilities/341/change/\">tcJNuaqt</a></th><td class=\"field-slug\">tcjnuaqt</td></tr>\n<tr class=\"row1\"><td class=\"action-checkbox\"><input class=\"action-select\" name=\"_selected_action\" type=\"checkbox\" value=\"340\" /></td><th class=\"field-name\"><a href=\"/mahaflox/facilities/main_facilities/340/change/\">satish kumar mental clinic</a></th><td class=\"field-slug\">satish-kumar-mental-clinic</td></tr>\n<tr class=\"row2\"><td class=\"action-checkbox\"><input class=\"action-select\" name=\"_selected_action\" type=\"checkbox\" value=\"339\" /></td><th class=\"field-name\"><a href=\"/mahaflox/facilities/main_facilities/339/change/\">Automation</a></th><td class=\"field-slug\">automation</td></tr>\n<tr class=\"row1\"><td class=\"action-checkbox\"><input class=\"action-select\" name=\"_selected_action\" type=\"checkbox\" value=\"338\" /></td><th class=\"field-name\"><a href=\"/mahaflox/facilities/main_facilities/338/change/\">LslVhUba</a></th><td class=\"field-slug\">lslvhuba</td></tr>\n<tr class=\"row2\"><td class=\"action-checkbox\"><input class=\"action-select\" name=\"_selected_action\" type=\"checkbox\" value=\"337\" /></td><th class=\"field-name\"><a href=\"/mahaflox/facilities/main_facilities/337/change/\">prBkSBxh</a></th><td class=\"field-slug\">prbksbxh</td></tr>\n<tr class=\"row1\"><td class=\"action-checkbox\"><input class=\"action-select\" name=\"_selected_action\" type=\"checkbox\" value=\"336\" /></td><th class=\"field-name\"><a href=\"/mahaflox/facilities/main_facilities/336/change/\">KghgMZRO</a></th><td class=\"field-slug\">kghgmzro</td></tr>\n<tr class=\"row2\"><td class=\"action-checkbox\"><input class=\"action-select\" name=\"_selected_action\" type=\"checkbox\" value=\"335\" /></td><th class=\"field-name\"><a href=\"/mahaflox/facilities/main_facilities/335/change/\">nNkzROZQ</a></th><td class=\"field-slug\">nnkzrozq</td></tr>\n<tr class=\"row1\"><td class=\"action-checkbox\"><input class=\"action-select\" name=\"_selected_action\" type=\"checkbox\" value=\"334\" /></td><th class=\"field-name\"><a href=\"/mahaflox/facilities/main_facilities/334/change/\">HSHDMezk</a></th><td class=\"field-slug\">hshdmezk</td></tr>\n<tr class=\"row2\"><td class=\"action-checkbox\"><input class=\"action-select\" name=\"_selected_action\" type=\"checkbox\" value=\"333\" /></td><th class=\"field-name\"><a href=\"/mahaflox/facilities/main_facilities/333/change/\">GvTdsnIy</a></th><td class=\"field-slug\">gvtdsniy</td></tr>\n<tr class=\"row1\"><td class=\"action-checkbox\"><input class=\"action-select\" name=\"_selected_action\" type=\"checkbox\" value=\"332\" /></td><th class=\"field-name\"><a href=\"/mahaflox/facilities/main_facilities/332/change/\">BKCFWwgo</a></th><td class=\"field-slug\">bkcfwwgo</td></tr>\n<tr class=\"row2\"><td class=\"action-checkbox\"><input class=\"action-select\" name=\"_selected_action\" type=\"checkbox\" value=\"331\" /></td><th class=\"field-name\"><a href=\"/mahaflox/facilities/main_facilities/331/change/\">yQYjenQy</a></th><td class=\"field-slug\">yqyjenqy</td></tr>\n<tr class=\"row1\"><td class=\"action-checkbox\"><input class=\"action-select\" name=\"_selected_action\" type=\"checkbox\" value=\"330\" /></td><th class=\"field-name\"><a href=\"/mahaflox/facilities/main_facilities/330/change/\">Testing</a></th><td class=\"field-slug\">testing</td></tr>\n<tr class=\"row2\"><td class=\"action-checkbox\"><input class=\"action-select\" name=\"_selected_action\" type=\"checkbox\" value=\"329\" /></td><th class=\"field-name\"><a href=\"/mahaflox/facilities/main_facilities/329/change/\">ss</a></th><td class=\"field-slug\">ss</td></tr>\n<tr class=\"row1\"><td class=\"action-checkbox\"><input class=\"action-select\" name=\"_selected_action\" type=\"checkbox\" value=\"328\" /></td><th class=\"field-name\"><a href=\"/mahaflox/facilities/main_facilities/328/change/\">tbFfvfas</a></th><td class=\"field-slug\">tbffvfas</td></tr>\n<tr class=\"row2\"><td class=\"action-checkbox\"><input class=\"action-select\" name=\"_selected_action\" type=\"checkbox\" value=\"327\" /></td><th class=\"field-name\"><a href=\"/mahaflox/facilities/main_facilities/327/change/\">dqBCNXXE</a></th><td class=\"field-slug\">dqbcnxxe</td></tr>\n<tr class=\"row1\"><td class=\"action-checkbox\"><input class=\"action-select\" name=\"_selected_action\" type=\"checkbox\" value=\"326\" /></td><th class=\"field-name\"><a href=\"/mahaflox/facilities/main_facilities/326/change/\">qGSrfqbz</a></th><td class=\"field-slug\">qgsrfqbz</td></tr>\n<tr class=\"row2\"><td class=\"action-checkbox\"><input class=\"action-select\" name=\"_selected_action\" type=\"checkbox\" value=\"325\" /></td><th class=\"field-name\"><a href=\"/mahaflox/facilities/main_facilities/325/change/\">f</a></th><td class=\"field-slug\">f</td></tr>\n<tr class=\"row1\"><td class=\"action-checkbox\"><input class=\"action-select\" name=\"_selected_action\" type=\"checkbox\" value=\"324\" /></td><th class=\"field-name\"><a href=\"/mahaflox/facilities/main_facilities/324/change/\">LootClinic</a></th><td class=\"field-slug\">lootclinic</td></tr>\n<tr class=\"row2\"><td class=\"action-checkbox\"><input class=\"action-select\" name=\"_selected_action\" type=\"checkbox\" value=\"323\" /></td><th class=\"field-name\"><a href=\"/mahaflox/facilities/main_facilities/323/change/\">aWdDEwPX</a></th><td class=\"field-slug\">awddewpx</td></tr>\n<tr class=\"row1\"><td class=\"action-checkbox\"><input class=\"action-select\" name=\"_selected_action\" type=\"checkbox\" value=\"322\" /></td><th class=\"field-name\"><a href=\"/mahaflox/facilities/main_facilities/322/change/\">Arogyam</a></th><td class=\"field-slug\">arogyam</td></tr>\n<tr class=\"row2\"><td class=\"action-checkbox\"><input class=\"action-select\" name=\"_selected_action\" type=\"checkbox\" value=\"321\" /></td><th class=\"field-name\"><a href=\"/mahaflox/facilities/main_facilities/321/change/\">SS</a></th><td class=\"field-slug\">ss</td></tr>\n<tr class=\"row1\"><td class=\"action-checkbox\"><input class=\"action-select\" name=\"_selected_action\" type=\"checkbox\" value=\"320\" /></td><th class=\"field-name\"><a href=\"/mahaflox/facilities/main_facilities/320/change/\">Kac</a></th><td class=\"field-slug\">kac</td></tr>\n<tr class=\"row2\"><td class=\"action-checkbox\"><input class=\"action-select\" name=\"_selected_action\" type=\"checkbox\" value=\"319\" /></td><th class=\"field-name\"><a href=\"/mahaflox/facilities/main_facilities/319/change/\">lbBDKsTF</a></th><td class=\"field-slug\">lbbdkstf</td></tr>\n<tr class=\"row1\"><td class=\"action-checkbox\"><input class=\"action-select\" name=\"_selected_action\" type=\"checkbox\" value=\"318\" /></td><th class=\"field-name\"><a href=\"/mahaflox/facilities/main_facilities/318/change/\">KzlzbqwF</a></th><td class=\"field-slug\">kzlzbqwf</td></tr>\n<tr class=\"row2\"><td class=\"action-checkbox\"><input class=\"action-select\" name=\"_selected_action\" type=\"checkbox\" value=\"317\" /></td><th class=\"field-name\"><a href=\"/mahaflox/facilities/main_facilities/317/change/\">pyxIgepB</a></th><td class=\"field-slug\">pyxigepb</td></tr>\n</tbody>\n</table>\n</div>\n<p class=\"paginator\">\n<span class=\"this-page\">1</span>\n<a href=\"?p=1\">2</a>\n<a href=\"?p=2\" class=\"end\">3</a>\n268 main_facilitiess\n</p>\n</form>\n</div>\n</div>\n<br class=\"clear\" />\n</div>\n \n<div id=\"footer\"></div>\n</div>\n \n\n\n</body></html>' to contain 'ZbzoSdwU'.",
        "stackTrace" : "Error: Failed expectation\n    at /Users/zac01/Documents/protractor/myswaastherp/Profile/verifyProfileDetails.js:61:28\n    at ManagedPromise.invokeCallback_ (/usr/local/lib/node_modules/protractor/node_modules/selenium-webdriver/lib/promise.js:1366:14)\n    at TaskQueue.execute_ (/usr/local/lib/node_modules/protractor/node_modules/selenium-webdriver/lib/promise.js:2970:14)\n    at TaskQueue.executeNext_ (/usr/local/lib/node_modules/protractor/node_modules/selenium-webdriver/lib/promise.js:2953:27)\n    at asyncRun (/usr/local/lib/node_modules/protractor/node_modules/selenium-webdriver/lib/promise.js:2813:27)\n    at /usr/local/lib/node_modules/protractor/node_modules/selenium-webdriver/lib/promise.js:676:7\n    at process._tickCallback (internal/process/next_tick.js:109:7)"
      },
      "testCases" : [ {
        "uid" : "dc3420bdf37459dd",
        "name" : "checks that clinic name is in page source",
        "title" : "checks that clinic name is in page source",
        "time" : {
          "start" : 1499014440754,
          "stop" : 1499014441068,
          "duration" : 314
        },
        "severity" : "NORMAL",
        "status" : "FAILED"
      } ]
    }, {
      "uid" : "263e18ba92f62b25",
      "failure" : {
        "message" : "Expected 'http://apiv4.sia.co.in/mahaflox/facilities/main_facilities/' to equal 'https://myswaastherp.sia.co.in/#/home/profile'.",
        "stackTrace" : "Error: Failed expectation\n    at checkPageLoaded.checkPageURL (/Users/zac01/Documents/protractor/myswaastherp/Profile/verifyProfileDetails.js:12:41)\n    at Object.it (/Users/zac01/Documents/protractor/myswaastherp/Specs/signup-success.spec.js:536:18)\n    at /usr/local/lib/node_modules/protractor/node_modules/jasminewd2/index.js:112:25\n    at new ManagedPromise (/usr/local/lib/node_modules/protractor/node_modules/selenium-webdriver/lib/promise.js:1067:7)\n    at ControlFlow.promise (/usr/local/lib/node_modules/protractor/node_modules/selenium-webdriver/lib/promise.js:2396:12)\n    at schedulerExecute (/usr/local/lib/node_modules/protractor/node_modules/jasminewd2/index.js:95:18)\n    at TaskQueue.execute_ (/usr/local/lib/node_modules/protractor/node_modules/selenium-webdriver/lib/promise.js:2970:14)\n    at TaskQueue.executeNext_ (/usr/local/lib/node_modules/protractor/node_modules/selenium-webdriver/lib/promise.js:2953:27)\n    at asyncRun (/usr/local/lib/node_modules/protractor/node_modules/selenium-webdriver/lib/promise.js:2860:25)"
      },
      "testCases" : [ {
        "uid" : "5c0c94e35d2f40aa",
        "name" : "checks the page url",
        "title" : "checks the page url",
        "time" : {
          "start" : 1499014438494,
          "stop" : 1499014438814,
          "duration" : 320
        },
        "severity" : "NORMAL",
        "status" : "FAILED"
      } ]
    }, {
      "uid" : "a499cb3100ef0275",
      "failure" : {
        "message" : "Failed: Index out of bound. Trying to access element at index: 0, but there are only 0 elements that match locator By(css selector, div#image2_container.card_img_container)",
        "stackTrace" : "NoSuchElementError: Index out of bound. Trying to access element at index: 0, but there are only 0 elements that match locator By(css selector, div#image2_container.card_img_container)\n    at selenium_webdriver_1.promise.all.then (/usr/local/lib/node_modules/protractor/lib/element.ts:287:17)\n    at ManagedPromise.invokeCallback_ (/usr/local/lib/node_modules/protractor/node_modules/selenium-webdriver/lib/promise.js:1366:14)\n    at TaskQueue.execute_ (/usr/local/lib/node_modules/protractor/node_modules/selenium-webdriver/lib/promise.js:2970:14)\n    at TaskQueue.executeNext_ (/usr/local/lib/node_modules/protractor/node_modules/selenium-webdriver/lib/promise.js:2953:27)\n    at asyncRun (/usr/local/lib/node_modules/protractor/node_modules/selenium-webdriver/lib/promise.js:2813:27)\n    at /usr/local/lib/node_modules/protractor/node_modules/selenium-webdriver/lib/promise.js:676:7\n    at process._tickCallback (internal/process/next_tick.js:109:7)Error\n    at ElementArrayFinder.applyAction_ (/usr/local/lib/node_modules/protractor/lib/element.ts:482:23)\n    at ElementArrayFinder.(anonymous function).args [as sendKeys] (/usr/local/lib/node_modules/protractor/lib/element.ts:96:21)\n    at ElementFinder.(anonymous function).args [as sendKeys] (/usr/local/lib/node_modules/protractor/lib/element.ts:873:14)\n    at uploadFileSecond.fileUploadSecond (/Users/zac01/Documents/protractor/myswaastherp/FileUpload/fileupload.js:36:27)\n    at Object.it (/Users/zac01/Documents/protractor/myswaastherp/Specs/signup-success.spec.js:344:17)\n    at /usr/local/lib/node_modules/protractor/node_modules/jasminewd2/index.js:112:25\n    at new ManagedPromise (/usr/local/lib/node_modules/protractor/node_modules/selenium-webdriver/lib/promise.js:1067:7)\n    at ControlFlow.promise (/usr/local/lib/node_modules/protractor/node_modules/selenium-webdriver/lib/promise.js:2396:12)\n    at schedulerExecute (/usr/local/lib/node_modules/protractor/node_modules/jasminewd2/index.js:95:18)\n    at TaskQueue.execute_ (/usr/local/lib/node_modules/protractor/node_modules/selenium-webdriver/lib/promise.js:2970:14)\nFrom: Task: Run it(\"second file upload\") in control flow\n    at Object.<anonymous> (/usr/local/lib/node_modules/protractor/node_modules/jasminewd2/index.js:94:19)\n    at attemptAsync (/usr/local/lib/node_modules/protractor/node_modules/jasmine-core/lib/jasmine-core/jasmine.js:3945:24)\n    at QueueRunner.run (/usr/local/lib/node_modules/protractor/node_modules/jasmine-core/lib/jasmine-core/jasmine.js:3884:9)\n    at QueueRunner.execute (/usr/local/lib/node_modules/protractor/node_modules/jasmine-core/lib/jasmine-core/jasmine.js:3872:10)\n    at Spec.queueRunnerFactory (/usr/local/lib/node_modules/protractor/node_modules/jasmine-core/lib/jasmine-core/jasmine.js:816:35)\n    at Spec.execute (/usr/local/lib/node_modules/protractor/node_modules/jasmine-core/lib/jasmine-core/jasmine.js:473:10)\n    at Object.fn (/usr/local/lib/node_modules/protractor/node_modules/jasmine-core/lib/jasmine-core/jasmine.js:4975:37)\n    at attemptAsync (/usr/local/lib/node_modules/protractor/node_modules/jasmine-core/lib/jasmine-core/jasmine.js:3945:24)\n    at QueueRunner.run (/usr/local/lib/node_modules/protractor/node_modules/jasmine-core/lib/jasmine-core/jasmine.js:3884:9)\n    at QueueRunner.execute (/usr/local/lib/node_modules/protractor/node_modules/jasmine-core/lib/jasmine-core/jasmine.js:3872:10)\nFrom asynchronous test: \nError\n    at Suite.describe (/Users/zac01/Documents/protractor/myswaastherp/Specs/signup-success.spec.js:343:5)\n    at addSpecsToSuite (/usr/local/lib/node_modules/protractor/node_modules/jasmine-core/lib/jasmine-core/jasmine.js:994:25)\n    at Env.describe (/usr/local/lib/node_modules/protractor/node_modules/jasmine-core/lib/jasmine-core/jasmine.js:961:7)\n    at describe (/usr/local/lib/node_modules/protractor/node_modules/jasmine-core/lib/jasmine-core/jasmine.js:4031:18)\n    at Object.<anonymous> (/Users/zac01/Documents/protractor/myswaastherp/Specs/signup-success.spec.js:342:1)\n    at Module._compile (module.js:571:32)\n    at Object.Module._extensions..js (module.js:580:10)\n    at Module.load (module.js:488:32)\n    at tryModuleLoad (module.js:447:12)"
      },
      "testCases" : [ {
        "uid" : "354915fd476257f5",
        "name" : "second file upload",
        "title" : "second file upload",
        "time" : {
          "start" : 1499014418290,
          "stop" : 1499014418776,
          "duration" : 486
        },
        "severity" : "NORMAL",
        "status" : "FAILED"
      } ]
    }, {
      "uid" : "adcdd1f1e0beedae",
      "failure" : {
        "message" : "Failed: No element found using locator: By(css selector, ul.list)",
        "stackTrace" : "NoSuchElementError: No element found using locator: By(css selector, ul.list)\n    at elementArrayFinder.getWebElements.then (/usr/local/lib/node_modules/protractor/lib/element.ts:851:17)\n    at ManagedPromise.invokeCallback_ (/usr/local/lib/node_modules/protractor/node_modules/selenium-webdriver/lib/promise.js:1366:14)\n    at TaskQueue.execute_ (/usr/local/lib/node_modules/protractor/node_modules/selenium-webdriver/lib/promise.js:2970:14)\n    at TaskQueue.executeNext_ (/usr/local/lib/node_modules/protractor/node_modules/selenium-webdriver/lib/promise.js:2953:27)\n    at asyncRun (/usr/local/lib/node_modules/protractor/node_modules/selenium-webdriver/lib/promise.js:2813:27)\n    at /usr/local/lib/node_modules/protractor/node_modules/selenium-webdriver/lib/promise.js:676:7\n    at process._tickCallback (internal/process/next_tick.js:109:7)Error\n    at ElementArrayFinder.applyAction_ (/usr/local/lib/node_modules/protractor/lib/element.ts:482:23)\n    at ElementArrayFinder.(anonymous function).args [as click] (/usr/local/lib/node_modules/protractor/lib/element.ts:96:21)\n    at ElementFinder.(anonymous function).args [as click] (/usr/local/lib/node_modules/protractor/lib/element.ts:873:14)\n    at ClinicDocuments.navigateLink (/Users/zac01/Documents/protractor/myswaastherp/Profile/verifyProfileDetails.js:179:51)\n    at Object.it (/Users/zac01/Documents/protractor/myswaastherp/Specs/signup-success.spec.js:621:18)\n    at /usr/local/lib/node_modules/protractor/node_modules/jasminewd2/index.js:112:25\n    at new ManagedPromise (/usr/local/lib/node_modules/protractor/node_modules/selenium-webdriver/lib/promise.js:1067:7)\n    at ControlFlow.promise (/usr/local/lib/node_modules/protractor/node_modules/selenium-webdriver/lib/promise.js:2396:12)\n    at schedulerExecute (/usr/local/lib/node_modules/protractor/node_modules/jasminewd2/index.js:95:18)\n    at TaskQueue.execute_ (/usr/local/lib/node_modules/protractor/node_modules/selenium-webdriver/lib/promise.js:2970:14)\nFrom: Task: Run it(\"clicks on Documents\") in control flow\n    at Object.<anonymous> (/usr/local/lib/node_modules/protractor/node_modules/jasminewd2/index.js:94:19)\n    at attemptAsync (/usr/local/lib/node_modules/protractor/node_modules/jasmine-core/lib/jasmine-core/jasmine.js:3945:24)\n    at QueueRunner.run (/usr/local/lib/node_modules/protractor/node_modules/jasmine-core/lib/jasmine-core/jasmine.js:3884:9)\n    at QueueRunner.execute (/usr/local/lib/node_modules/protractor/node_modules/jasmine-core/lib/jasmine-core/jasmine.js:3872:10)\n    at Spec.queueRunnerFactory (/usr/local/lib/node_modules/protractor/node_modules/jasmine-core/lib/jasmine-core/jasmine.js:816:35)\n    at Spec.execute (/usr/local/lib/node_modules/protractor/node_modules/jasmine-core/lib/jasmine-core/jasmine.js:473:10)\n    at Object.fn (/usr/local/lib/node_modules/protractor/node_modules/jasmine-core/lib/jasmine-core/jasmine.js:4975:37)\n    at attemptAsync (/usr/local/lib/node_modules/protractor/node_modules/jasmine-core/lib/jasmine-core/jasmine.js:3945:24)\n    at QueueRunner.run (/usr/local/lib/node_modules/protractor/node_modules/jasmine-core/lib/jasmine-core/jasmine.js:3884:9)\n    at QueueRunner.execute (/usr/local/lib/node_modules/protractor/node_modules/jasmine-core/lib/jasmine-core/jasmine.js:3872:10)\nFrom asynchronous test: \nError\n    at Suite.describe (/Users/zac01/Documents/protractor/myswaastherp/Specs/signup-success.spec.js:620:5)\n    at addSpecsToSuite (/usr/local/lib/node_modules/protractor/node_modules/jasmine-core/lib/jasmine-core/jasmine.js:994:25)\n    at Env.describe (/usr/local/lib/node_modules/protractor/node_modules/jasmine-core/lib/jasmine-core/jasmine.js:961:7)\n    at describe (/usr/local/lib/node_modules/protractor/node_modules/jasmine-core/lib/jasmine-core/jasmine.js:4031:18)\n    at Object.<anonymous> (/Users/zac01/Documents/protractor/myswaastherp/Specs/signup-success.spec.js:618:1)\n    at Module._compile (module.js:571:32)\n    at Object.Module._extensions..js (module.js:580:10)\n    at Module.load (module.js:488:32)\n    at tryModuleLoad (module.js:447:12)"
      },
      "testCases" : [ {
        "uid" : "465dd2ca9facfe99",
        "name" : "clicks on Documents",
        "title" : "clicks on Documents",
        "time" : {
          "start" : 1499014443689,
          "stop" : 1499014443998,
          "duration" : 309
        },
        "severity" : "NORMAL",
        "status" : "FAILED"
      }, {
        "uid" : "8766be96c2ed9b21",
        "name" : "gets all the sections to be filled",
        "title" : "gets all the sections to be filled",
        "time" : {
          "start" : 1499014442053,
          "stop" : 1499014442362,
          "duration" : 309
        },
        "severity" : "NORMAL",
        "status" : "FAILED"
      } ]
    }, {
      "uid" : "43cda4f59434c788",
      "failure" : {
        "message" : "Failed: Index out of bound. Trying to access element at index: 0, but there are only 0 elements that match locator By(css selector, div#image3_container.card_img_container)",
        "stackTrace" : "NoSuchElementError: Index out of bound. Trying to access element at index: 0, but there are only 0 elements that match locator By(css selector, div#image3_container.card_img_container)\n    at selenium_webdriver_1.promise.all.then (/usr/local/lib/node_modules/protractor/lib/element.ts:287:17)\n    at ManagedPromise.invokeCallback_ (/usr/local/lib/node_modules/protractor/node_modules/selenium-webdriver/lib/promise.js:1366:14)\n    at TaskQueue.execute_ (/usr/local/lib/node_modules/protractor/node_modules/selenium-webdriver/lib/promise.js:2970:14)\n    at TaskQueue.executeNext_ (/usr/local/lib/node_modules/protractor/node_modules/selenium-webdriver/lib/promise.js:2953:27)\n    at asyncRun (/usr/local/lib/node_modules/protractor/node_modules/selenium-webdriver/lib/promise.js:2813:27)\n    at /usr/local/lib/node_modules/protractor/node_modules/selenium-webdriver/lib/promise.js:676:7\n    at process._tickCallback (internal/process/next_tick.js:109:7)Error\n    at ElementArrayFinder.applyAction_ (/usr/local/lib/node_modules/protractor/lib/element.ts:482:23)\n    at ElementArrayFinder.(anonymous function).args [as sendKeys] (/usr/local/lib/node_modules/protractor/lib/element.ts:96:21)\n    at ElementFinder.(anonymous function).args [as sendKeys] (/usr/local/lib/node_modules/protractor/lib/element.ts:873:14)\n    at uploadFileThird.fileUploadThird (/Users/zac01/Documents/protractor/myswaastherp/FileUpload/fileupload.js:54:27)\n    at Object.it (/Users/zac01/Documents/protractor/myswaastherp/Specs/signup-success.spec.js:352:17)\n    at /usr/local/lib/node_modules/protractor/node_modules/jasminewd2/index.js:112:25\n    at new ManagedPromise (/usr/local/lib/node_modules/protractor/node_modules/selenium-webdriver/lib/promise.js:1067:7)\n    at ControlFlow.promise (/usr/local/lib/node_modules/protractor/node_modules/selenium-webdriver/lib/promise.js:2396:12)\n    at schedulerExecute (/usr/local/lib/node_modules/protractor/node_modules/jasminewd2/index.js:95:18)\n    at TaskQueue.execute_ (/usr/local/lib/node_modules/protractor/node_modules/selenium-webdriver/lib/promise.js:2970:14)\nFrom: Task: Run it(\"uploads third document\") in control flow\n    at Object.<anonymous> (/usr/local/lib/node_modules/protractor/node_modules/jasminewd2/index.js:94:19)\n    at attemptAsync (/usr/local/lib/node_modules/protractor/node_modules/jasmine-core/lib/jasmine-core/jasmine.js:3945:24)\n    at QueueRunner.run (/usr/local/lib/node_modules/protractor/node_modules/jasmine-core/lib/jasmine-core/jasmine.js:3884:9)\n    at QueueRunner.execute (/usr/local/lib/node_modules/protractor/node_modules/jasmine-core/lib/jasmine-core/jasmine.js:3872:10)\n    at Spec.queueRunnerFactory (/usr/local/lib/node_modules/protractor/node_modules/jasmine-core/lib/jasmine-core/jasmine.js:816:35)\n    at Spec.execute (/usr/local/lib/node_modules/protractor/node_modules/jasmine-core/lib/jasmine-core/jasmine.js:473:10)\n    at Object.fn (/usr/local/lib/node_modules/protractor/node_modules/jasmine-core/lib/jasmine-core/jasmine.js:4975:37)\n    at attemptAsync (/usr/local/lib/node_modules/protractor/node_modules/jasmine-core/lib/jasmine-core/jasmine.js:3945:24)\n    at QueueRunner.run (/usr/local/lib/node_modules/protractor/node_modules/jasmine-core/lib/jasmine-core/jasmine.js:3884:9)\n    at QueueRunner.execute (/usr/local/lib/node_modules/protractor/node_modules/jasmine-core/lib/jasmine-core/jasmine.js:3872:10)\nFrom asynchronous test: \nError\n    at Suite.describe (/Users/zac01/Documents/protractor/myswaastherp/Specs/signup-success.spec.js:351:5)\n    at addSpecsToSuite (/usr/local/lib/node_modules/protractor/node_modules/jasmine-core/lib/jasmine-core/jasmine.js:994:25)\n    at Env.describe (/usr/local/lib/node_modules/protractor/node_modules/jasmine-core/lib/jasmine-core/jasmine.js:961:7)\n    at describe (/usr/local/lib/node_modules/protractor/node_modules/jasmine-core/lib/jasmine-core/jasmine.js:4031:18)\n    at Object.<anonymous> (/Users/zac01/Documents/protractor/myswaastherp/Specs/signup-success.spec.js:349:1)\n    at Module._compile (module.js:571:32)\n    at Object.Module._extensions..js (module.js:580:10)\n    at Module.load (module.js:488:32)\n    at tryModuleLoad (module.js:447:12)"
      },
      "testCases" : [ {
        "uid" : "b480bf8b2e067444",
        "name" : "uploads third document",
        "title" : "uploads third document",
        "time" : {
          "start" : 1499014418776,
          "stop" : 1499014419285,
          "duration" : 509
        },
        "severity" : "NORMAL",
        "status" : "FAILED"
      } ]
    }, {
      "uid" : "2f8b6415e2b423c0",
      "failure" : {
        "message" : "Failed: No element found using locator: By(xpath, html/body/app-root/div/app-home/div/div/div[2]/profile-app/div/div[2]/div[1])",
        "stackTrace" : "NoSuchElementError: No element found using locator: By(xpath, html/body/app-root/div/app-home/div/div/div[2]/profile-app/div/div[2]/div[1])\n    at elementArrayFinder.getWebElements.then (/usr/local/lib/node_modules/protractor/lib/element.ts:851:17)\n    at ManagedPromise.invokeCallback_ (/usr/local/lib/node_modules/protractor/node_modules/selenium-webdriver/lib/promise.js:1366:14)\n    at TaskQueue.execute_ (/usr/local/lib/node_modules/protractor/node_modules/selenium-webdriver/lib/promise.js:2970:14)\n    at TaskQueue.executeNext_ (/usr/local/lib/node_modules/protractor/node_modules/selenium-webdriver/lib/promise.js:2953:27)\n    at asyncRun (/usr/local/lib/node_modules/protractor/node_modules/selenium-webdriver/lib/promise.js:2813:27)\n    at /usr/local/lib/node_modules/protractor/node_modules/selenium-webdriver/lib/promise.js:676:7\n    at process._tickCallback (internal/process/next_tick.js:109:7)Error\n    at ElementArrayFinder.applyAction_ (/usr/local/lib/node_modules/protractor/lib/element.ts:482:23)\n    at ElementArrayFinder.(anonymous function).args [as getAttribute] (/usr/local/lib/node_modules/protractor/lib/element.ts:96:21)\n    at ElementFinder.(anonymous function).args [as getAttribute] (/usr/local/lib/node_modules/protractor/lib/element.ts:873:14)\n    at assertProfilePercentage.clinicProgressPercentage (/Users/zac01/Documents/protractor/myswaastherp/Profile/verifyProfileDetails.js:72:64)\n    at Object.it (/Users/zac01/Documents/protractor/myswaastherp/Specs/signup-success.spec.js:579:18)\n    at /usr/local/lib/node_modules/protractor/node_modules/jasminewd2/index.js:112:25\n    at new ManagedPromise (/usr/local/lib/node_modules/protractor/node_modules/selenium-webdriver/lib/promise.js:1067:7)\n    at ControlFlow.promise (/usr/local/lib/node_modules/protractor/node_modules/selenium-webdriver/lib/promise.js:2396:12)\n    at schedulerExecute (/usr/local/lib/node_modules/protractor/node_modules/jasminewd2/index.js:95:18)\n    at TaskQueue.execute_ (/usr/local/lib/node_modules/protractor/node_modules/selenium-webdriver/lib/promise.js:2970:14)\nFrom: Task: Run it(\"gets clinic progress bar percentage\") in control flow\n    at Object.<anonymous> (/usr/local/lib/node_modules/protractor/node_modules/jasminewd2/index.js:94:19)\n    at attemptAsync (/usr/local/lib/node_modules/protractor/node_modules/jasmine-core/lib/jasmine-core/jasmine.js:3945:24)\n    at QueueRunner.run (/usr/local/lib/node_modules/protractor/node_modules/jasmine-core/lib/jasmine-core/jasmine.js:3884:9)\n    at QueueRunner.execute (/usr/local/lib/node_modules/protractor/node_modules/jasmine-core/lib/jasmine-core/jasmine.js:3872:10)\n    at Spec.queueRunnerFactory (/usr/local/lib/node_modules/protractor/node_modules/jasmine-core/lib/jasmine-core/jasmine.js:816:35)\n    at Spec.execute (/usr/local/lib/node_modules/protractor/node_modules/jasmine-core/lib/jasmine-core/jasmine.js:473:10)\n    at Object.fn (/usr/local/lib/node_modules/protractor/node_modules/jasmine-core/lib/jasmine-core/jasmine.js:4975:37)\n    at attemptAsync (/usr/local/lib/node_modules/protractor/node_modules/jasmine-core/lib/jasmine-core/jasmine.js:3945:24)\n    at QueueRunner.run (/usr/local/lib/node_modules/protractor/node_modules/jasmine-core/lib/jasmine-core/jasmine.js:3884:9)\n    at QueueRunner.execute (/usr/local/lib/node_modules/protractor/node_modules/jasmine-core/lib/jasmine-core/jasmine.js:3872:10)\nFrom asynchronous test: \nError\n    at Suite.describe (/Users/zac01/Documents/protractor/myswaastherp/Specs/signup-success.spec.js:578:5)\n    at addSpecsToSuite (/usr/local/lib/node_modules/protractor/node_modules/jasmine-core/lib/jasmine-core/jasmine.js:994:25)\n    at Env.describe (/usr/local/lib/node_modules/protractor/node_modules/jasmine-core/lib/jasmine-core/jasmine.js:961:7)\n    at describe (/usr/local/lib/node_modules/protractor/node_modules/jasmine-core/lib/jasmine-core/jasmine.js:4031:18)\n    at Object.<anonymous> (/Users/zac01/Documents/protractor/myswaastherp/Specs/signup-success.spec.js:576:1)\n    at Module._compile (module.js:571:32)\n    at Object.Module._extensions..js (module.js:580:10)\n    at Module.load (module.js:488:32)\n    at tryModuleLoad (module.js:447:12)"
      },
      "testCases" : [ {
        "uid" : "97bbc21b70c70fc8",
        "name" : "gets clinic progress bar percentage",
        "title" : "gets clinic progress bar percentage",
        "time" : {
          "start" : 1499014441082,
          "stop" : 1499014441415,
          "duration" : 333
        },
        "severity" : "NORMAL",
        "status" : "FAILED"
      }, {
        "uid" : "6cc590177b79e3fc",
        "name" : "clicks on Continue Btn",
        "title" : "clicks on Continue Btn",
        "time" : {
          "start" : 1499014441731,
          "stop" : 1499014442053,
          "duration" : 322
        },
        "severity" : "NORMAL",
        "status" : "FAILED"
      } ]
    }, {
      "uid" : "29a0cb57e9c880a9",
      "failure" : {
        "message" : "Failed: No element found using locator: By(xpath, html/body/app-root/div/app-home/div/div/div[2]/profile-app/div/div[2]/div[2])",
        "stackTrace" : "NoSuchElementError: No element found using locator: By(xpath, html/body/app-root/div/app-home/div/div/div[2]/profile-app/div/div[2]/div[2])\n    at elementArrayFinder.getWebElements.then (/usr/local/lib/node_modules/protractor/lib/element.ts:851:17)\n    at ManagedPromise.invokeCallback_ (/usr/local/lib/node_modules/protractor/node_modules/selenium-webdriver/lib/promise.js:1366:14)\n    at TaskQueue.execute_ (/usr/local/lib/node_modules/protractor/node_modules/selenium-webdriver/lib/promise.js:2970:14)\n    at TaskQueue.executeNext_ (/usr/local/lib/node_modules/protractor/node_modules/selenium-webdriver/lib/promise.js:2953:27)\n    at asyncRun (/usr/local/lib/node_modules/protractor/node_modules/selenium-webdriver/lib/promise.js:2813:27)\n    at /usr/local/lib/node_modules/protractor/node_modules/selenium-webdriver/lib/promise.js:676:7\n    at process._tickCallback (internal/process/next_tick.js:109:7)Error\n    at ElementArrayFinder.applyAction_ (/usr/local/lib/node_modules/protractor/lib/element.ts:482:23)\n    at ElementArrayFinder.(anonymous function).args [as getAttribute] (/usr/local/lib/node_modules/protractor/lib/element.ts:96:21)\n    at ElementFinder.(anonymous function).args [as getAttribute] (/usr/local/lib/node_modules/protractor/lib/element.ts:873:14)\n    at assertProfilePercentage.doctorProgressPercentage (/Users/zac01/Documents/protractor/myswaastherp/Profile/verifyProfileDetails.js:86:64)\n    at Object.it (/Users/zac01/Documents/protractor/myswaastherp/Specs/signup-success.spec.js:583:18)\n    at /usr/local/lib/node_modules/protractor/node_modules/jasminewd2/index.js:112:25\n    at new ManagedPromise (/usr/local/lib/node_modules/protractor/node_modules/selenium-webdriver/lib/promise.js:1067:7)\n    at ControlFlow.promise (/usr/local/lib/node_modules/protractor/node_modules/selenium-webdriver/lib/promise.js:2396:12)\n    at schedulerExecute (/usr/local/lib/node_modules/protractor/node_modules/jasminewd2/index.js:95:18)\n    at TaskQueue.execute_ (/usr/local/lib/node_modules/protractor/node_modules/selenium-webdriver/lib/promise.js:2970:14)\nFrom: Task: Run it(\"gets admin progress bar percentage\") in control flow\n    at Object.<anonymous> (/usr/local/lib/node_modules/protractor/node_modules/jasminewd2/index.js:94:19)\n    at attemptAsync (/usr/local/lib/node_modules/protractor/node_modules/jasmine-core/lib/jasmine-core/jasmine.js:3945:24)\n    at QueueRunner.run (/usr/local/lib/node_modules/protractor/node_modules/jasmine-core/lib/jasmine-core/jasmine.js:3884:9)\n    at QueueRunner.execute (/usr/local/lib/node_modules/protractor/node_modules/jasmine-core/lib/jasmine-core/jasmine.js:3872:10)\n    at Spec.queueRunnerFactory (/usr/local/lib/node_modules/protractor/node_modules/jasmine-core/lib/jasmine-core/jasmine.js:816:35)\n    at Spec.execute (/usr/local/lib/node_modules/protractor/node_modules/jasmine-core/lib/jasmine-core/jasmine.js:473:10)\n    at Object.fn (/usr/local/lib/node_modules/protractor/node_modules/jasmine-core/lib/jasmine-core/jasmine.js:4975:37)\n    at attemptAsync (/usr/local/lib/node_modules/protractor/node_modules/jasmine-core/lib/jasmine-core/jasmine.js:3945:24)\n    at QueueRunner.run (/usr/local/lib/node_modules/protractor/node_modules/jasmine-core/lib/jasmine-core/jasmine.js:3884:9)\n    at /usr/local/lib/node_modules/protractor/node_modules/jasmine-core/lib/jasmine-core/jasmine.js:3924:18\nFrom asynchronous test: \nError\n    at Suite.describe (/Users/zac01/Documents/protractor/myswaastherp/Specs/signup-success.spec.js:582:5)\n    at addSpecsToSuite (/usr/local/lib/node_modules/protractor/node_modules/jasmine-core/lib/jasmine-core/jasmine.js:994:25)\n    at Env.describe (/usr/local/lib/node_modules/protractor/node_modules/jasmine-core/lib/jasmine-core/jasmine.js:961:7)\n    at describe (/usr/local/lib/node_modules/protractor/node_modules/jasmine-core/lib/jasmine-core/jasmine.js:4031:18)\n    at Object.<anonymous> (/Users/zac01/Documents/protractor/myswaastherp/Specs/signup-success.spec.js:576:1)\n    at Module._compile (module.js:571:32)\n    at Object.Module._extensions..js (module.js:580:10)\n    at Module.load (module.js:488:32)\n    at tryModuleLoad (module.js:447:12)"
      },
      "testCases" : [ {
        "uid" : "723e0439414216ba",
        "name" : "gets admin progress bar percentage",
        "title" : "gets admin progress bar percentage",
        "time" : {
          "start" : 1499014441415,
          "stop" : 1499014441731,
          "duration" : 316
        },
        "severity" : "NORMAL",
        "status" : "FAILED"
      } ]
    }, {
      "uid" : "c88a196cbc08236f",
      "failure" : {
        "message" : "Failed: No element found using locator: By(css selector, div#image1_container.card_img_container.my_clinic_button_container)",
        "stackTrace" : "NoSuchElementError: No element found using locator: By(css selector, div#image1_container.card_img_container.my_clinic_button_container)\n    at elementArrayFinder.getWebElements.then (/usr/local/lib/node_modules/protractor/lib/element.ts:851:17)\n    at ManagedPromise.invokeCallback_ (/usr/local/lib/node_modules/protractor/node_modules/selenium-webdriver/lib/promise.js:1366:14)\n    at TaskQueue.execute_ (/usr/local/lib/node_modules/protractor/node_modules/selenium-webdriver/lib/promise.js:2970:14)\n    at TaskQueue.executeNext_ (/usr/local/lib/node_modules/protractor/node_modules/selenium-webdriver/lib/promise.js:2953:27)\n    at asyncRun (/usr/local/lib/node_modules/protractor/node_modules/selenium-webdriver/lib/promise.js:2813:27)\n    at /usr/local/lib/node_modules/protractor/node_modules/selenium-webdriver/lib/promise.js:676:7\n    at process._tickCallback (internal/process/next_tick.js:109:7)Error\n    at ElementArrayFinder.applyAction_ (/usr/local/lib/node_modules/protractor/lib/element.ts:482:23)\n    at ElementArrayFinder.(anonymous function).args [as getAttribute] (/usr/local/lib/node_modules/protractor/lib/element.ts:96:21)\n    at ElementFinder.(anonymous function).args [as getAttribute] (/usr/local/lib/node_modules/protractor/lib/element.ts:873:14)\n    at UpdateClinicInfo.clinicPhotoUpload (/Users/zac01/Documents/protractor/myswaastherp/Profile/verifyProfileDetails.js:131:34)\n    at Object.it (/Users/zac01/Documents/protractor/myswaastherp/Specs/signup-success.spec.js:596:18)\n    at /usr/local/lib/node_modules/protractor/node_modules/jasminewd2/index.js:112:25\n    at new ManagedPromise (/usr/local/lib/node_modules/protractor/node_modules/selenium-webdriver/lib/promise.js:1067:7)\n    at ControlFlow.promise (/usr/local/lib/node_modules/protractor/node_modules/selenium-webdriver/lib/promise.js:2396:12)\n    at schedulerExecute (/usr/local/lib/node_modules/protractor/node_modules/jasminewd2/index.js:95:18)\n    at TaskQueue.execute_ (/usr/local/lib/node_modules/protractor/node_modules/selenium-webdriver/lib/promise.js:2970:14)\nFrom: Task: Run it(\"gets the src for Clinic Image\") in control flow\n    at Object.<anonymous> (/usr/local/lib/node_modules/protractor/node_modules/jasminewd2/index.js:94:19)\n    at attemptAsync (/usr/local/lib/node_modules/protractor/node_modules/jasmine-core/lib/jasmine-core/jasmine.js:3945:24)\n    at QueueRunner.run (/usr/local/lib/node_modules/protractor/node_modules/jasmine-core/lib/jasmine-core/jasmine.js:3884:9)\n    at QueueRunner.execute (/usr/local/lib/node_modules/protractor/node_modules/jasmine-core/lib/jasmine-core/jasmine.js:3872:10)\n    at Spec.queueRunnerFactory (/usr/local/lib/node_modules/protractor/node_modules/jasmine-core/lib/jasmine-core/jasmine.js:816:35)\n    at Spec.execute (/usr/local/lib/node_modules/protractor/node_modules/jasmine-core/lib/jasmine-core/jasmine.js:473:10)\n    at Object.fn (/usr/local/lib/node_modules/protractor/node_modules/jasmine-core/lib/jasmine-core/jasmine.js:4975:37)\n    at attemptAsync (/usr/local/lib/node_modules/protractor/node_modules/jasmine-core/lib/jasmine-core/jasmine.js:3945:24)\n    at QueueRunner.run (/usr/local/lib/node_modules/protractor/node_modules/jasmine-core/lib/jasmine-core/jasmine.js:3884:9)\n    at /usr/local/lib/node_modules/protractor/node_modules/jasmine-core/lib/jasmine-core/jasmine.js:3924:18\nFrom asynchronous test: \nError\n    at Suite.describe (/Users/zac01/Documents/protractor/myswaastherp/Specs/signup-success.spec.js:595:5)\n    at addSpecsToSuite (/usr/local/lib/node_modules/protractor/node_modules/jasmine-core/lib/jasmine-core/jasmine.js:994:25)\n    at Env.describe (/usr/local/lib/node_modules/protractor/node_modules/jasmine-core/lib/jasmine-core/jasmine.js:961:7)\n    at describe (/usr/local/lib/node_modules/protractor/node_modules/jasmine-core/lib/jasmine-core/jasmine.js:4031:18)\n    at Object.<anonymous> (/Users/zac01/Documents/protractor/myswaastherp/Specs/signup-success.spec.js:576:1)\n    at Module._compile (module.js:571:32)\n    at Object.Module._extensions..js (module.js:580:10)\n    at Module.load (module.js:488:32)\n    at tryModuleLoad (module.js:447:12)"
      },
      "testCases" : [ {
        "uid" : "a7e3454fe29e38c9",
        "name" : "gets the src for Clinic Image",
        "title" : "gets the src for Clinic Image",
        "time" : {
          "start" : 1499014442362,
          "stop" : 1499014442678,
          "duration" : 316
        },
        "severity" : "NORMAL",
        "status" : "FAILED"
      } ]
    }, {
      "uid" : "2ef34a372a5b5447",
      "failure" : {
        "message" : "Failed: No element found using locator: By(css selector, [formcontrolname=\"about_clinic\"])",
        "stackTrace" : "NoSuchElementError: No element found using locator: By(css selector, [formcontrolname=\"about_clinic\"])\n    at elementArrayFinder.getWebElements.then (/usr/local/lib/node_modules/protractor/lib/element.ts:851:17)\n    at ManagedPromise.invokeCallback_ (/usr/local/lib/node_modules/protractor/node_modules/selenium-webdriver/lib/promise.js:1366:14)\n    at TaskQueue.execute_ (/usr/local/lib/node_modules/protractor/node_modules/selenium-webdriver/lib/promise.js:2970:14)\n    at TaskQueue.executeNext_ (/usr/local/lib/node_modules/protractor/node_modules/selenium-webdriver/lib/promise.js:2953:27)\n    at asyncRun (/usr/local/lib/node_modules/protractor/node_modules/selenium-webdriver/lib/promise.js:2813:27)\n    at /usr/local/lib/node_modules/protractor/node_modules/selenium-webdriver/lib/promise.js:676:7\n    at process._tickCallback (internal/process/next_tick.js:109:7)Error\n    at ElementArrayFinder.applyAction_ (/usr/local/lib/node_modules/protractor/lib/element.ts:482:23)\n    at ElementArrayFinder.(anonymous function).args [as sendKeys] (/usr/local/lib/node_modules/protractor/lib/element.ts:96:21)\n    at ElementFinder.(anonymous function).args [as sendKeys] (/usr/local/lib/node_modules/protractor/lib/element.ts:873:14)\n    at UpdateClinicInfo.clinicAbout (/Users/zac01/Documents/protractor/myswaastherp/Profile/verifyProfileDetails.js:153:33)\n    at Object.it (/Users/zac01/Documents/protractor/myswaastherp/Specs/signup-success.spec.js:601:18)\n    at /usr/local/lib/node_modules/protractor/node_modules/jasminewd2/index.js:112:25\n    at new ManagedPromise (/usr/local/lib/node_modules/protractor/node_modules/selenium-webdriver/lib/promise.js:1067:7)\n    at ControlFlow.promise (/usr/local/lib/node_modules/protractor/node_modules/selenium-webdriver/lib/promise.js:2396:12)\n    at schedulerExecute (/usr/local/lib/node_modules/protractor/node_modules/jasminewd2/index.js:95:18)\n    at TaskQueue.execute_ (/usr/local/lib/node_modules/protractor/node_modules/selenium-webdriver/lib/promise.js:2970:14)\nFrom: Task: Run it(\"sets clinic description\") in control flow\n    at Object.<anonymous> (/usr/local/lib/node_modules/protractor/node_modules/jasminewd2/index.js:94:19)\n    at attemptAsync (/usr/local/lib/node_modules/protractor/node_modules/jasmine-core/lib/jasmine-core/jasmine.js:3945:24)\n    at QueueRunner.run (/usr/local/lib/node_modules/protractor/node_modules/jasmine-core/lib/jasmine-core/jasmine.js:3884:9)\n    at QueueRunner.execute (/usr/local/lib/node_modules/protractor/node_modules/jasmine-core/lib/jasmine-core/jasmine.js:3872:10)\n    at Spec.queueRunnerFactory (/usr/local/lib/node_modules/protractor/node_modules/jasmine-core/lib/jasmine-core/jasmine.js:816:35)\n    at Spec.execute (/usr/local/lib/node_modules/protractor/node_modules/jasmine-core/lib/jasmine-core/jasmine.js:473:10)\n    at Object.fn (/usr/local/lib/node_modules/protractor/node_modules/jasmine-core/lib/jasmine-core/jasmine.js:4975:37)\n    at attemptAsync (/usr/local/lib/node_modules/protractor/node_modules/jasmine-core/lib/jasmine-core/jasmine.js:3945:24)\n    at QueueRunner.run (/usr/local/lib/node_modules/protractor/node_modules/jasmine-core/lib/jasmine-core/jasmine.js:3884:9)\n    at /usr/local/lib/node_modules/protractor/node_modules/jasmine-core/lib/jasmine-core/jasmine.js:3924:18\nFrom asynchronous test: \nError\n    at Suite.describe (/Users/zac01/Documents/protractor/myswaastherp/Specs/signup-success.spec.js:600:5)\n    at addSpecsToSuite (/usr/local/lib/node_modules/protractor/node_modules/jasmine-core/lib/jasmine-core/jasmine.js:994:25)\n    at Env.describe (/usr/local/lib/node_modules/protractor/node_modules/jasmine-core/lib/jasmine-core/jasmine.js:961:7)\n    at describe (/usr/local/lib/node_modules/protractor/node_modules/jasmine-core/lib/jasmine-core/jasmine.js:4031:18)\n    at Object.<anonymous> (/Users/zac01/Documents/protractor/myswaastherp/Specs/signup-success.spec.js:576:1)\n    at Module._compile (module.js:571:32)\n    at Object.Module._extensions..js (module.js:580:10)\n    at Module.load (module.js:488:32)\n    at tryModuleLoad (module.js:447:12)"
      },
      "testCases" : [ {
        "uid" : "9944236c32c7b37f",
        "name" : "sets clinic description",
        "title" : "sets clinic description",
        "time" : {
          "start" : 1499014442678,
          "stop" : 1499014443016,
          "duration" : 338
        },
        "severity" : "NORMAL",
        "status" : "FAILED"
      } ]
    }, {
      "uid" : "2e6a7071cf47e68f",
      "failure" : {
        "message" : "Failed: No element found using locator: By(css selector, [formcontrolname=\"email\"])",
        "stackTrace" : "NoSuchElementError: No element found using locator: By(css selector, [formcontrolname=\"email\"])\n    at elementArrayFinder.getWebElements.then (/usr/local/lib/node_modules/protractor/lib/element.ts:851:17)\n    at ManagedPromise.invokeCallback_ (/usr/local/lib/node_modules/protractor/node_modules/selenium-webdriver/lib/promise.js:1366:14)\n    at TaskQueue.execute_ (/usr/local/lib/node_modules/protractor/node_modules/selenium-webdriver/lib/promise.js:2970:14)\n    at TaskQueue.executeNext_ (/usr/local/lib/node_modules/protractor/node_modules/selenium-webdriver/lib/promise.js:2953:27)\n    at asyncRun (/usr/local/lib/node_modules/protractor/node_modules/selenium-webdriver/lib/promise.js:2813:27)\n    at /usr/local/lib/node_modules/protractor/node_modules/selenium-webdriver/lib/promise.js:676:7\n    at process._tickCallback (internal/process/next_tick.js:109:7)Error\n    at ElementArrayFinder.applyAction_ (/usr/local/lib/node_modules/protractor/lib/element.ts:482:23)\n    at ElementArrayFinder.(anonymous function).args [as sendKeys] (/usr/local/lib/node_modules/protractor/lib/element.ts:96:21)\n    at ElementFinder.(anonymous function).args [as sendKeys] (/usr/local/lib/node_modules/protractor/lib/element.ts:873:14)\n    at UpdateClinicInfo.setClinicEmail (/Users/zac01/Documents/protractor/myswaastherp/Profile/verifyProfileDetails.js:161:26)\n    at Object.it (/Users/zac01/Documents/protractor/myswaastherp/Specs/signup-success.spec.js:606:18)\n    at /usr/local/lib/node_modules/protractor/node_modules/jasminewd2/index.js:112:25\n    at new ManagedPromise (/usr/local/lib/node_modules/protractor/node_modules/selenium-webdriver/lib/promise.js:1067:7)\n    at ControlFlow.promise (/usr/local/lib/node_modules/protractor/node_modules/selenium-webdriver/lib/promise.js:2396:12)\n    at schedulerExecute (/usr/local/lib/node_modules/protractor/node_modules/jasminewd2/index.js:95:18)\n    at TaskQueue.execute_ (/usr/local/lib/node_modules/protractor/node_modules/selenium-webdriver/lib/promise.js:2970:14)\nFrom: Task: Run it(\"sets clinic email\") in control flow\n    at Object.<anonymous> (/usr/local/lib/node_modules/protractor/node_modules/jasminewd2/index.js:94:19)\n    at attemptAsync (/usr/local/lib/node_modules/protractor/node_modules/jasmine-core/lib/jasmine-core/jasmine.js:3945:24)\n    at QueueRunner.run (/usr/local/lib/node_modules/protractor/node_modules/jasmine-core/lib/jasmine-core/jasmine.js:3884:9)\n    at QueueRunner.execute (/usr/local/lib/node_modules/protractor/node_modules/jasmine-core/lib/jasmine-core/jasmine.js:3872:10)\n    at Spec.queueRunnerFactory (/usr/local/lib/node_modules/protractor/node_modules/jasmine-core/lib/jasmine-core/jasmine.js:816:35)\n    at Spec.execute (/usr/local/lib/node_modules/protractor/node_modules/jasmine-core/lib/jasmine-core/jasmine.js:473:10)\n    at Object.fn (/usr/local/lib/node_modules/protractor/node_modules/jasmine-core/lib/jasmine-core/jasmine.js:4975:37)\n    at attemptAsync (/usr/local/lib/node_modules/protractor/node_modules/jasmine-core/lib/jasmine-core/jasmine.js:3945:24)\n    at QueueRunner.run (/usr/local/lib/node_modules/protractor/node_modules/jasmine-core/lib/jasmine-core/jasmine.js:3884:9)\n    at /usr/local/lib/node_modules/protractor/node_modules/jasmine-core/lib/jasmine-core/jasmine.js:3924:18\nFrom asynchronous test: \nError\n    at Suite.describe (/Users/zac01/Documents/protractor/myswaastherp/Specs/signup-success.spec.js:605:5)\n    at addSpecsToSuite (/usr/local/lib/node_modules/protractor/node_modules/jasmine-core/lib/jasmine-core/jasmine.js:994:25)\n    at Env.describe (/usr/local/lib/node_modules/protractor/node_modules/jasmine-core/lib/jasmine-core/jasmine.js:961:7)\n    at describe (/usr/local/lib/node_modules/protractor/node_modules/jasmine-core/lib/jasmine-core/jasmine.js:4031:18)\n    at Object.<anonymous> (/Users/zac01/Documents/protractor/myswaastherp/Specs/signup-success.spec.js:576:1)\n    at Module._compile (module.js:571:32)\n    at Object.Module._extensions..js (module.js:580:10)\n    at Module.load (module.js:488:32)\n    at tryModuleLoad (module.js:447:12)"
      },
      "testCases" : [ {
        "uid" : "9a35618b3015d306",
        "name" : "sets clinic email",
        "title" : "sets clinic email",
        "time" : {
          "start" : 1499014443016,
          "stop" : 1499014443357,
          "duration" : 341
        },
        "severity" : "NORMAL",
        "status" : "FAILED"
      } ]
    }, {
      "uid" : "d3d60ac52d9cf7b6",
      "failure" : {
        "message" : "Failed: No element found using locator: by.buttonText(\"UPDATE\")",
        "stackTrace" : "NoSuchElementError: No element found using locator: by.buttonText(\"UPDATE\")\n    at elementArrayFinder.getWebElements.then (/usr/local/lib/node_modules/protractor/lib/element.ts:851:17)\n    at ManagedPromise.invokeCallback_ (/usr/local/lib/node_modules/protractor/node_modules/selenium-webdriver/lib/promise.js:1366:14)\n    at TaskQueue.execute_ (/usr/local/lib/node_modules/protractor/node_modules/selenium-webdriver/lib/promise.js:2970:14)\n    at TaskQueue.executeNext_ (/usr/local/lib/node_modules/protractor/node_modules/selenium-webdriver/lib/promise.js:2953:27)\n    at asyncRun (/usr/local/lib/node_modules/protractor/node_modules/selenium-webdriver/lib/promise.js:2813:27)\n    at /usr/local/lib/node_modules/protractor/node_modules/selenium-webdriver/lib/promise.js:676:7\n    at process._tickCallback (internal/process/next_tick.js:109:7)Error\n    at ElementArrayFinder.applyAction_ (/usr/local/lib/node_modules/protractor/lib/element.ts:482:23)\n    at ElementArrayFinder.(anonymous function).args [as click] (/usr/local/lib/node_modules/protractor/lib/element.ts:96:21)\n    at ElementFinder.(anonymous function).args [as click] (/usr/local/lib/node_modules/protractor/lib/element.ts:873:14)\n    at UpdateClinicInfo.updateClinicContact (/Users/zac01/Documents/protractor/myswaastherp/Profile/verifyProfileDetails.js:168:24)\n    at Object.it (/Users/zac01/Documents/protractor/myswaastherp/Specs/signup-success.spec.js:611:18)\n    at /usr/local/lib/node_modules/protractor/node_modules/jasminewd2/index.js:112:25\n    at new ManagedPromise (/usr/local/lib/node_modules/protractor/node_modules/selenium-webdriver/lib/promise.js:1067:7)\n    at ControlFlow.promise (/usr/local/lib/node_modules/protractor/node_modules/selenium-webdriver/lib/promise.js:2396:12)\n    at schedulerExecute (/usr/local/lib/node_modules/protractor/node_modules/jasminewd2/index.js:95:18)\n    at TaskQueue.execute_ (/usr/local/lib/node_modules/protractor/node_modules/selenium-webdriver/lib/promise.js:2970:14)\nFrom: Task: Run it(\"clicks update button\") in control flow\n    at Object.<anonymous> (/usr/local/lib/node_modules/protractor/node_modules/jasminewd2/index.js:94:19)\n    at attemptAsync (/usr/local/lib/node_modules/protractor/node_modules/jasmine-core/lib/jasmine-core/jasmine.js:3945:24)\n    at QueueRunner.run (/usr/local/lib/node_modules/protractor/node_modules/jasmine-core/lib/jasmine-core/jasmine.js:3884:9)\n    at QueueRunner.execute (/usr/local/lib/node_modules/protractor/node_modules/jasmine-core/lib/jasmine-core/jasmine.js:3872:10)\n    at Spec.queueRunnerFactory (/usr/local/lib/node_modules/protractor/node_modules/jasmine-core/lib/jasmine-core/jasmine.js:816:35)\n    at Spec.execute (/usr/local/lib/node_modules/protractor/node_modules/jasmine-core/lib/jasmine-core/jasmine.js:473:10)\n    at Object.fn (/usr/local/lib/node_modules/protractor/node_modules/jasmine-core/lib/jasmine-core/jasmine.js:4975:37)\n    at attemptAsync (/usr/local/lib/node_modules/protractor/node_modules/jasmine-core/lib/jasmine-core/jasmine.js:3945:24)\n    at QueueRunner.run (/usr/local/lib/node_modules/protractor/node_modules/jasmine-core/lib/jasmine-core/jasmine.js:3884:9)\n    at /usr/local/lib/node_modules/protractor/node_modules/jasmine-core/lib/jasmine-core/jasmine.js:3924:18\nFrom asynchronous test: \nError\n    at Suite.describe (/Users/zac01/Documents/protractor/myswaastherp/Specs/signup-success.spec.js:610:5)\n    at addSpecsToSuite (/usr/local/lib/node_modules/protractor/node_modules/jasmine-core/lib/jasmine-core/jasmine.js:994:25)\n    at Env.describe (/usr/local/lib/node_modules/protractor/node_modules/jasmine-core/lib/jasmine-core/jasmine.js:961:7)\n    at describe (/usr/local/lib/node_modules/protractor/node_modules/jasmine-core/lib/jasmine-core/jasmine.js:4031:18)\n    at Object.<anonymous> (/Users/zac01/Documents/protractor/myswaastherp/Specs/signup-success.spec.js:576:1)\n    at Module._compile (module.js:571:32)\n    at Object.Module._extensions..js (module.js:580:10)\n    at Module.load (module.js:488:32)\n    at tryModuleLoad (module.js:447:12)"
      },
      "testCases" : [ {
        "uid" : "1e2304120b78c651",
        "name" : "clicks update button",
        "title" : "clicks update button",
        "time" : {
          "start" : 1499014443357,
          "stop" : 1499014443686,
          "duration" : 329
        },
        "severity" : "NORMAL",
        "status" : "FAILED"
      } ]
    }, {
      "uid" : "fe444751bfd84d21",
      "failure" : {
        "message" : "Failed: No element found using locator: by.buttonText(\"continue\")",
        "stackTrace" : "NoSuchElementError: No element found using locator: by.buttonText(\"continue\")\n    at elementArrayFinder.getWebElements.then (/usr/local/lib/node_modules/protractor/lib/element.ts:851:17)\n    at ManagedPromise.invokeCallback_ (/usr/local/lib/node_modules/protractor/node_modules/selenium-webdriver/lib/promise.js:1366:14)\n    at TaskQueue.execute_ (/usr/local/lib/node_modules/protractor/node_modules/selenium-webdriver/lib/promise.js:2970:14)\n    at TaskQueue.executeNext_ (/usr/local/lib/node_modules/protractor/node_modules/selenium-webdriver/lib/promise.js:2953:27)\n    at asyncRun (/usr/local/lib/node_modules/protractor/node_modules/selenium-webdriver/lib/promise.js:2813:27)\n    at /usr/local/lib/node_modules/protractor/node_modules/selenium-webdriver/lib/promise.js:676:7\n    at process._tickCallback (internal/process/next_tick.js:109:7)Error\n    at ElementArrayFinder.applyAction_ (/usr/local/lib/node_modules/protractor/lib/element.ts:482:23)\n    at ElementArrayFinder.(anonymous function).args [as click] (/usr/local/lib/node_modules/protractor/lib/element.ts:96:21)\n    at ElementFinder.(anonymous function).args [as click] (/usr/local/lib/node_modules/protractor/lib/element.ts:873:14)\n    at continueAhead.clickContinueBtn (/Users/zac01/Documents/protractor/myswaastherp/Complete_Profile/complete-profile.js:38:26)\n    at Object.it (/Users/zac01/Documents/protractor/myswaastherp/Specs/signup-success.spec.js:293:20)\n    at /usr/local/lib/node_modules/protractor/node_modules/jasminewd2/index.js:112:25\n    at new ManagedPromise (/usr/local/lib/node_modules/protractor/node_modules/selenium-webdriver/lib/promise.js:1067:7)\n    at ControlFlow.promise (/usr/local/lib/node_modules/protractor/node_modules/selenium-webdriver/lib/promise.js:2396:12)\n    at schedulerExecute (/usr/local/lib/node_modules/protractor/node_modules/jasminewd2/index.js:95:18)\n    at TaskQueue.execute_ (/usr/local/lib/node_modules/protractor/node_modules/selenium-webdriver/lib/promise.js:2970:14)\nFrom: Task: Run it(\"should click on continue button\") in control flow\n    at Object.<anonymous> (/usr/local/lib/node_modules/protractor/node_modules/jasminewd2/index.js:94:19)\n    at attemptAsync (/usr/local/lib/node_modules/protractor/node_modules/jasmine-core/lib/jasmine-core/jasmine.js:3945:24)\n    at QueueRunner.run (/usr/local/lib/node_modules/protractor/node_modules/jasmine-core/lib/jasmine-core/jasmine.js:3884:9)\n    at QueueRunner.execute (/usr/local/lib/node_modules/protractor/node_modules/jasmine-core/lib/jasmine-core/jasmine.js:3872:10)\n    at Spec.queueRunnerFactory (/usr/local/lib/node_modules/protractor/node_modules/jasmine-core/lib/jasmine-core/jasmine.js:816:35)\n    at Spec.execute (/usr/local/lib/node_modules/protractor/node_modules/jasmine-core/lib/jasmine-core/jasmine.js:473:10)\n    at Object.fn (/usr/local/lib/node_modules/protractor/node_modules/jasmine-core/lib/jasmine-core/jasmine.js:4975:37)\n    at attemptAsync (/usr/local/lib/node_modules/protractor/node_modules/jasmine-core/lib/jasmine-core/jasmine.js:3945:24)\n    at QueueRunner.run (/usr/local/lib/node_modules/protractor/node_modules/jasmine-core/lib/jasmine-core/jasmine.js:3884:9)\n    at QueueRunner.execute (/usr/local/lib/node_modules/protractor/node_modules/jasmine-core/lib/jasmine-core/jasmine.js:3872:10)\nFrom asynchronous test: \nError\n    at Suite.describe (/Users/zac01/Documents/protractor/myswaastherp/Specs/signup-success.spec.js:292:5)\n    at addSpecsToSuite (/usr/local/lib/node_modules/protractor/node_modules/jasmine-core/lib/jasmine-core/jasmine.js:994:25)\n    at Env.describe (/usr/local/lib/node_modules/protractor/node_modules/jasmine-core/lib/jasmine-core/jasmine.js:961:7)\n    at describe (/usr/local/lib/node_modules/protractor/node_modules/jasmine-core/lib/jasmine-core/jasmine.js:4031:18)\n    at Object.<anonymous> (/Users/zac01/Documents/protractor/myswaastherp/Specs/signup-success.spec.js:291:1)\n    at Module._compile (module.js:571:32)\n    at Object.Module._extensions..js (module.js:580:10)\n    at Module.load (module.js:488:32)\n    at tryModuleLoad (module.js:447:12)"
      },
      "testCases" : [ {
        "uid" : "f90488c21d4af571",
        "name" : "should click on continue button",
        "title" : "should click on continue button",
        "time" : {
          "start" : 1499014411249,
          "stop" : 1499014411584,
          "duration" : 335
        },
        "severity" : "NORMAL",
        "status" : "FAILED"
      } ]
    }, {
      "uid" : "58d58d8de465b544",
      "failure" : {
        "message" : "Failed: No element found using locator: By(css selector, input.ui-inputtext.ui-widget.ui-state-default.ui-corner-all)",
        "stackTrace" : "NoSuchElementError: No element found using locator: By(css selector, input.ui-inputtext.ui-widget.ui-state-default.ui-corner-all)\n    at elementArrayFinder.getWebElements.then (/usr/local/lib/node_modules/protractor/lib/element.ts:851:17)\n    at ManagedPromise.invokeCallback_ (/usr/local/lib/node_modules/protractor/node_modules/selenium-webdriver/lib/promise.js:1366:14)\n    at TaskQueue.execute_ (/usr/local/lib/node_modules/protractor/node_modules/selenium-webdriver/lib/promise.js:2970:14)\n    at TaskQueue.executeNext_ (/usr/local/lib/node_modules/protractor/node_modules/selenium-webdriver/lib/promise.js:2953:27)\n    at asyncRun (/usr/local/lib/node_modules/protractor/node_modules/selenium-webdriver/lib/promise.js:2813:27)\n    at /usr/local/lib/node_modules/protractor/node_modules/selenium-webdriver/lib/promise.js:676:7\n    at process._tickCallback (internal/process/next_tick.js:109:7)Error\n    at ElementArrayFinder.applyAction_ (/usr/local/lib/node_modules/protractor/lib/element.ts:482:23)\n    at ElementArrayFinder.(anonymous function).args [as sendKeys] (/usr/local/lib/node_modules/protractor/lib/element.ts:96:21)\n    at ElementFinder.(anonymous function).args [as sendKeys] (/usr/local/lib/node_modules/protractor/lib/element.ts:873:14)\n    at AddProcedure.addProcedureKey (/Users/zac01/Documents/protractor/myswaastherp/AddProcedure/add_procedure.js:13:56)\n    at Object.it (/Users/zac01/Documents/protractor/myswaastherp/Specs/signup-success.spec.js:519:16)\n    at /usr/local/lib/node_modules/protractor/node_modules/jasminewd2/index.js:112:25\n    at new ManagedPromise (/usr/local/lib/node_modules/protractor/node_modules/selenium-webdriver/lib/promise.js:1067:7)\n    at ControlFlow.promise (/usr/local/lib/node_modules/protractor/node_modules/selenium-webdriver/lib/promise.js:2396:12)\n    at schedulerExecute (/usr/local/lib/node_modules/protractor/node_modules/jasminewd2/index.js:95:18)\n    at TaskQueue.execute_ (/usr/local/lib/node_modules/protractor/node_modules/selenium-webdriver/lib/promise.js:2970:14)Error\n    at ElementArrayFinder.applyAction_ (/usr/local/lib/node_modules/protractor/lib/element.ts:482:23)\n    at ElementArrayFinder.(anonymous function).args [as getId] (/usr/local/lib/node_modules/protractor/lib/element.ts:96:21)\n    at ElementFinder.(anonymous function).args [as getId] (/usr/local/lib/node_modules/protractor/lib/element.ts:873:14)\n    at ActionSequence.mouseMove (/usr/local/lib/node_modules/protractor/node_modules/selenium-webdriver/lib/actions.js:151:44)\n    at AddProcedure.addProcedureKey (/Users/zac01/Documents/protractor/myswaastherp/AddProcedure/add_procedure.js:13:27)\n    at Object.it (/Users/zac01/Documents/protractor/myswaastherp/Specs/signup-success.spec.js:519:16)\n    at /usr/local/lib/node_modules/protractor/node_modules/jasminewd2/index.js:112:25\n    at new ManagedPromise (/usr/local/lib/node_modules/protractor/node_modules/selenium-webdriver/lib/promise.js:1067:7)\n    at ControlFlow.promise (/usr/local/lib/node_modules/protractor/node_modules/selenium-webdriver/lib/promise.js:2396:12)\n    at schedulerExecute (/usr/local/lib/node_modules/protractor/node_modules/jasminewd2/index.js:95:18)\nFrom: Task: Run it(\"search a procedure by key\") in control flow\n    at Object.<anonymous> (/usr/local/lib/node_modules/protractor/node_modules/jasminewd2/index.js:94:19)\n    at attemptAsync (/usr/local/lib/node_modules/protractor/node_modules/jasmine-core/lib/jasmine-core/jasmine.js:3945:24)\n    at QueueRunner.run (/usr/local/lib/node_modules/protractor/node_modules/jasmine-core/lib/jasmine-core/jasmine.js:3884:9)\n    at QueueRunner.execute (/usr/local/lib/node_modules/protractor/node_modules/jasmine-core/lib/jasmine-core/jasmine.js:3872:10)\n    at Spec.queueRunnerFactory (/usr/local/lib/node_modules/protractor/node_modules/jasmine-core/lib/jasmine-core/jasmine.js:816:35)\n    at Spec.execute (/usr/local/lib/node_modules/protractor/node_modules/jasmine-core/lib/jasmine-core/jasmine.js:473:10)\n    at Object.fn (/usr/local/lib/node_modules/protractor/node_modules/jasmine-core/lib/jasmine-core/jasmine.js:4975:37)\n    at attemptAsync (/usr/local/lib/node_modules/protractor/node_modules/jasmine-core/lib/jasmine-core/jasmine.js:3945:24)\n    at QueueRunner.run (/usr/local/lib/node_modules/protractor/node_modules/jasmine-core/lib/jasmine-core/jasmine.js:3884:9)\n    at QueueRunner.execute (/usr/local/lib/node_modules/protractor/node_modules/jasmine-core/lib/jasmine-core/jasmine.js:3872:10)\nFrom asynchronous test: \nError\n    at Suite.describe (/Users/zac01/Documents/protractor/myswaastherp/Specs/signup-success.spec.js:518:5)\n    at addSpecsToSuite (/usr/local/lib/node_modules/protractor/node_modules/jasmine-core/lib/jasmine-core/jasmine.js:994:25)\n    at Env.describe (/usr/local/lib/node_modules/protractor/node_modules/jasmine-core/lib/jasmine-core/jasmine.js:961:7)\n    at describe (/usr/local/lib/node_modules/protractor/node_modules/jasmine-core/lib/jasmine-core/jasmine.js:4031:18)\n    at Object.<anonymous> (/Users/zac01/Documents/protractor/myswaastherp/Specs/signup-success.spec.js:516:1)\n    at Module._compile (module.js:571:32)\n    at Object.Module._extensions..js (module.js:580:10)\n    at Module.load (module.js:488:32)\n    at tryModuleLoad (module.js:447:12)"
      },
      "testCases" : [ {
        "uid" : "dfeda29157e88f9c",
        "name" : "search a procedure by key",
        "title" : "search a procedure by key",
        "time" : {
          "start" : 1499014437542,
          "stop" : 1499014437871,
          "duration" : 329
        },
        "severity" : "NORMAL",
        "status" : "FAILED"
      } ]
    }, {
      "uid" : "bc364f283475bcbd",
      "failure" : {
        "message" : "Failed: No element found using locator: By(css selector, [formcontrolname=\"amount\"])",
        "stackTrace" : "NoSuchElementError: No element found using locator: By(css selector, [formcontrolname=\"amount\"])\n    at elementArrayFinder.getWebElements.then (/usr/local/lib/node_modules/protractor/lib/element.ts:851:17)\n    at ManagedPromise.invokeCallback_ (/usr/local/lib/node_modules/protractor/node_modules/selenium-webdriver/lib/promise.js:1366:14)\n    at TaskQueue.execute_ (/usr/local/lib/node_modules/protractor/node_modules/selenium-webdriver/lib/promise.js:2970:14)\n    at TaskQueue.executeNext_ (/usr/local/lib/node_modules/protractor/node_modules/selenium-webdriver/lib/promise.js:2953:27)\n    at asyncRun (/usr/local/lib/node_modules/protractor/node_modules/selenium-webdriver/lib/promise.js:2813:27)\n    at /usr/local/lib/node_modules/protractor/node_modules/selenium-webdriver/lib/promise.js:676:7\n    at process._tickCallback (internal/process/next_tick.js:109:7)Error\n    at ElementArrayFinder.applyAction_ (/usr/local/lib/node_modules/protractor/lib/element.ts:482:23)\n    at ElementArrayFinder.(anonymous function).args [as sendKeys] (/usr/local/lib/node_modules/protractor/lib/element.ts:96:21)\n    at ElementFinder.(anonymous function).args [as sendKeys] (/usr/local/lib/node_modules/protractor/lib/element.ts:873:14)\n    at AddProcedure.addAmountForProcedure (/Users/zac01/Documents/protractor/myswaastherp/AddProcedure/add_procedure.js:23:21)\n    at Object.it (/Users/zac01/Documents/protractor/myswaastherp/Specs/signup-success.spec.js:523:16)\n    at /usr/local/lib/node_modules/protractor/node_modules/jasminewd2/index.js:112:25\n    at new ManagedPromise (/usr/local/lib/node_modules/protractor/node_modules/selenium-webdriver/lib/promise.js:1067:7)\n    at ControlFlow.promise (/usr/local/lib/node_modules/protractor/node_modules/selenium-webdriver/lib/promise.js:2396:12)\n    at schedulerExecute (/usr/local/lib/node_modules/protractor/node_modules/jasminewd2/index.js:95:18)\n    at TaskQueue.execute_ (/usr/local/lib/node_modules/protractor/node_modules/selenium-webdriver/lib/promise.js:2970:14)\nFrom: Task: Run it(\"enter a price for procedure\") in control flow\n    at Object.<anonymous> (/usr/local/lib/node_modules/protractor/node_modules/jasminewd2/index.js:94:19)\n    at attemptAsync (/usr/local/lib/node_modules/protractor/node_modules/jasmine-core/lib/jasmine-core/jasmine.js:3945:24)\n    at QueueRunner.run (/usr/local/lib/node_modules/protractor/node_modules/jasmine-core/lib/jasmine-core/jasmine.js:3884:9)\n    at QueueRunner.execute (/usr/local/lib/node_modules/protractor/node_modules/jasmine-core/lib/jasmine-core/jasmine.js:3872:10)\n    at Spec.queueRunnerFactory (/usr/local/lib/node_modules/protractor/node_modules/jasmine-core/lib/jasmine-core/jasmine.js:816:35)\n    at Spec.execute (/usr/local/lib/node_modules/protractor/node_modules/jasmine-core/lib/jasmine-core/jasmine.js:473:10)\n    at Object.fn (/usr/local/lib/node_modules/protractor/node_modules/jasmine-core/lib/jasmine-core/jasmine.js:4975:37)\n    at attemptAsync (/usr/local/lib/node_modules/protractor/node_modules/jasmine-core/lib/jasmine-core/jasmine.js:3945:24)\n    at QueueRunner.run (/usr/local/lib/node_modules/protractor/node_modules/jasmine-core/lib/jasmine-core/jasmine.js:3884:9)\n    at /usr/local/lib/node_modules/protractor/node_modules/jasmine-core/lib/jasmine-core/jasmine.js:3924:18\nFrom asynchronous test: \nError\n    at Suite.describe (/Users/zac01/Documents/protractor/myswaastherp/Specs/signup-success.spec.js:522:5)\n    at addSpecsToSuite (/usr/local/lib/node_modules/protractor/node_modules/jasmine-core/lib/jasmine-core/jasmine.js:994:25)\n    at Env.describe (/usr/local/lib/node_modules/protractor/node_modules/jasmine-core/lib/jasmine-core/jasmine.js:961:7)\n    at describe (/usr/local/lib/node_modules/protractor/node_modules/jasmine-core/lib/jasmine-core/jasmine.js:4031:18)\n    at Object.<anonymous> (/Users/zac01/Documents/protractor/myswaastherp/Specs/signup-success.spec.js:516:1)\n    at Module._compile (module.js:571:32)\n    at Object.Module._extensions..js (module.js:580:10)\n    at Module.load (module.js:488:32)\n    at tryModuleLoad (module.js:447:12)"
      },
      "testCases" : [ {
        "uid" : "e0d03940d4d1edf6",
        "name" : "enter a price for procedure",
        "title" : "enter a price for procedure",
        "time" : {
          "start" : 1499014437871,
          "stop" : 1499014438186,
          "duration" : 315
        },
        "severity" : "NORMAL",
        "status" : "FAILED"
      } ]
    }, {
      "uid" : "9f5063740282b084",
      "failure" : {
        "message" : "Failed: No element found using locator: by.buttonText(\"DONE\")",
        "stackTrace" : "NoSuchElementError: No element found using locator: by.buttonText(\"DONE\")\n    at elementArrayFinder.getWebElements.then (/usr/local/lib/node_modules/protractor/lib/element.ts:851:17)\n    at ManagedPromise.invokeCallback_ (/usr/local/lib/node_modules/protractor/node_modules/selenium-webdriver/lib/promise.js:1366:14)\n    at TaskQueue.execute_ (/usr/local/lib/node_modules/protractor/node_modules/selenium-webdriver/lib/promise.js:2970:14)\n    at TaskQueue.executeNext_ (/usr/local/lib/node_modules/protractor/node_modules/selenium-webdriver/lib/promise.js:2953:27)\n    at asyncRun (/usr/local/lib/node_modules/protractor/node_modules/selenium-webdriver/lib/promise.js:2813:27)\n    at /usr/local/lib/node_modules/protractor/node_modules/selenium-webdriver/lib/promise.js:676:7\n    at process._tickCallback (internal/process/next_tick.js:109:7)Error\n    at ElementArrayFinder.applyAction_ (/usr/local/lib/node_modules/protractor/lib/element.ts:482:23)\n    at ElementArrayFinder.(anonymous function).args [as click] (/usr/local/lib/node_modules/protractor/lib/element.ts:96:21)\n    at ElementFinder.(anonymous function).args [as click] (/usr/local/lib/node_modules/protractor/lib/element.ts:873:14)\n    at AddProcedure.submitDone (/Users/zac01/Documents/protractor/myswaastherp/AddProcedure/add_procedure.js:30:24)\n    at Object.it (/Users/zac01/Documents/protractor/myswaastherp/Specs/signup-success.spec.js:527:16)\n    at /usr/local/lib/node_modules/protractor/node_modules/jasminewd2/index.js:112:25\n    at new ManagedPromise (/usr/local/lib/node_modules/protractor/node_modules/selenium-webdriver/lib/promise.js:1067:7)\n    at ControlFlow.promise (/usr/local/lib/node_modules/protractor/node_modules/selenium-webdriver/lib/promise.js:2396:12)\n    at schedulerExecute (/usr/local/lib/node_modules/protractor/node_modules/jasminewd2/index.js:95:18)\n    at TaskQueue.execute_ (/usr/local/lib/node_modules/protractor/node_modules/selenium-webdriver/lib/promise.js:2970:14)\nFrom: Task: Run it(\"click on Done button\") in control flow\n    at Object.<anonymous> (/usr/local/lib/node_modules/protractor/node_modules/jasminewd2/index.js:94:19)\n    at attemptAsync (/usr/local/lib/node_modules/protractor/node_modules/jasmine-core/lib/jasmine-core/jasmine.js:3945:24)\n    at QueueRunner.run (/usr/local/lib/node_modules/protractor/node_modules/jasmine-core/lib/jasmine-core/jasmine.js:3884:9)\n    at QueueRunner.execute (/usr/local/lib/node_modules/protractor/node_modules/jasmine-core/lib/jasmine-core/jasmine.js:3872:10)\n    at Spec.queueRunnerFactory (/usr/local/lib/node_modules/protractor/node_modules/jasmine-core/lib/jasmine-core/jasmine.js:816:35)\n    at Spec.execute (/usr/local/lib/node_modules/protractor/node_modules/jasmine-core/lib/jasmine-core/jasmine.js:473:10)\n    at Object.fn (/usr/local/lib/node_modules/protractor/node_modules/jasmine-core/lib/jasmine-core/jasmine.js:4975:37)\n    at attemptAsync (/usr/local/lib/node_modules/protractor/node_modules/jasmine-core/lib/jasmine-core/jasmine.js:3945:24)\n    at QueueRunner.run (/usr/local/lib/node_modules/protractor/node_modules/jasmine-core/lib/jasmine-core/jasmine.js:3884:9)\n    at /usr/local/lib/node_modules/protractor/node_modules/jasmine-core/lib/jasmine-core/jasmine.js:3924:18\nFrom asynchronous test: \nError\n    at Suite.describe (/Users/zac01/Documents/protractor/myswaastherp/Specs/signup-success.spec.js:526:5)\n    at addSpecsToSuite (/usr/local/lib/node_modules/protractor/node_modules/jasmine-core/lib/jasmine-core/jasmine.js:994:25)\n    at Env.describe (/usr/local/lib/node_modules/protractor/node_modules/jasmine-core/lib/jasmine-core/jasmine.js:961:7)\n    at describe (/usr/local/lib/node_modules/protractor/node_modules/jasmine-core/lib/jasmine-core/jasmine.js:4031:18)\n    at Object.<anonymous> (/Users/zac01/Documents/protractor/myswaastherp/Specs/signup-success.spec.js:516:1)\n    at Module._compile (module.js:571:32)\n    at Object.Module._extensions..js (module.js:580:10)\n    at Module.load (module.js:488:32)\n    at tryModuleLoad (module.js:447:12)"
      },
      "testCases" : [ {
        "uid" : "b05a0b3523a54352",
        "name" : "click on Done button",
        "title" : "click on Done button",
        "time" : {
          "start" : 1499014438186,
          "stop" : 1499014438492,
          "duration" : 306
        },
        "severity" : "NORMAL",
        "status" : "FAILED"
      } ]
    }, {
      "uid" : "fa5fed4d7049e2e1",
      "failure" : {
        "message" : "Failed: Index out of bound. Trying to access element at index: 0, but there are only 0 elements that match locator By(css selector, div.ui-g-3.ui-md-2.ui-lg-3.ui-sm-10)",
        "stackTrace" : "NoSuchElementError: Index out of bound. Trying to access element at index: 0, but there are only 0 elements that match locator By(css selector, div.ui-g-3.ui-md-2.ui-lg-3.ui-sm-10)\n    at selenium_webdriver_1.promise.all.then (/usr/local/lib/node_modules/protractor/lib/element.ts:287:17)\n    at ManagedPromise.invokeCallback_ (/usr/local/lib/node_modules/protractor/node_modules/selenium-webdriver/lib/promise.js:1366:14)\n    at TaskQueue.execute_ (/usr/local/lib/node_modules/protractor/node_modules/selenium-webdriver/lib/promise.js:2970:14)\n    at TaskQueue.executeNext_ (/usr/local/lib/node_modules/protractor/node_modules/selenium-webdriver/lib/promise.js:2953:27)\n    at asyncRun (/usr/local/lib/node_modules/protractor/node_modules/selenium-webdriver/lib/promise.js:2813:27)\n    at /usr/local/lib/node_modules/protractor/node_modules/selenium-webdriver/lib/promise.js:676:7\n    at process._tickCallback (internal/process/next_tick.js:109:7)Error\n    at ElementArrayFinder.applyAction_ (/usr/local/lib/node_modules/protractor/lib/element.ts:482:23)\n    at ElementArrayFinder.(anonymous function).args [as sendKeys] (/usr/local/lib/node_modules/protractor/lib/element.ts:96:21)\n    at ElementFinder.(anonymous function).args [as sendKeys] (/usr/local/lib/node_modules/protractor/lib/element.ts:873:14)\n    at setStaffName (/Users/zac01/Documents/protractor/myswaastherp/AddStaff/addStaff.js:70:29)\n    at Object.it (/Users/zac01/Documents/protractor/myswaastherp/Specs/signup-success.spec.js:501:23)\n    at /usr/local/lib/node_modules/protractor/node_modules/jasminewd2/index.js:112:25\n    at new ManagedPromise (/usr/local/lib/node_modules/protractor/node_modules/selenium-webdriver/lib/promise.js:1067:7)\n    at ControlFlow.promise (/usr/local/lib/node_modules/protractor/node_modules/selenium-webdriver/lib/promise.js:2396:12)\n    at schedulerExecute (/usr/local/lib/node_modules/protractor/node_modules/jasminewd2/index.js:95:18)\n    at TaskQueue.execute_ (/usr/local/lib/node_modules/protractor/node_modules/selenium-webdriver/lib/promise.js:2970:14)\nFrom: Task: Run it(\"setting staff details with name and other details\") in control flow\n    at Object.<anonymous> (/usr/local/lib/node_modules/protractor/node_modules/jasminewd2/index.js:94:19)\n    at attemptAsync (/usr/local/lib/node_modules/protractor/node_modules/jasmine-core/lib/jasmine-core/jasmine.js:3945:24)\n    at QueueRunner.run (/usr/local/lib/node_modules/protractor/node_modules/jasmine-core/lib/jasmine-core/jasmine.js:3884:9)\n    at QueueRunner.execute (/usr/local/lib/node_modules/protractor/node_modules/jasmine-core/lib/jasmine-core/jasmine.js:3872:10)\n    at Spec.queueRunnerFactory (/usr/local/lib/node_modules/protractor/node_modules/jasmine-core/lib/jasmine-core/jasmine.js:816:35)\n    at Spec.execute (/usr/local/lib/node_modules/protractor/node_modules/jasmine-core/lib/jasmine-core/jasmine.js:473:10)\n    at Object.fn (/usr/local/lib/node_modules/protractor/node_modules/jasmine-core/lib/jasmine-core/jasmine.js:4975:37)\n    at attemptAsync (/usr/local/lib/node_modules/protractor/node_modules/jasmine-core/lib/jasmine-core/jasmine.js:3945:24)\n    at QueueRunner.run (/usr/local/lib/node_modules/protractor/node_modules/jasmine-core/lib/jasmine-core/jasmine.js:3884:9)\n    at QueueRunner.execute (/usr/local/lib/node_modules/protractor/node_modules/jasmine-core/lib/jasmine-core/jasmine.js:3872:10)\nFrom asynchronous test: \nError\n    at Suite.describe (/Users/zac01/Documents/protractor/myswaastherp/Specs/signup-success.spec.js:500:5)\n    at addSpecsToSuite (/usr/local/lib/node_modules/protractor/node_modules/jasmine-core/lib/jasmine-core/jasmine.js:994:25)\n    at Env.describe (/usr/local/lib/node_modules/protractor/node_modules/jasmine-core/lib/jasmine-core/jasmine.js:961:7)\n    at describe (/usr/local/lib/node_modules/protractor/node_modules/jasmine-core/lib/jasmine-core/jasmine.js:4031:18)\n    at Object.<anonymous> (/Users/zac01/Documents/protractor/myswaastherp/Specs/signup-success.spec.js:499:1)\n    at Module._compile (module.js:571:32)\n    at Object.Module._extensions..js (module.js:580:10)\n    at Module.load (module.js:488:32)\n    at tryModuleLoad (module.js:447:12)"
      },
      "testCases" : [ {
        "uid" : "f5a92905f6c51f0c",
        "name" : "setting staff details with name and other details",
        "title" : "setting staff details with name and other details",
        "time" : {
          "start" : 1499014436869,
          "stop" : 1499014437219,
          "duration" : 350
        },
        "severity" : "NORMAL",
        "status" : "FAILED"
      } ]
    }, {
      "uid" : "a8c6861329505d58",
      "failure" : {
        "message" : "Failed: No element found using locator: by.buttonText(\"NEXT\")",
        "stackTrace" : "NoSuchElementError: No element found using locator: by.buttonText(\"NEXT\")\n    at elementArrayFinder.getWebElements.then (/usr/local/lib/node_modules/protractor/lib/element.ts:851:17)\n    at ManagedPromise.invokeCallback_ (/usr/local/lib/node_modules/protractor/node_modules/selenium-webdriver/lib/promise.js:1366:14)\n    at TaskQueue.execute_ (/usr/local/lib/node_modules/protractor/node_modules/selenium-webdriver/lib/promise.js:2970:14)\n    at TaskQueue.executeNext_ (/usr/local/lib/node_modules/protractor/node_modules/selenium-webdriver/lib/promise.js:2953:27)\n    at asyncRun (/usr/local/lib/node_modules/protractor/node_modules/selenium-webdriver/lib/promise.js:2813:27)\n    at /usr/local/lib/node_modules/protractor/node_modules/selenium-webdriver/lib/promise.js:676:7\n    at process._tickCallback (internal/process/next_tick.js:109:7)Error\n    at ElementArrayFinder.applyAction_ (/usr/local/lib/node_modules/protractor/lib/element.ts:482:23)\n    at ElementArrayFinder.(anonymous function).args [as click] (/usr/local/lib/node_modules/protractor/lib/element.ts:96:21)\n    at ElementFinder.(anonymous function).args [as click] (/usr/local/lib/node_modules/protractor/lib/element.ts:873:14)\n    at acceptStaff (/Users/zac01/Documents/protractor/myswaastherp/AddStaff/addStaff.js:93:23)\n    at Object.it (/Users/zac01/Documents/protractor/myswaastherp/Specs/signup-success.spec.js:510:23)\n    at /usr/local/lib/node_modules/protractor/node_modules/jasminewd2/index.js:112:25\n    at new ManagedPromise (/usr/local/lib/node_modules/protractor/node_modules/selenium-webdriver/lib/promise.js:1067:7)\n    at ControlFlow.promise (/usr/local/lib/node_modules/protractor/node_modules/selenium-webdriver/lib/promise.js:2396:12)\n    at schedulerExecute (/usr/local/lib/node_modules/protractor/node_modules/jasminewd2/index.js:95:18)\n    at TaskQueue.execute_ (/usr/local/lib/node_modules/protractor/node_modules/selenium-webdriver/lib/promise.js:2970:14)\nFrom: Task: Run it(\"should click on NEXT button\") in control flow\n    at Object.<anonymous> (/usr/local/lib/node_modules/protractor/node_modules/jasminewd2/index.js:94:19)\n    at attemptAsync (/usr/local/lib/node_modules/protractor/node_modules/jasmine-core/lib/jasmine-core/jasmine.js:3945:24)\n    at QueueRunner.run (/usr/local/lib/node_modules/protractor/node_modules/jasmine-core/lib/jasmine-core/jasmine.js:3884:9)\n    at QueueRunner.execute (/usr/local/lib/node_modules/protractor/node_modules/jasmine-core/lib/jasmine-core/jasmine.js:3872:10)\n    at Spec.queueRunnerFactory (/usr/local/lib/node_modules/protractor/node_modules/jasmine-core/lib/jasmine-core/jasmine.js:816:35)\n    at Spec.execute (/usr/local/lib/node_modules/protractor/node_modules/jasmine-core/lib/jasmine-core/jasmine.js:473:10)\n    at Object.fn (/usr/local/lib/node_modules/protractor/node_modules/jasmine-core/lib/jasmine-core/jasmine.js:4975:37)\n    at attemptAsync (/usr/local/lib/node_modules/protractor/node_modules/jasmine-core/lib/jasmine-core/jasmine.js:3945:24)\n    at QueueRunner.run (/usr/local/lib/node_modules/protractor/node_modules/jasmine-core/lib/jasmine-core/jasmine.js:3884:9)\n    at /usr/local/lib/node_modules/protractor/node_modules/jasmine-core/lib/jasmine-core/jasmine.js:3924:18\nFrom asynchronous test: \nError\n    at Suite.describe (/Users/zac01/Documents/protractor/myswaastherp/Specs/signup-success.spec.js:509:5)\n    at addSpecsToSuite (/usr/local/lib/node_modules/protractor/node_modules/jasmine-core/lib/jasmine-core/jasmine.js:994:25)\n    at Env.describe (/usr/local/lib/node_modules/protractor/node_modules/jasmine-core/lib/jasmine-core/jasmine.js:961:7)\n    at describe (/usr/local/lib/node_modules/protractor/node_modules/jasmine-core/lib/jasmine-core/jasmine.js:4031:18)\n    at Object.<anonymous> (/Users/zac01/Documents/protractor/myswaastherp/Specs/signup-success.spec.js:499:1)\n    at Module._compile (module.js:571:32)\n    at Object.Module._extensions..js (module.js:580:10)\n    at Module.load (module.js:488:32)\n    at tryModuleLoad (module.js:447:12)"
      },
      "testCases" : [ {
        "uid" : "ee726a4fd9d9e2ec",
        "name" : "should click on NEXT button",
        "title" : "should click on NEXT button",
        "time" : {
          "start" : 1499014437219,
          "stop" : 1499014437540,
          "duration" : 321
        },
        "severity" : "NORMAL",
        "status" : "FAILED"
      }, {
        "uid" : "dbee853daee9e7f7",
        "name" : "should click on Next Button",
        "title" : "should click on Next Button",
        "time" : {
          "start" : 1499014435907,
          "stop" : 1499014436212,
          "duration" : 305
        },
        "severity" : "NORMAL",
        "status" : "FAILED"
      } ]
    }, {
      "uid" : "33b654550eb89ebb",
      "failure" : {
        "message" : "Expected 'https://myswaastherp.sia.co.in/#/enter-details' to equal 'https://myswaastherp.sia.co.in/#/verification'.",
        "stackTrace" : "Error: Failed expectation\n    at verificationHeading.verifyURL (/Users/zac01/Documents/protractor/myswaastherp/VerificationPage/verificationpage.js:11:41)\n    at Object.it (/Users/zac01/Documents/protractor/myswaastherp/Specs/signup-success.spec.js:370:27)\n    at /usr/local/lib/node_modules/protractor/node_modules/jasminewd2/index.js:112:25\n    at new ManagedPromise (/usr/local/lib/node_modules/protractor/node_modules/selenium-webdriver/lib/promise.js:1067:7)\n    at ControlFlow.promise (/usr/local/lib/node_modules/protractor/node_modules/selenium-webdriver/lib/promise.js:2396:12)\n    at schedulerExecute (/usr/local/lib/node_modules/protractor/node_modules/jasminewd2/index.js:95:18)\n    at TaskQueue.execute_ (/usr/local/lib/node_modules/protractor/node_modules/selenium-webdriver/lib/promise.js:2970:14)\n    at TaskQueue.executeNext_ (/usr/local/lib/node_modules/protractor/node_modules/selenium-webdriver/lib/promise.js:2953:27)\n    at asyncRun (/usr/local/lib/node_modules/protractor/node_modules/selenium-webdriver/lib/promise.js:2860:25)"
      },
      "testCases" : [ {
        "uid" : "d98bae2bf3c5f23",
        "name" : "will verify the URL of verification page",
        "title" : "will verify the URL of verification page",
        "time" : {
          "start" : 1499014423858,
          "stop" : 1499014425335,
          "duration" : 1477
        },
        "severity" : "NORMAL",
        "status" : "FAILED"
      } ]
    }, {
      "uid" : "9dbdaa81813b7af5",
      "failure" : {
        "message" : "Failed: No element found using locator: by.buttonText(\"Logout\")",
        "stackTrace" : "NoSuchElementError: No element found using locator: by.buttonText(\"Logout\")\n    at elementArrayFinder.getWebElements.then (/usr/local/lib/node_modules/protractor/lib/element.ts:851:17)\n    at ManagedPromise.invokeCallback_ (/usr/local/lib/node_modules/protractor/node_modules/selenium-webdriver/lib/promise.js:1366:14)\n    at TaskQueue.execute_ (/usr/local/lib/node_modules/protractor/node_modules/selenium-webdriver/lib/promise.js:2970:14)\n    at TaskQueue.executeNext_ (/usr/local/lib/node_modules/protractor/node_modules/selenium-webdriver/lib/promise.js:2953:27)\n    at asyncRun (/usr/local/lib/node_modules/protractor/node_modules/selenium-webdriver/lib/promise.js:2813:27)\n    at /usr/local/lib/node_modules/protractor/node_modules/selenium-webdriver/lib/promise.js:676:7\n    at process._tickCallback (internal/process/next_tick.js:109:7)Error\n    at ElementArrayFinder.applyAction_ (/usr/local/lib/node_modules/protractor/lib/element.ts:482:23)\n    at ElementArrayFinder.(anonymous function).args [as click] (/usr/local/lib/node_modules/protractor/lib/element.ts:96:21)\n    at ElementFinder.(anonymous function).args [as click] (/usr/local/lib/node_modules/protractor/lib/element.ts:873:14)\n    at LogoutVerify.clickLogoutBtn (/Users/zac01/Documents/protractor/myswaastherp/VerificationPage/verificationpage.js:41:24)\n    at Object.it (/Users/zac01/Documents/protractor/myswaastherp/Specs/signup-success.spec.js:392:20)\n    at /usr/local/lib/node_modules/protractor/node_modules/jasminewd2/index.js:112:25\n    at new ManagedPromise (/usr/local/lib/node_modules/protractor/node_modules/selenium-webdriver/lib/promise.js:1067:7)\n    at ControlFlow.promise (/usr/local/lib/node_modules/protractor/node_modules/selenium-webdriver/lib/promise.js:2396:12)\n    at schedulerExecute (/usr/local/lib/node_modules/protractor/node_modules/jasminewd2/index.js:95:18)\n    at TaskQueue.execute_ (/usr/local/lib/node_modules/protractor/node_modules/selenium-webdriver/lib/promise.js:2970:14)\nFrom: Task: Run it(\"clicks on Logout Button\") in control flow\n    at Object.<anonymous> (/usr/local/lib/node_modules/protractor/node_modules/jasminewd2/index.js:94:19)\n    at attemptAsync (/usr/local/lib/node_modules/protractor/node_modules/jasmine-core/lib/jasmine-core/jasmine.js:3945:24)\n    at QueueRunner.run (/usr/local/lib/node_modules/protractor/node_modules/jasmine-core/lib/jasmine-core/jasmine.js:3884:9)\n    at QueueRunner.execute (/usr/local/lib/node_modules/protractor/node_modules/jasmine-core/lib/jasmine-core/jasmine.js:3872:10)\n    at Spec.queueRunnerFactory (/usr/local/lib/node_modules/protractor/node_modules/jasmine-core/lib/jasmine-core/jasmine.js:816:35)\n    at Spec.execute (/usr/local/lib/node_modules/protractor/node_modules/jasmine-core/lib/jasmine-core/jasmine.js:473:10)\n    at Object.fn (/usr/local/lib/node_modules/protractor/node_modules/jasmine-core/lib/jasmine-core/jasmine.js:4975:37)\n    at attemptAsync (/usr/local/lib/node_modules/protractor/node_modules/jasmine-core/lib/jasmine-core/jasmine.js:3945:24)\n    at QueueRunner.run (/usr/local/lib/node_modules/protractor/node_modules/jasmine-core/lib/jasmine-core/jasmine.js:3884:9)\n    at QueueRunner.execute (/usr/local/lib/node_modules/protractor/node_modules/jasmine-core/lib/jasmine-core/jasmine.js:3872:10)\nFrom asynchronous test: \nError\n    at Suite.describe (/Users/zac01/Documents/protractor/myswaastherp/Specs/signup-success.spec.js:391:5)\n    at addSpecsToSuite (/usr/local/lib/node_modules/protractor/node_modules/jasmine-core/lib/jasmine-core/jasmine.js:994:25)\n    at Env.describe (/usr/local/lib/node_modules/protractor/node_modules/jasmine-core/lib/jasmine-core/jasmine.js:961:7)\n    at describe (/usr/local/lib/node_modules/protractor/node_modules/jasmine-core/lib/jasmine-core/jasmine.js:4031:18)\n    at Object.<anonymous> (/Users/zac01/Documents/protractor/myswaastherp/Specs/signup-success.spec.js:389:1)\n    at Module._compile (module.js:571:32)\n    at Object.Module._extensions..js (module.js:580:10)\n    at Module.load (module.js:488:32)\n    at tryModuleLoad (module.js:447:12)"
      },
      "testCases" : [ {
        "uid" : "3a8881d1cf595440",
        "name" : "clicks on Logout Button",
        "title" : "clicks on Logout Button",
        "time" : {
          "start" : 1499014430457,
          "stop" : 1499014430945,
          "duration" : 488
        },
        "severity" : "NORMAL",
        "status" : "FAILED"
      } ]
    }, {
      "uid" : "ff61ecd9d9949e17",
      "failure" : {
        "message" : "Expected 'https://myswaastherp.sia.co.in/#/enter-details' to equal 'https://myswaastherp.sia.co.in/#/login'.",
        "stackTrace" : "Error: Failed expectation\n    at LogoutVerify.verifyLoggedOut (/Users/zac01/Documents/protractor/myswaastherp/VerificationPage/verificationpage.js:46:41)\n    at Object.it (/Users/zac01/Documents/protractor/myswaastherp/Specs/signup-success.spec.js:397:20)\n    at /usr/local/lib/node_modules/protractor/node_modules/jasminewd2/index.js:112:25\n    at new ManagedPromise (/usr/local/lib/node_modules/protractor/node_modules/selenium-webdriver/lib/promise.js:1067:7)\n    at ControlFlow.promise (/usr/local/lib/node_modules/protractor/node_modules/selenium-webdriver/lib/promise.js:2396:12)\n    at schedulerExecute (/usr/local/lib/node_modules/protractor/node_modules/jasminewd2/index.js:95:18)\n    at TaskQueue.execute_ (/usr/local/lib/node_modules/protractor/node_modules/selenium-webdriver/lib/promise.js:2970:14)\n    at TaskQueue.executeNext_ (/usr/local/lib/node_modules/protractor/node_modules/selenium-webdriver/lib/promise.js:2953:27)\n    at asyncRun (/usr/local/lib/node_modules/protractor/node_modules/selenium-webdriver/lib/promise.js:2860:25)"
      },
      "testCases" : [ {
        "uid" : "63d7f284d432061c",
        "name" : "is logged out",
        "title" : "is logged out",
        "time" : {
          "start" : 1499014430945,
          "stop" : 1499014432391,
          "duration" : 1446
        },
        "severity" : "NORMAL",
        "status" : "FAILED"
      } ]
    }, {
      "uid" : "ff0d6d91252a51f5",
      "failure" : {
        "message" : "Expected 'Enter Clinic Details' to equal 'Verification Pending'.",
        "stackTrace" : "Error: Failed expectation\n    at /Users/zac01/Documents/protractor/myswaastherp/VerificationPage/verificationpage.js:20:26\n    at elementArrayFinder_.then (/usr/local/lib/node_modules/protractor/lib/element.ts:840:22)\n    at ManagedPromise.invokeCallback_ (/usr/local/lib/node_modules/protractor/node_modules/selenium-webdriver/lib/promise.js:1366:14)\n    at TaskQueue.execute_ (/usr/local/lib/node_modules/protractor/node_modules/selenium-webdriver/lib/promise.js:2970:14)\n    at TaskQueue.executeNext_ (/usr/local/lib/node_modules/protractor/node_modules/selenium-webdriver/lib/promise.js:2953:27)\n    at asyncRun (/usr/local/lib/node_modules/protractor/node_modules/selenium-webdriver/lib/promise.js:2813:27)\n    at /usr/local/lib/node_modules/protractor/node_modules/selenium-webdriver/lib/promise.js:676:7\n    at process._tickCallback (internal/process/next_tick.js:109:7)"
      },
      "testCases" : [ {
        "uid" : "81ac2c80280afa55",
        "name" : "should match the verification heading text",
        "title" : "should match the verification heading text",
        "time" : {
          "start" : 1499014425336,
          "stop" : 1499014427878,
          "duration" : 2542
        },
        "severity" : "NORMAL",
        "status" : "FAILED"
      } ]
    }, {
      "uid" : "37b0cf519af996dd",
      "failure" : {
        "message" : "Expected 'http://apiv4.sia.co.in/mahaflox/facilities/main_facilities/' to equal 'https://myswaastherp.sia.co.in/#/login'.",
        "stackTrace" : "Error: Failed expectation\n    at loginFunction.verifyLoginUrl (/Users/zac01/Documents/protractor/myswaastherp/Login/login.js:11:21)\n    at Object.it (/Users/zac01/Documents/protractor/myswaastherp/Specs/signup-success.spec.js:443:21)\n    at /usr/local/lib/node_modules/protractor/node_modules/jasminewd2/index.js:112:25\n    at new ManagedPromise (/usr/local/lib/node_modules/protractor/node_modules/selenium-webdriver/lib/promise.js:1067:7)\n    at ControlFlow.promise (/usr/local/lib/node_modules/protractor/node_modules/selenium-webdriver/lib/promise.js:2396:12)\n    at schedulerExecute (/usr/local/lib/node_modules/protractor/node_modules/jasminewd2/index.js:95:18)\n    at TaskQueue.execute_ (/usr/local/lib/node_modules/protractor/node_modules/selenium-webdriver/lib/promise.js:2970:14)\n    at TaskQueue.executeNext_ (/usr/local/lib/node_modules/protractor/node_modules/selenium-webdriver/lib/promise.js:2953:27)\n    at asyncRun (/usr/local/lib/node_modules/protractor/node_modules/selenium-webdriver/lib/promise.js:2860:25)"
      },
      "testCases" : [ {
        "uid" : "942d20128e5a3072",
        "name" : "verify user is on the Login page",
        "title" : "verify user is on the Login page",
        "time" : {
          "start" : 1499014434357,
          "stop" : 1499014434651,
          "duration" : 294
        },
        "severity" : "NORMAL",
        "status" : "FAILED"
      } ]
    }, {
      "uid" : "837b372efc9202e",
      "failure" : {
        "message" : "Failed: No element found using locator: By(css selector, [ng-reflect-name=\"email\"])",
        "stackTrace" : "NoSuchElementError: No element found using locator: By(css selector, [ng-reflect-name=\"email\"])\n    at elementArrayFinder.getWebElements.then (/usr/local/lib/node_modules/protractor/lib/element.ts:851:17)\n    at ManagedPromise.invokeCallback_ (/usr/local/lib/node_modules/protractor/node_modules/selenium-webdriver/lib/promise.js:1366:14)\n    at TaskQueue.execute_ (/usr/local/lib/node_modules/protractor/node_modules/selenium-webdriver/lib/promise.js:2970:14)\n    at TaskQueue.executeNext_ (/usr/local/lib/node_modules/protractor/node_modules/selenium-webdriver/lib/promise.js:2953:27)\n    at asyncRun (/usr/local/lib/node_modules/protractor/node_modules/selenium-webdriver/lib/promise.js:2813:27)\n    at /usr/local/lib/node_modules/protractor/node_modules/selenium-webdriver/lib/promise.js:676:7\n    at process._tickCallback (internal/process/next_tick.js:109:7)Error\n    at ElementArrayFinder.applyAction_ (/usr/local/lib/node_modules/protractor/lib/element.ts:482:23)\n    at ElementArrayFinder.(anonymous function).args [as sendKeys] (/usr/local/lib/node_modules/protractor/lib/element.ts:96:21)\n    at ElementFinder.(anonymous function).args [as sendKeys] (/usr/local/lib/node_modules/protractor/lib/element.ts:873:14)\n    at loginFunction.getLoginEmail (/Users/zac01/Documents/protractor/myswaastherp/Login/login.js:16:25)\n    at Object.it (/Users/zac01/Documents/protractor/myswaastherp/Specs/signup-success.spec.js:448:21)\n    at /usr/local/lib/node_modules/protractor/node_modules/jasminewd2/index.js:112:25\n    at new ManagedPromise (/usr/local/lib/node_modules/protractor/node_modules/selenium-webdriver/lib/promise.js:1067:7)\n    at ControlFlow.promise (/usr/local/lib/node_modules/protractor/node_modules/selenium-webdriver/lib/promise.js:2396:12)\n    at schedulerExecute (/usr/local/lib/node_modules/protractor/node_modules/jasminewd2/index.js:95:18)\n    at TaskQueue.execute_ (/usr/local/lib/node_modules/protractor/node_modules/selenium-webdriver/lib/promise.js:2970:14)\nFrom: Task: Run it(\"sets the username for login\") in control flow\n    at Object.<anonymous> (/usr/local/lib/node_modules/protractor/node_modules/jasminewd2/index.js:94:19)\n    at attemptAsync (/usr/local/lib/node_modules/protractor/node_modules/jasmine-core/lib/jasmine-core/jasmine.js:3945:24)\n    at QueueRunner.run (/usr/local/lib/node_modules/protractor/node_modules/jasmine-core/lib/jasmine-core/jasmine.js:3884:9)\n    at QueueRunner.execute (/usr/local/lib/node_modules/protractor/node_modules/jasmine-core/lib/jasmine-core/jasmine.js:3872:10)\n    at Spec.queueRunnerFactory (/usr/local/lib/node_modules/protractor/node_modules/jasmine-core/lib/jasmine-core/jasmine.js:816:35)\n    at Spec.execute (/usr/local/lib/node_modules/protractor/node_modules/jasmine-core/lib/jasmine-core/jasmine.js:473:10)\n    at Object.fn (/usr/local/lib/node_modules/protractor/node_modules/jasmine-core/lib/jasmine-core/jasmine.js:4975:37)\n    at attemptAsync (/usr/local/lib/node_modules/protractor/node_modules/jasmine-core/lib/jasmine-core/jasmine.js:3945:24)\n    at QueueRunner.run (/usr/local/lib/node_modules/protractor/node_modules/jasmine-core/lib/jasmine-core/jasmine.js:3884:9)\n    at /usr/local/lib/node_modules/protractor/node_modules/jasmine-core/lib/jasmine-core/jasmine.js:3924:18\nFrom asynchronous test: \nError\n    at Suite.describe (/Users/zac01/Documents/protractor/myswaastherp/Specs/signup-success.spec.js:447:4)\n    at addSpecsToSuite (/usr/local/lib/node_modules/protractor/node_modules/jasmine-core/lib/jasmine-core/jasmine.js:994:25)\n    at Env.describe (/usr/local/lib/node_modules/protractor/node_modules/jasmine-core/lib/jasmine-core/jasmine.js:961:7)\n    at describe (/usr/local/lib/node_modules/protractor/node_modules/jasmine-core/lib/jasmine-core/jasmine.js:4031:18)\n    at Object.<anonymous> (/Users/zac01/Documents/protractor/myswaastherp/Specs/signup-success.spec.js:440:1)\n    at Module._compile (module.js:571:32)\n    at Object.Module._extensions..js (module.js:580:10)\n    at Module.load (module.js:488:32)\n    at tryModuleLoad (module.js:447:12)"
      },
      "testCases" : [ {
        "uid" : "791091f4628e96b8",
        "name" : "sets the username for login",
        "title" : "sets the username for login",
        "time" : {
          "start" : 1499014434651,
          "stop" : 1499014434962,
          "duration" : 311
        },
        "severity" : "NORMAL",
        "status" : "FAILED"
      } ]
    }, {
      "uid" : "91c16340ee754976",
      "failure" : {
        "message" : "Failed: No element found using locator: By(css selector, [formcontrolname=\"password\"])",
        "stackTrace" : "NoSuchElementError: No element found using locator: By(css selector, [formcontrolname=\"password\"])\n    at elementArrayFinder.getWebElements.then (/usr/local/lib/node_modules/protractor/lib/element.ts:851:17)\n    at ManagedPromise.invokeCallback_ (/usr/local/lib/node_modules/protractor/node_modules/selenium-webdriver/lib/promise.js:1366:14)\n    at TaskQueue.execute_ (/usr/local/lib/node_modules/protractor/node_modules/selenium-webdriver/lib/promise.js:2970:14)\n    at TaskQueue.executeNext_ (/usr/local/lib/node_modules/protractor/node_modules/selenium-webdriver/lib/promise.js:2953:27)\n    at asyncRun (/usr/local/lib/node_modules/protractor/node_modules/selenium-webdriver/lib/promise.js:2813:27)\n    at /usr/local/lib/node_modules/protractor/node_modules/selenium-webdriver/lib/promise.js:676:7\n    at process._tickCallback (internal/process/next_tick.js:109:7)Error\n    at ElementArrayFinder.applyAction_ (/usr/local/lib/node_modules/protractor/lib/element.ts:482:23)\n    at ElementArrayFinder.(anonymous function).args [as sendKeys] (/usr/local/lib/node_modules/protractor/lib/element.ts:96:21)\n    at ElementFinder.(anonymous function).args [as sendKeys] (/usr/local/lib/node_modules/protractor/lib/element.ts:873:14)\n    at loginFunction.sendPassword (/Users/zac01/Documents/protractor/myswaastherp/Login/login.js:22:28)\n    at Object.it (/Users/zac01/Documents/protractor/myswaastherp/Specs/signup-success.spec.js:453:21)\n    at /usr/local/lib/node_modules/protractor/node_modules/jasminewd2/index.js:112:25\n    at new ManagedPromise (/usr/local/lib/node_modules/protractor/node_modules/selenium-webdriver/lib/promise.js:1067:7)\n    at ControlFlow.promise (/usr/local/lib/node_modules/protractor/node_modules/selenium-webdriver/lib/promise.js:2396:12)\n    at schedulerExecute (/usr/local/lib/node_modules/protractor/node_modules/jasminewd2/index.js:95:18)\n    at TaskQueue.execute_ (/usr/local/lib/node_modules/protractor/node_modules/selenium-webdriver/lib/promise.js:2970:14)\nFrom: Task: Run it(\"sets the password for login\") in control flow\n    at Object.<anonymous> (/usr/local/lib/node_modules/protractor/node_modules/jasminewd2/index.js:94:19)\n    at attemptAsync (/usr/local/lib/node_modules/protractor/node_modules/jasmine-core/lib/jasmine-core/jasmine.js:3945:24)\n    at QueueRunner.run (/usr/local/lib/node_modules/protractor/node_modules/jasmine-core/lib/jasmine-core/jasmine.js:3884:9)\n    at QueueRunner.execute (/usr/local/lib/node_modules/protractor/node_modules/jasmine-core/lib/jasmine-core/jasmine.js:3872:10)\n    at Spec.queueRunnerFactory (/usr/local/lib/node_modules/protractor/node_modules/jasmine-core/lib/jasmine-core/jasmine.js:816:35)\n    at Spec.execute (/usr/local/lib/node_modules/protractor/node_modules/jasmine-core/lib/jasmine-core/jasmine.js:473:10)\n    at Object.fn (/usr/local/lib/node_modules/protractor/node_modules/jasmine-core/lib/jasmine-core/jasmine.js:4975:37)\n    at attemptAsync (/usr/local/lib/node_modules/protractor/node_modules/jasmine-core/lib/jasmine-core/jasmine.js:3945:24)\n    at QueueRunner.run (/usr/local/lib/node_modules/protractor/node_modules/jasmine-core/lib/jasmine-core/jasmine.js:3884:9)\n    at /usr/local/lib/node_modules/protractor/node_modules/jasmine-core/lib/jasmine-core/jasmine.js:3924:18\nFrom asynchronous test: \nError\n    at Suite.describe (/Users/zac01/Documents/protractor/myswaastherp/Specs/signup-success.spec.js:452:4)\n    at addSpecsToSuite (/usr/local/lib/node_modules/protractor/node_modules/jasmine-core/lib/jasmine-core/jasmine.js:994:25)\n    at Env.describe (/usr/local/lib/node_modules/protractor/node_modules/jasmine-core/lib/jasmine-core/jasmine.js:961:7)\n    at describe (/usr/local/lib/node_modules/protractor/node_modules/jasmine-core/lib/jasmine-core/jasmine.js:4031:18)\n    at Object.<anonymous> (/Users/zac01/Documents/protractor/myswaastherp/Specs/signup-success.spec.js:440:1)\n    at Module._compile (module.js:571:32)\n    at Object.Module._extensions..js (module.js:580:10)\n    at Module.load (module.js:488:32)\n    at tryModuleLoad (module.js:447:12)"
      },
      "testCases" : [ {
        "uid" : "2043025fd43c91ee",
        "name" : "sets the password for login",
        "title" : "sets the password for login",
        "time" : {
          "start" : 1499014434963,
          "stop" : 1499014435281,
          "duration" : 318
        },
        "severity" : "NORMAL",
        "status" : "FAILED"
      } ]
    }, {
      "uid" : "874a8badd9b839d9",
      "failure" : {
        "message" : "Failed: No element found using locator: by.buttonText(\"SIGN IN\")",
        "stackTrace" : "NoSuchElementError: No element found using locator: by.buttonText(\"SIGN IN\")\n    at elementArrayFinder.getWebElements.then (/usr/local/lib/node_modules/protractor/lib/element.ts:851:17)\n    at ManagedPromise.invokeCallback_ (/usr/local/lib/node_modules/protractor/node_modules/selenium-webdriver/lib/promise.js:1366:14)\n    at TaskQueue.execute_ (/usr/local/lib/node_modules/protractor/node_modules/selenium-webdriver/lib/promise.js:2970:14)\n    at TaskQueue.executeNext_ (/usr/local/lib/node_modules/protractor/node_modules/selenium-webdriver/lib/promise.js:2953:27)\n    at asyncRun (/usr/local/lib/node_modules/protractor/node_modules/selenium-webdriver/lib/promise.js:2813:27)\n    at /usr/local/lib/node_modules/protractor/node_modules/selenium-webdriver/lib/promise.js:676:7\n    at process._tickCallback (internal/process/next_tick.js:109:7)Error\n    at ElementArrayFinder.applyAction_ (/usr/local/lib/node_modules/protractor/lib/element.ts:482:23)\n    at ElementArrayFinder.(anonymous function).args [as click] (/usr/local/lib/node_modules/protractor/lib/element.ts:96:21)\n    at ElementFinder.(anonymous function).args [as click] (/usr/local/lib/node_modules/protractor/lib/element.ts:873:14)\n    at loginFunction.clickButton (/Users/zac01/Documents/protractor/myswaastherp/Login/login.js:29:18)\n    at Object.it (/Users/zac01/Documents/protractor/myswaastherp/Specs/signup-success.spec.js:458:21)\n    at /usr/local/lib/node_modules/protractor/node_modules/jasminewd2/index.js:112:25\n    at new ManagedPromise (/usr/local/lib/node_modules/protractor/node_modules/selenium-webdriver/lib/promise.js:1067:7)\n    at ControlFlow.promise (/usr/local/lib/node_modules/protractor/node_modules/selenium-webdriver/lib/promise.js:2396:12)\n    at schedulerExecute (/usr/local/lib/node_modules/protractor/node_modules/jasminewd2/index.js:95:18)\n    at TaskQueue.execute_ (/usr/local/lib/node_modules/protractor/node_modules/selenium-webdriver/lib/promise.js:2970:14)\nFrom: Task: Run it(\"clicks on Sign In Button\") in control flow\n    at Object.<anonymous> (/usr/local/lib/node_modules/protractor/node_modules/jasminewd2/index.js:94:19)\n    at attemptAsync (/usr/local/lib/node_modules/protractor/node_modules/jasmine-core/lib/jasmine-core/jasmine.js:3945:24)\n    at QueueRunner.run (/usr/local/lib/node_modules/protractor/node_modules/jasmine-core/lib/jasmine-core/jasmine.js:3884:9)\n    at QueueRunner.execute (/usr/local/lib/node_modules/protractor/node_modules/jasmine-core/lib/jasmine-core/jasmine.js:3872:10)\n    at Spec.queueRunnerFactory (/usr/local/lib/node_modules/protractor/node_modules/jasmine-core/lib/jasmine-core/jasmine.js:816:35)\n    at Spec.execute (/usr/local/lib/node_modules/protractor/node_modules/jasmine-core/lib/jasmine-core/jasmine.js:473:10)\n    at Object.fn (/usr/local/lib/node_modules/protractor/node_modules/jasmine-core/lib/jasmine-core/jasmine.js:4975:37)\n    at attemptAsync (/usr/local/lib/node_modules/protractor/node_modules/jasmine-core/lib/jasmine-core/jasmine.js:3945:24)\n    at QueueRunner.run (/usr/local/lib/node_modules/protractor/node_modules/jasmine-core/lib/jasmine-core/jasmine.js:3884:9)\n    at /usr/local/lib/node_modules/protractor/node_modules/jasmine-core/lib/jasmine-core/jasmine.js:3924:18\nFrom asynchronous test: \nError\n    at Suite.describe (/Users/zac01/Documents/protractor/myswaastherp/Specs/signup-success.spec.js:457:4)\n    at addSpecsToSuite (/usr/local/lib/node_modules/protractor/node_modules/jasmine-core/lib/jasmine-core/jasmine.js:994:25)\n    at Env.describe (/usr/local/lib/node_modules/protractor/node_modules/jasmine-core/lib/jasmine-core/jasmine.js:961:7)\n    at describe (/usr/local/lib/node_modules/protractor/node_modules/jasmine-core/lib/jasmine-core/jasmine.js:4031:18)\n    at Object.<anonymous> (/Users/zac01/Documents/protractor/myswaastherp/Specs/signup-success.spec.js:440:1)\n    at Module._compile (module.js:571:32)\n    at Object.Module._extensions..js (module.js:580:10)\n    at Module.load (module.js:488:32)\n    at tryModuleLoad (module.js:447:12)"
      },
      "testCases" : [ {
        "uid" : "21a69f5fd43eb0ad",
        "name" : "clicks on Sign In Button",
        "title" : "clicks on Sign In Button",
        "time" : {
          "start" : 1499014435281,
          "stop" : 1499014435584,
          "duration" : 303
        },
        "severity" : "NORMAL",
        "status" : "FAILED"
      } ]
    }, {
      "uid" : "99739d0310847585",
      "failure" : {
        "message" : "Failed: No element found using locator: By(css selector, [formcontrolname=\"c_name\"])",
        "stackTrace" : "NoSuchElementError: No element found using locator: By(css selector, [formcontrolname=\"c_name\"])\n    at elementArrayFinder.getWebElements.then (/usr/local/lib/node_modules/protractor/lib/element.ts:851:17)\n    at ManagedPromise.invokeCallback_ (/usr/local/lib/node_modules/protractor/node_modules/selenium-webdriver/lib/promise.js:1366:14)\n    at TaskQueue.execute_ (/usr/local/lib/node_modules/protractor/node_modules/selenium-webdriver/lib/promise.js:2970:14)\n    at TaskQueue.executeNext_ (/usr/local/lib/node_modules/protractor/node_modules/selenium-webdriver/lib/promise.js:2953:27)\n    at asyncRun (/usr/local/lib/node_modules/protractor/node_modules/selenium-webdriver/lib/promise.js:2813:27)\n    at /usr/local/lib/node_modules/protractor/node_modules/selenium-webdriver/lib/promise.js:676:7\n    at process._tickCallback (internal/process/next_tick.js:109:7)Error\n    at ElementArrayFinder.applyAction_ (/usr/local/lib/node_modules/protractor/lib/element.ts:482:23)\n    at ElementArrayFinder.(anonymous function).args [as sendKeys] (/usr/local/lib/node_modules/protractor/lib/element.ts:96:21)\n    at ElementFinder.(anonymous function).args [as sendKeys] (/usr/local/lib/node_modules/protractor/lib/element.ts:873:14)\n    at ClinicDetails.setclinicName (/Users/zac01/Documents/protractor/myswaastherp/Clinic_details/clinicdetails.js:18:25)\n    at Object.it (/Users/zac01/Documents/protractor/myswaastherp/Specs/signup-success.spec.js:301:28)\n    at /usr/local/lib/node_modules/protractor/node_modules/jasminewd2/index.js:112:25\n    at new ManagedPromise (/usr/local/lib/node_modules/protractor/node_modules/selenium-webdriver/lib/promise.js:1067:7)\n    at ControlFlow.promise (/usr/local/lib/node_modules/protractor/node_modules/selenium-webdriver/lib/promise.js:2396:12)\n    at schedulerExecute (/usr/local/lib/node_modules/protractor/node_modules/jasminewd2/index.js:95:18)\n    at TaskQueue.execute_ (/usr/local/lib/node_modules/protractor/node_modules/selenium-webdriver/lib/promise.js:2970:14)\nFrom: Task: Run it(\"enters the clinic name\") in control flow\n    at Object.<anonymous> (/usr/local/lib/node_modules/protractor/node_modules/jasminewd2/index.js:94:19)\n    at attemptAsync (/usr/local/lib/node_modules/protractor/node_modules/jasmine-core/lib/jasmine-core/jasmine.js:3945:24)\n    at QueueRunner.run (/usr/local/lib/node_modules/protractor/node_modules/jasmine-core/lib/jasmine-core/jasmine.js:3884:9)\n    at QueueRunner.execute (/usr/local/lib/node_modules/protractor/node_modules/jasmine-core/lib/jasmine-core/jasmine.js:3872:10)\n    at Spec.queueRunnerFactory (/usr/local/lib/node_modules/protractor/node_modules/jasmine-core/lib/jasmine-core/jasmine.js:816:35)\n    at Spec.execute (/usr/local/lib/node_modules/protractor/node_modules/jasmine-core/lib/jasmine-core/jasmine.js:473:10)\n    at Object.fn (/usr/local/lib/node_modules/protractor/node_modules/jasmine-core/lib/jasmine-core/jasmine.js:4975:37)\n    at attemptAsync (/usr/local/lib/node_modules/protractor/node_modules/jasmine-core/lib/jasmine-core/jasmine.js:3945:24)\n    at QueueRunner.run (/usr/local/lib/node_modules/protractor/node_modules/jasmine-core/lib/jasmine-core/jasmine.js:3884:9)\n    at QueueRunner.execute (/usr/local/lib/node_modules/protractor/node_modules/jasmine-core/lib/jasmine-core/jasmine.js:3872:10)\nFrom asynchronous test: \nError\n    at Suite.describe (/Users/zac01/Documents/protractor/myswaastherp/Specs/signup-success.spec.js:300:5)\n    at addSpecsToSuite (/usr/local/lib/node_modules/protractor/node_modules/jasmine-core/lib/jasmine-core/jasmine.js:994:25)\n    at Env.describe (/usr/local/lib/node_modules/protractor/node_modules/jasmine-core/lib/jasmine-core/jasmine.js:961:7)\n    at describe (/usr/local/lib/node_modules/protractor/node_modules/jasmine-core/lib/jasmine-core/jasmine.js:4031:18)\n    at Object.<anonymous> (/Users/zac01/Documents/protractor/myswaastherp/Specs/signup-success.spec.js:298:1)\n    at Module._compile (module.js:571:32)\n    at Object.Module._extensions..js (module.js:580:10)\n    at Module.load (module.js:488:32)\n    at tryModuleLoad (module.js:447:12)"
      },
      "testCases" : [ {
        "uid" : "3a4dc4c56d7e9598",
        "name" : "enters the clinic name",
        "title" : "enters the clinic name",
        "time" : {
          "start" : 1499014411587,
          "stop" : 1499014411919,
          "duration" : 332
        },
        "severity" : "NORMAL",
        "status" : "FAILED"
      } ]
    } ]
  }, {
    "title" : "Test defects",
    "status" : "BROKEN",
    "defects" : [ ]
  } ]
}